{"level":"info","message":"POST /api/upload 400 2.085 ms - 66","timestamp":"2023-06-24T14:02:30.810Z"}
{"level":"info","message":"POST /api/upload 400 2.278 ms - 66","timestamp":"2023-06-24T14:20:06.613Z"}
{"level":"info","message":"conexion - Conexión establecida","timestamp":"2023-06-24T14:20:55.825Z"}
{"level":"info","message":"POST /api/upload 400 13.696 ms - 66","timestamp":"2023-06-24T14:21:09.223Z"}
{"level":"info","message":"conexion - Conexión establecida","timestamp":"2023-06-24T14:21:19.565Z"}
{"level":"info","message":"POST /api/upload 400 8.977 ms - 66","timestamp":"2023-06-24T14:21:23.552Z"}
{"level":"info","message":"conexion - Conexión establecida","timestamp":"2023-06-24T14:22:22.096Z"}
{"level":"info","message":"POST /api/upload 400 10.369 ms - 66","timestamp":"2023-06-24T14:22:27.370Z"}
{"level":"info","message":"POST /api/upload 400 2.132 ms - 66","timestamp":"2023-06-24T14:27:55.708Z"}
{"level":"info","message":"conexion - Conexión establecida","timestamp":"2023-06-24T14:28:08.741Z"}
{"level":"info","message":"POST /api/upload 400 8.414 ms - 66","timestamp":"2023-06-24T14:28:31.471Z"}
{"level":"info","message":"conexion - Conexión establecida","timestamp":"2023-06-24T14:29:22.581Z"}
{"level":"info","message":"POST /api/upload 400 8.353 ms - 66","timestamp":"2023-06-24T14:29:32.787Z"}
{"level":"info","message":"conexion - Conexión establecida","timestamp":"2023-06-24T14:38:03.178Z"}
{"level":"info","message":"POST /api/upload 400 8.560 ms - 66","timestamp":"2023-06-24T14:38:15.093Z"}
{"level":"info","message":"POST /api/upload 400 1.942 ms - 66","timestamp":"2023-06-24T14:52:29.661Z"}
{"level":"info","message":"conexion - Conexión establecida","timestamp":"2023-06-24T14:54:30.446Z"}
{"level":"info","message":"POST /api/upload 400 8.104 ms - 66","timestamp":"2023-06-24T14:54:46.481Z"}
{"level":"info","message":"conexion - Conexión establecida","timestamp":"2023-06-24T14:55:07.869Z"}
{"level":"info","message":"POST /api/upload 400 12.204 ms - 66","timestamp":"2023-06-24T14:56:24.741Z"}
{"level":"info","message":"POST /api/upload 400 2.640 ms - 66","timestamp":"2023-06-24T14:56:30.580Z"}
{"level":"info","message":"POST /api/upload 400 2.411 ms - 66","timestamp":"2023-06-24T14:56:35.842Z"}
{"level":"info","message":"POST /api/upload 400 2.554 ms - 66","timestamp":"2023-06-24T15:01:26.824Z"}
{"level":"info","message":"POST /api/upload 400 1.959 ms - 66","timestamp":"2023-06-24T15:02:02.995Z"}
{"level":"info","message":"conexion - Conexión establecida","timestamp":"2023-06-24T15:05:51.018Z"}
{"level":"info","message":"POST /api/upload 200 9.889 ms - 43","timestamp":"2023-06-24T15:05:57.053Z"}
{"level":"info","message":"OPTIONS /api/listar_slides 204 0.823 ms - 0","timestamp":"2023-06-24T15:13:41.796Z"}
{"level":"info","message":"GET /api/listar_slides 200 10.644 ms - 186","timestamp":"2023-06-24T15:13:41.811Z"}
{"level":"info","message":"OPTIONS /api/upload 204 0.482 ms - 0","timestamp":"2023-06-24T15:13:54.877Z"}
{"level":"info","message":"POST /api/upload 200 2.751 ms - 43","timestamp":"2023-06-24T15:13:54.887Z"}
{"level":"info","message":"OPTIONS /api/listar_slides 204 0.123 ms - 0","timestamp":"2023-06-24T15:13:54.889Z"}
{"level":"info","message":"GET /api/listar_slides 200 0.744 ms - 245","timestamp":"2023-06-24T15:13:54.892Z"}
{"level":"info","message":"OPTIONS /api/delete/undefined 204 0.143 ms - 0","timestamp":"2023-06-24T15:14:08.129Z"}
{"level":"info","message":"DELETE /api/delete/undefined 404 0.926 ms - 31","timestamp":"2023-06-24T15:14:08.131Z"}
{"level":"info","message":"conexion - Conexión establecida","timestamp":"2023-06-24T15:15:15.810Z"}
{"level":"info","message":"conexion - Conexión establecida","timestamp":"2023-06-24T15:16:22.230Z"}
{"level":"info","message":"OPTIONS /api/listar_slides 204 1.443 ms - 0","timestamp":"2023-06-24T15:16:45.671Z"}
{"level":"info","message":"GET /api/listar_slides 304 9.173 ms - -","timestamp":"2023-06-24T15:16:45.688Z"}
{"level":"info","message":"OPTIONS /api/delete/undefined 204 0.543 ms - 0","timestamp":"2023-06-24T15:16:47.853Z"}
{"level":"info","message":"DELETE /api/delete/undefined 404 2.546 ms - 31","timestamp":"2023-06-24T15:16:47.859Z"}
{"level":"info","message":"conexion - Conexión establecida","timestamp":"2023-06-24T15:24:09.084Z"}
{"level":"info","message":"GET /api/listar_slides2 200 4.499 ms - 245","timestamp":"2023-06-24T15:24:47.753Z"}
{"level":"info","message":"conexion - Conexión establecida","timestamp":"2023-06-24T15:32:42.042Z"}
{"level":"info","message":"conexion - Conexión establecida","timestamp":"2023-06-24T15:33:05.001Z"}
{"level":"info","message":"conexion - Conexión establecida","timestamp":"2023-06-24T15:33:10.932Z"}
{"level":"info","message":"GET /api/listar_slides2 200 4.950 ms - 484","timestamp":"2023-06-24T15:33:15.875Z"}
{"level":"info","message":"OPTIONS /api/listar_slides 204 0.595 ms - 0","timestamp":"2023-06-24T15:37:09.751Z"}
{"level":"info","message":"GET /api/listar_slides 304 1.886 ms - -","timestamp":"2023-06-24T15:37:09.757Z"}
{"level":"info","message":"OPTIONS /api/listar_slides 204 0.249 ms - 0","timestamp":"2023-06-24T15:38:43.533Z"}
{"level":"info","message":"GET /api/listar_slides 304 1.081 ms - -","timestamp":"2023-06-24T15:38:43.536Z"}
{"level":"info","message":"OPTIONS /api/listar_slides 204 0.118 ms - 0","timestamp":"2023-06-24T15:39:07.857Z"}
{"level":"info","message":"GET /api/listar_slides 304 2.177 ms - -","timestamp":"2023-06-24T15:39:07.862Z"}
{"level":"info","message":"OPTIONS /api/listar_slides 204 0.126 ms - 0","timestamp":"2023-06-24T15:39:36.661Z"}
{"level":"info","message":"GET /api/listar_slides 304 1.379 ms - -","timestamp":"2023-06-24T15:39:36.664Z"}
{"level":"info","message":"OPTIONS /api/listar_slides 204 0.155 ms - 0","timestamp":"2023-06-24T15:39:42.473Z"}
{"level":"info","message":"GET /api/listar_slides 304 4.211 ms - -","timestamp":"2023-06-24T15:39:42.482Z"}
{"level":"info","message":"OPTIONS /api/listar_slides2 204 0.126 ms - 0","timestamp":"2023-06-24T15:39:56.629Z"}
{"level":"info","message":"GET /api/listar_slides2 200 1.610 ms - 484","timestamp":"2023-06-24T15:39:56.633Z"}
{"level":"info","message":"OPTIONS /api/delete/1687619634879-246412251.jpg 204 0.285 ms - 0","timestamp":"2023-06-24T15:40:06.580Z"}
{"level":"info","message":"DELETE /api/delete/1687619634879-246412251.jpg 200 2.307 ms - 59","timestamp":"2023-06-24T15:40:06.584Z"}
{"level":"info","message":"OPTIONS /api/listar_slides2 204 0.161 ms - 0","timestamp":"2023-06-24T15:40:06.589Z"}
{"level":"info","message":"GET /api/listar_slides2 200 1.338 ms - 367","timestamp":"2023-06-24T15:40:06.594Z"}
{"level":"info","message":"OPTIONS /api/listar_slides2 204 0.136 ms - 0","timestamp":"2023-06-24T15:42:24.407Z"}
{"level":"info","message":"GET /api/listar_slides2 304 1.286 ms - -","timestamp":"2023-06-24T15:42:24.411Z"}
{"level":"info","message":"OPTIONS /api/listar_slides2 204 0.315 ms - 0","timestamp":"2023-06-24T15:42:55.958Z"}
{"level":"info","message":"GET /api/listar_slides2 304 4.059 ms - -","timestamp":"2023-06-24T15:42:55.980Z"}
{"level":"info","message":"OPTIONS /api/listar_slides2 204 0.177 ms - 0","timestamp":"2023-06-24T15:44:35.265Z"}
{"level":"info","message":"GET /api/listar_slides2 304 1.133 ms - -","timestamp":"2023-06-24T15:44:35.267Z"}
{"level":"info","message":"OPTIONS /api/listar_slides2 204 0.140 ms - 0","timestamp":"2023-06-24T15:45:10.684Z"}
{"level":"info","message":"GET /api/listar_slides2 304 1.969 ms - -","timestamp":"2023-06-24T15:45:10.689Z"}
{"level":"info","message":"OPTIONS /api/listar_slides2 204 0.107 ms - 0","timestamp":"2023-06-24T15:45:57.545Z"}
{"level":"info","message":"GET /api/listar_slides2 304 1.635 ms - -","timestamp":"2023-06-24T15:45:57.548Z"}
{"level":"info","message":"OPTIONS /api/listar_slides2 204 0.099 ms - 0","timestamp":"2023-06-24T15:46:27.629Z"}
{"level":"info","message":"GET /api/listar_slides2 304 1.453 ms - -","timestamp":"2023-06-24T15:46:27.632Z"}
{"level":"info","message":"OPTIONS /api/listar_slides2 204 0.096 ms - 0","timestamp":"2023-06-24T15:50:58.823Z"}
{"level":"info","message":"GET /api/listar_slides2 304 1.243 ms - -","timestamp":"2023-06-24T15:50:58.826Z"}
{"level":"info","message":"OPTIONS /api/listar_slides2 204 0.098 ms - 0","timestamp":"2023-06-24T15:51:32.094Z"}
{"level":"info","message":"GET /api/listar_slides2 304 1.014 ms - -","timestamp":"2023-06-24T15:51:32.096Z"}
{"level":"info","message":"OPTIONS /api/listar_slides2 204 0.132 ms - 0","timestamp":"2023-06-24T15:53:20.426Z"}
{"level":"info","message":"GET /api/listar_slides2 304 1.002 ms - -","timestamp":"2023-06-24T15:53:20.428Z"}
{"level":"info","message":"OPTIONS /api/listar_slides2 204 0.072 ms - 0","timestamp":"2023-06-24T15:53:55.734Z"}
{"level":"info","message":"GET /api/listar_slides2 304 1.011 ms - -","timestamp":"2023-06-24T15:53:55.736Z"}
{"level":"info","message":"OPTIONS /api/listar_slides2 204 0.075 ms - 0","timestamp":"2023-06-24T15:56:19.333Z"}
{"level":"info","message":"GET /api/listar_slides2 304 1.060 ms - -","timestamp":"2023-06-24T15:56:19.336Z"}
{"level":"info","message":"OPTIONS /api/listar_slides 204 0.106 ms - 0","timestamp":"2023-06-24T15:57:43.734Z"}
{"level":"info","message":"GET /api/listar_slides 200 0.875 ms - 186","timestamp":"2023-06-24T15:57:43.737Z"}
{"level":"info","message":"OPTIONS /api/listar_slides2 204 0.141 ms - 0","timestamp":"2023-06-24T16:38:55.463Z"}
{"level":"info","message":"GET /api/listar_slides2 304 4.716 ms - -","timestamp":"2023-06-24T16:38:55.470Z"}
{"level":"info","message":"OPTIONS /api/listar_slides2 204 0.073 ms - 0","timestamp":"2023-06-24T16:39:53.413Z"}
{"level":"info","message":"GET /api/listar_slides2 304 0.899 ms - -","timestamp":"2023-06-24T16:39:53.415Z"}
{"level":"info","message":"OPTIONS /api/listar_slides2 204 0.131 ms - 0","timestamp":"2023-06-24T16:41:55.213Z"}
{"level":"info","message":"GET /api/listar_slides2 304 2.086 ms - -","timestamp":"2023-06-24T16:41:55.218Z"}
{"level":"info","message":"OPTIONS /api/listar_slides2 204 0.086 ms - 0","timestamp":"2023-06-24T16:42:04.144Z"}
{"level":"info","message":"GET /api/listar_slides2 304 3.272 ms - -","timestamp":"2023-06-24T16:42:04.150Z"}
{"level":"info","message":"GET /api/listar_slides2 304 1.554 ms - -","timestamp":"2023-06-24T16:42:06.460Z"}
{"level":"info","message":"OPTIONS /api/listar_clientes_filtro_admin/null/null 204 0.073 ms - 0","timestamp":"2023-06-24T16:44:10.090Z"}
{"level":"info","message":"GET /api/listar_clientes_filtro_admin/null/null 404 1.396 ms - 181","timestamp":"2023-06-24T16:44:10.093Z"}
{"level":"info","message":"OPTIONS /api/listar_slides2 204 0.167 ms - 0","timestamp":"2023-06-24T16:44:13.254Z"}
{"level":"info","message":"GET /api/listar_slides2 304 1.087 ms - -","timestamp":"2023-06-24T16:44:13.257Z"}
{"level":"info","message":"OPTIONS /api/listar_slides2 204 0.071 ms - 0","timestamp":"2023-06-24T16:44:37.904Z"}
{"level":"info","message":"GET /api/listar_slides2 304 0.994 ms - -","timestamp":"2023-06-24T16:44:37.907Z"}
{"level":"info","message":"OPTIONS /api/listar_slides2 204 0.074 ms - 0","timestamp":"2023-06-24T16:46:56.125Z"}
{"level":"info","message":"GET /api/listar_slides2 304 0.951 ms - -","timestamp":"2023-06-24T16:46:56.128Z"}
{"level":"info","message":"GET /api/listar_slides2 304 1.131 ms - -","timestamp":"2023-06-24T16:47:00.195Z"}
{"level":"info","message":"OPTIONS /api/upload 204 0.086 ms - 0","timestamp":"2023-06-24T16:47:04.513Z"}
{"level":"info","message":"POST /api/upload 200 6.849 ms - 43","timestamp":"2023-06-24T16:47:04.521Z"}
{"level":"info","message":"OPTIONS /api/listar_slides2 204 0.074 ms - 0","timestamp":"2023-06-24T16:47:04.525Z"}
{"level":"info","message":"GET /api/listar_slides2 304 0.975 ms - -","timestamp":"2023-06-24T16:47:04.527Z"}
{"level":"info","message":"OPTIONS /api/delete/1687619157044-217141381.jpg 204 0.078 ms - 0","timestamp":"2023-06-24T16:47:13.999Z"}
{"level":"info","message":"DELETE /api/delete/1687619157044-217141381.jpg 200 3.485 ms - 59","timestamp":"2023-06-24T16:47:14.004Z"}
{"level":"info","message":"OPTIONS /api/listar_slides2 204 0.112 ms - 0","timestamp":"2023-06-24T16:47:14.008Z"}
{"level":"info","message":"GET /api/listar_slides2 200 0.862 ms - 250","timestamp":"2023-06-24T16:47:14.011Z"}
{"level":"info","message":"OPTIONS /api/listar_slides2 204 0.115 ms - 0","timestamp":"2023-06-24T16:47:50.418Z"}
{"level":"info","message":"GET /api/listar_slides2 304 0.977 ms - -","timestamp":"2023-06-24T16:47:50.421Z"}
{"level":"info","message":"OPTIONS /api/listar_slides2 204 0.120 ms - 0","timestamp":"2023-06-24T16:49:21.249Z"}
{"level":"info","message":"GET /api/listar_slides2 304 1.131 ms - -","timestamp":"2023-06-24T16:49:21.252Z"}
{"level":"info","message":"OPTIONS /api/upload 204 0.126 ms - 0","timestamp":"2023-06-24T16:49:40.169Z"}
{"level":"info","message":"POST /api/upload 200 3.367 ms - 43","timestamp":"2023-06-24T16:49:40.178Z"}
{"level":"info","message":"OPTIONS /api/listar_slides2 204 0.122 ms - 0","timestamp":"2023-06-24T16:49:40.183Z"}
{"level":"info","message":"GET /api/listar_slides2 200 2.461 ms - 367","timestamp":"2023-06-24T16:49:40.187Z"}
{"level":"info","message":"OPTIONS /api/delete/1687625380171-430393566.jpg 204 0.171 ms - 0","timestamp":"2023-06-24T16:49:50.279Z"}
{"level":"info","message":"DELETE /api/delete/1687625380171-430393566.jpg 200 4.191 ms - 59","timestamp":"2023-06-24T16:49:50.285Z"}
{"level":"info","message":"OPTIONS /api/listar_slides2 204 0.109 ms - 0","timestamp":"2023-06-24T16:49:50.290Z"}
{"level":"info","message":"GET /api/listar_slides2 200 1.990 ms - 250","timestamp":"2023-06-24T16:49:50.294Z"}
{"level":"info","message":"OPTIONS /api/listar_slides2 204 0.077 ms - 0","timestamp":"2023-06-24T16:54:06.572Z"}
{"level":"info","message":"GET /api/listar_slides2 304 1.140 ms - -","timestamp":"2023-06-24T16:54:06.575Z"}
{"level":"info","message":"OPTIONS /api/listar_slides2 204 0.071 ms - 0","timestamp":"2023-06-24T16:57:27.670Z"}
{"level":"info","message":"GET /api/listar_slides2 304 0.916 ms - -","timestamp":"2023-06-24T16:57:27.673Z"}
{"level":"info","message":"OPTIONS /api/listar_slides2 204 0.188 ms - 0","timestamp":"2023-06-24T16:57:33.463Z"}
{"level":"info","message":"GET /api/listar_slides2 304 1.083 ms - -","timestamp":"2023-06-24T16:57:33.466Z"}
{"level":"info","message":"OPTIONS /api/upload 204 0.078 ms - 0","timestamp":"2023-06-24T16:57:41.054Z"}
{"level":"info","message":"POST /api/upload 200 2.793 ms - 43","timestamp":"2023-06-24T16:57:41.060Z"}
{"level":"info","message":"OPTIONS /api/listar_slides2 204 0.119 ms - 0","timestamp":"2023-06-24T16:57:41.063Z"}
{"level":"info","message":"GET /api/listar_slides2 200 1.944 ms - 367","timestamp":"2023-06-24T16:57:41.067Z"}
{"level":"info","message":"OPTIONS /api/listar_slides2 204 0.122 ms - 0","timestamp":"2023-06-24T16:58:57.335Z"}
{"level":"info","message":"GET /api/listar_slides2 304 0.999 ms - -","timestamp":"2023-06-24T16:58:57.338Z"}
{"level":"info","message":"GET /api/listar_slides2 304 1.067 ms - -","timestamp":"2023-06-24T16:59:01.555Z"}
{"level":"info","message":"OPTIONS /api/upload 204 0.193 ms - 0","timestamp":"2023-06-24T16:59:10.266Z"}
{"level":"info","message":"POST /api/upload 200 3.489 ms - 43","timestamp":"2023-06-24T16:59:10.272Z"}
{"level":"info","message":"OPTIONS /api/listar_slides2 204 0.119 ms - 0","timestamp":"2023-06-24T16:59:10.276Z"}
{"level":"info","message":"GET /api/listar_slides2 200 0.877 ms - 482","timestamp":"2023-06-24T16:59:10.278Z"}
{"level":"info","message":"OPTIONS /api/delete/1687625950269-99493553.jpg 204 0.073 ms - 0","timestamp":"2023-06-24T16:59:17.756Z"}
{"level":"info","message":"DELETE /api/delete/1687625950269-99493553.jpg 200 2.736 ms - 59","timestamp":"2023-06-24T16:59:17.760Z"}
{"level":"info","message":"OPTIONS /api/listar_slides2 204 0.115 ms - 0","timestamp":"2023-06-24T16:59:17.764Z"}
{"level":"info","message":"GET /api/listar_slides2 200 1.070 ms - 367","timestamp":"2023-06-24T16:59:17.768Z"}
{"level":"info","message":"OPTIONS /api/delete/1687625861055-116844410.jpg 204 0.190 ms - 0","timestamp":"2023-06-24T16:59:21.626Z"}
{"level":"info","message":"DELETE /api/delete/1687625861055-116844410.jpg 200 2.661 ms - 59","timestamp":"2023-06-24T16:59:21.630Z"}
{"level":"info","message":"GET /api/listar_slides2 200 0.782 ms - 250","timestamp":"2023-06-24T16:59:21.635Z"}
{"level":"info","message":"OPTIONS /api/upload 204 0.095 ms - 0","timestamp":"2023-06-24T16:59:32.433Z"}
{"level":"info","message":"POST /api/upload 200 2.796 ms - 43","timestamp":"2023-06-24T16:59:32.439Z"}
{"level":"info","message":"OPTIONS /api/listar_slides2 204 0.096 ms - 0","timestamp":"2023-06-24T16:59:32.441Z"}
{"level":"info","message":"GET /api/listar_slides2 200 1.141 ms - 367","timestamp":"2023-06-24T16:59:32.444Z"}
{"level":"info","message":"OPTIONS /api/delete/1687625972435-378523516.jpg 204 0.114 ms - 0","timestamp":"2023-06-24T16:59:51.238Z"}
{"level":"info","message":"DELETE /api/delete/1687625972435-378523516.jpg 200 3.914 ms - 59","timestamp":"2023-06-24T16:59:51.243Z"}
{"level":"info","message":"OPTIONS /api/listar_slides2 204 0.115 ms - 0","timestamp":"2023-06-24T16:59:51.248Z"}
{"level":"info","message":"GET /api/listar_slides2 200 1.810 ms - 250","timestamp":"2023-06-24T16:59:51.252Z"}
{"level":"info","message":"OPTIONS /api/listar_slides2 204 0.116 ms - 0","timestamp":"2023-06-24T17:01:28.429Z"}
{"level":"info","message":"GET /api/listar_slides2 304 1.939 ms - -","timestamp":"2023-06-24T17:01:28.432Z"}
{"level":"info","message":"OPTIONS /api/upload 204 0.178 ms - 0","timestamp":"2023-06-24T17:02:24.360Z"}
{"level":"info","message":"POST /api/upload 200 2.075 ms - 43","timestamp":"2023-06-24T17:02:24.364Z"}
{"level":"info","message":"OPTIONS /api/listar_slides2 204 0.119 ms - 0","timestamp":"2023-06-24T17:02:24.371Z"}
{"level":"info","message":"GET /api/listar_slides2 200 1.893 ms - 367","timestamp":"2023-06-24T17:02:24.375Z"}
{"level":"info","message":"OPTIONS /api/upload 204 0.150 ms - 0","timestamp":"2023-06-24T17:02:30.651Z"}
{"level":"info","message":"POST /api/upload 200 2.482 ms - 43","timestamp":"2023-06-24T17:02:30.658Z"}
{"level":"info","message":"OPTIONS /api/listar_slides2 204 0.102 ms - 0","timestamp":"2023-06-24T17:02:30.660Z"}
{"level":"info","message":"GET /api/listar_slides2 200 1.768 ms - 484","timestamp":"2023-06-24T17:02:30.668Z"}
{"level":"info","message":"OPTIONS /api/delete/1687626144361-712547638.jpg 204 0.275 ms - 0","timestamp":"2023-06-24T17:02:35.380Z"}
{"level":"info","message":"DELETE /api/delete/1687626144361-712547638.jpg 200 5.270 ms - 59","timestamp":"2023-06-24T17:02:35.388Z"}
{"level":"info","message":"GET /api/listar_slides2 200 1.334 ms - 367","timestamp":"2023-06-24T17:02:35.400Z"}
{"level":"info","message":"OPTIONS /api/delete/1687626150652-270725438.jpg 204 0.266 ms - 0","timestamp":"2023-06-24T17:02:36.844Z"}
{"level":"info","message":"DELETE /api/delete/1687626150652-270725438.jpg 200 6.302 ms - 59","timestamp":"2023-06-24T17:02:36.858Z"}
{"level":"info","message":"OPTIONS /api/listar_slides2 204 0.134 ms - 0","timestamp":"2023-06-24T17:02:36.862Z"}
{"level":"info","message":"GET /api/listar_slides2 200 2.177 ms - 250","timestamp":"2023-06-24T17:02:36.866Z"}
