{"level":"info","message":"OPTIONS /api/prestadores/5 204 0.429 ms - 0","timestamp":"2023-07-09T17:45:02.884Z"}
{"level":"info","message":"conexion - Conexión establecida","timestamp":"2023-07-09T17:45:02.953Z"}
{"level":"info","message":"GET /api/prestadores/5 304 69.498 ms - -","timestamp":"2023-07-09T17:45:02.967Z"}
{"level":"info","message":"OPTIONS /api/especialidades/5 204 0.147 ms - 0","timestamp":"2023-07-09T17:45:12.906Z"}
{"level":"info","message":"conexion - Conexión establecida","timestamp":"2023-07-09T17:45:12.936Z"}
{"level":"info","message":"GET /api/especialidades/5 304 33.275 ms - -","timestamp":"2023-07-09T17:45:12.940Z"}
{"level":"info","message":"OPTIONS /api/prestadores-especialidades/5/null/7 204 0.113 ms - 0","timestamp":"2023-07-09T17:45:15.132Z"}
{"level":"info","message":"conexion - Conexión establecida","timestamp":"2023-07-09T17:45:15.172Z"}
{"level":"info","message":"GET /api/prestadores-especialidades/5/null/7 304 49.065 ms - -","timestamp":"2023-07-09T17:45:15.187Z"}
{"level":"info","message":"OPTIONS /api/horarios-profesionales/5/undefined/undefined 204 0.126 ms - 0","timestamp":"2023-07-09T17:45:20.172Z"}
{"level":"info","message":"conexion - Conexión establecida","timestamp":"2023-07-09T17:45:20.216Z"}
{"level":"info","message":"GET /api/horarios-profesionales/5/undefined/undefined 500 63.520 ms - 62","timestamp":"2023-07-09T17:45:20.238Z"}
{"level":"info","message":"OPTIONS /api/prestadores/5 204 0.121 ms - 0","timestamp":"2023-07-09T17:47:26.253Z"}
{"level":"info","message":"conexion - Conexión establecida","timestamp":"2023-07-09T17:47:26.281Z"}
{"level":"info","message":"GET /api/prestadores/5 304 36.789 ms - -","timestamp":"2023-07-09T17:47:26.291Z"}
{"level":"info","message":"OPTIONS /api/especialidades/5 204 0.117 ms - 0","timestamp":"2023-07-09T17:47:32.574Z"}
{"level":"info","message":"conexion - Conexión establecida","timestamp":"2023-07-09T17:47:32.607Z"}
{"level":"info","message":"GET /api/especialidades/5 304 38.591 ms - -","timestamp":"2023-07-09T17:47:32.614Z"}
{"level":"info","message":"OPTIONS /api/prestadores-especialidades/5/null/7 204 0.223 ms - 0","timestamp":"2023-07-09T17:47:34.474Z"}
{"level":"info","message":"conexion - Conexión establecida","timestamp":"2023-07-09T17:47:34.512Z"}
{"level":"info","message":"GET /api/prestadores-especialidades/5/null/7 304 42.525 ms - -","timestamp":"2023-07-09T17:47:34.518Z"}
{"level":"info","message":"OPTIONS /api/horarios-profesionales/5/undefined/undefined 204 0.128 ms - 0","timestamp":"2023-07-09T17:47:36.571Z"}
{"level":"info","message":"conexion - Conexión establecida","timestamp":"2023-07-09T17:47:36.604Z"}
{"level":"info","message":"GET /api/horarios-profesionales/5/undefined/undefined 500 33.817 ms - 62","timestamp":"2023-07-09T17:47:36.607Z"}
{"level":"info","message":"OPTIONS /api/prestadores/5 204 0.113 ms - 0","timestamp":"2023-07-09T17:49:12.538Z"}
{"level":"info","message":"conexion - Conexión establecida","timestamp":"2023-07-09T17:49:12.577Z"}
{"level":"info","message":"GET /api/prestadores/5 304 45.670 ms - -","timestamp":"2023-07-09T17:49:12.586Z"}
{"level":"info","message":"OPTIONS /api/especialidades/5 204 0.129 ms - 0","timestamp":"2023-07-09T17:49:15.667Z"}
{"level":"info","message":"conexion - Conexión establecida","timestamp":"2023-07-09T17:49:15.700Z"}
{"level":"info","message":"GET /api/especialidades/5 304 35.286 ms - -","timestamp":"2023-07-09T17:49:15.705Z"}
{"level":"info","message":"OPTIONS /api/prestadores/5 204 0.084 ms - 0","timestamp":"2023-07-09T17:49:23.686Z"}
{"level":"info","message":"conexion - Conexión establecida","timestamp":"2023-07-09T17:49:23.733Z"}
{"level":"info","message":"GET /api/prestadores/5 304 55.625 ms - -","timestamp":"2023-07-09T17:49:23.744Z"}
{"level":"info","message":"OPTIONS /api/especialidades/5 204 0.134 ms - 0","timestamp":"2023-07-09T17:49:25.731Z"}
{"level":"info","message":"conexion - Conexión establecida","timestamp":"2023-07-09T17:49:25.796Z"}
{"level":"info","message":"GET /api/especialidades/5 304 67.391 ms - -","timestamp":"2023-07-09T17:49:25.805Z"}
{"level":"info","message":"OPTIONS /api/horarios-profesionales/5/undefined/undefined 204 0.129 ms - 0","timestamp":"2023-07-09T17:49:30.491Z"}
{"level":"info","message":"conexion - Conexión establecida","timestamp":"2023-07-09T17:49:30.527Z"}
{"level":"info","message":"GET /api/horarios-profesionales/5/undefined/undefined 500 40.957 ms - 62","timestamp":"2023-07-09T17:49:30.533Z"}
{"level":"info","message":"OPTIONS /api/prestadores/5 204 0.140 ms - 0","timestamp":"2023-07-09T17:58:53.375Z"}
{"level":"info","message":"conexion - Conexión establecida","timestamp":"2023-07-09T17:58:53.411Z"}
{"level":"info","message":"GET /api/prestadores/5 304 43.242 ms - -","timestamp":"2023-07-09T17:58:53.420Z"}
{"level":"info","message":"OPTIONS /api/especialidades/5 204 0.124 ms - 0","timestamp":"2023-07-09T17:59:07.390Z"}
{"level":"info","message":"conexion - Conexión establecida","timestamp":"2023-07-09T17:59:07.432Z"}
{"level":"info","message":"GET /api/especialidades/5 304 43.451 ms - -","timestamp":"2023-07-09T17:59:07.435Z"}
{"level":"info","message":"OPTIONS /api/prestadores-especialidades/5/null/17 204 0.428 ms - 0","timestamp":"2023-07-09T17:59:09.584Z"}
{"level":"info","message":"conexion - Conexión establecida","timestamp":"2023-07-09T17:59:09.614Z"}
{"level":"info","message":"GET /api/prestadores-especialidades/5/null/17 304 36.162 ms - -","timestamp":"2023-07-09T17:59:09.622Z"}
{"level":"info","message":"OPTIONS /api/horarios-profesionales/5/undefined/undefined 204 0.115 ms - 0","timestamp":"2023-07-09T17:59:12.237Z"}
{"level":"info","message":"conexion - Conexión establecida","timestamp":"2023-07-09T17:59:12.267Z"}
{"level":"info","message":"GET /api/horarios-profesionales/5/undefined/undefined 500 33.398 ms - 62","timestamp":"2023-07-09T17:59:12.272Z"}
{"level":"info","message":"OPTIONS /api/horarios-profesionales/5/undefined/undefined 204 0.247 ms - 0","timestamp":"2023-07-09T17:59:17.451Z"}
{"level":"info","message":"conexion - Conexión establecida","timestamp":"2023-07-09T17:59:17.480Z"}
{"level":"info","message":"GET /api/horarios-profesionales/5/undefined/undefined 500 33.269 ms - 62","timestamp":"2023-07-09T17:59:17.486Z"}
{"level":"info","message":"conexion - Conexión establecida","timestamp":"2023-07-09T17:59:18.979Z"}
{"level":"info","message":"GET /api/horarios-profesionales/5/undefined/undefined 500 44.541 ms - 62","timestamp":"2023-07-09T17:59:18.985Z"}
{"level":"info","message":"OPTIONS /api/prestadores/5 204 0.137 ms - 0","timestamp":"2023-07-09T18:07:25.225Z"}
{"level":"info","message":"conexion - Conexión establecida","timestamp":"2023-07-09T18:07:25.258Z"}
{"level":"info","message":"GET /api/prestadores/5 304 44.973 ms - -","timestamp":"2023-07-09T18:07:25.273Z"}
{"level":"info","message":"OPTIONS /api/especialidades/5 204 0.145 ms - 0","timestamp":"2023-07-09T18:07:36.862Z"}
{"level":"info","message":"conexion - Conexión establecida","timestamp":"2023-07-09T18:07:36.892Z"}
{"level":"info","message":"GET /api/especialidades/5 304 32.648 ms - -","timestamp":"2023-07-09T18:07:36.896Z"}
{"level":"info","message":"OPTIONS /api/prestadores-especialidades/5/null/7 204 0.120 ms - 0","timestamp":"2023-07-09T18:07:38.643Z"}
{"level":"info","message":"conexion - Conexión establecida","timestamp":"2023-07-09T18:07:38.674Z"}
{"level":"info","message":"GET /api/prestadores-especialidades/5/null/7 304 36.093 ms - -","timestamp":"2023-07-09T18:07:38.681Z"}
{"level":"info","message":"OPTIONS /api/horarios-profesionales/5/7/5387 204 0.121 ms - 0","timestamp":"2023-07-09T18:07:40.973Z"}
{"level":"info","message":"conexion - Conexión establecida","timestamp":"2023-07-09T18:07:41.023Z"}
{"level":"info","message":"GET /api/horarios-profesionales/5/7/5387 200 48.940 ms - 15","timestamp":"2023-07-09T18:07:41.025Z"}
{"level":"info","message":"conexion - Conexión establecida","timestamp":"2023-07-09T18:08:51.051Z"}
{"level":"info","message":"conexion - Conexión establecida","timestamp":"2023-07-09T18:08:55.929Z"}
{"level":"info","message":"GET /api/horarios-profesionales/5/5387/7 200 75.907 ms - 96","timestamp":"2023-07-09T18:08:55.959Z"}
{"level":"info","message":"conexion - Conexión establecida","timestamp":"2023-07-09T18:09:02.751Z"}
{"level":"info","message":"GET /api/horarios-profesionales/5/7/5387 200 48.631 ms - 15","timestamp":"2023-07-09T18:09:02.754Z"}
{"level":"info","message":"OPTIONS /api/especialidades/5 204 0.591 ms - 0","timestamp":"2023-07-09T18:09:43.644Z"}
{"level":"info","message":"conexion - Conexión establecida","timestamp":"2023-07-09T18:09:43.673Z"}
{"level":"info","message":"GET /api/especialidades/5 304 31.238 ms - -","timestamp":"2023-07-09T18:09:43.678Z"}
{"level":"info","message":"OPTIONS /api/prestadores-especialidades/5/null/12 204 0.357 ms - 0","timestamp":"2023-07-09T18:09:45.398Z"}
{"level":"info","message":"conexion - Conexión establecida","timestamp":"2023-07-09T18:09:45.430Z"}
{"level":"info","message":"GET /api/prestadores-especialidades/5/null/12 304 35.487 ms - -","timestamp":"2023-07-09T18:09:45.438Z"}
{"level":"info","message":"OPTIONS /api/horarios-profesionales/5/945/12 204 0.232 ms - 0","timestamp":"2023-07-09T18:09:47.907Z"}
{"level":"info","message":"conexion - Conexión establecida","timestamp":"2023-07-09T18:09:47.942Z"}
{"level":"info","message":"GET /api/horarios-profesionales/5/945/12 200 36.319 ms - 260","timestamp":"2023-07-09T18:09:47.946Z"}
{"level":"info","message":"OPTIONS /api/prestadores/5 204 0.148 ms - 0","timestamp":"2023-07-09T18:09:58.284Z"}
{"level":"info","message":"conexion - Conexión establecida","timestamp":"2023-07-09T18:09:58.319Z"}
{"level":"info","message":"GET /api/prestadores/5 304 44.741 ms - -","timestamp":"2023-07-09T18:09:58.334Z"}
{"level":"info","message":"OPTIONS /api/especialidades/5 204 0.916 ms - 0","timestamp":"2023-07-09T18:10:00.134Z"}
{"level":"info","message":"conexion - Conexión establecida","timestamp":"2023-07-09T18:10:00.167Z"}
{"level":"info","message":"GET /api/especialidades/5 304 35.478 ms - -","timestamp":"2023-07-09T18:10:00.171Z"}
{"level":"info","message":"OPTIONS /api/prestadores/5 204 0.161 ms - 0","timestamp":"2023-07-09T18:12:13.094Z"}
{"level":"info","message":"conexion - Conexión establecida","timestamp":"2023-07-09T18:12:13.145Z"}
{"level":"info","message":"GET /api/prestadores/5 304 57.244 ms - -","timestamp":"2023-07-09T18:12:13.153Z"}
{"level":"info","message":"OPTIONS /api/prestadores/5 204 0.134 ms - 0","timestamp":"2023-07-09T18:13:47.496Z"}
{"level":"info","message":"conexion - Conexión establecida","timestamp":"2023-07-09T18:13:47.527Z"}
{"level":"info","message":"GET /api/prestadores/5 304 38.624 ms - -","timestamp":"2023-07-09T18:13:47.537Z"}
{"level":"info","message":"OPTIONS /api/prestadores/5 204 0.281 ms - 0","timestamp":"2023-07-09T18:15:31.720Z"}
{"level":"info","message":"conexion - Conexión establecida","timestamp":"2023-07-09T18:15:31.761Z"}
{"level":"info","message":"GET /api/prestadores/5 304 47.657 ms - -","timestamp":"2023-07-09T18:15:31.771Z"}
{"level":"info","message":"OPTIONS /api/prestadores/5 204 0.160 ms - 0","timestamp":"2023-07-09T18:18:28.111Z"}
{"level":"info","message":"conexion - Conexión establecida","timestamp":"2023-07-09T18:18:28.144Z"}
{"level":"info","message":"GET /api/prestadores/5 304 39.757 ms - -","timestamp":"2023-07-09T18:18:28.154Z"}
{"level":"info","message":"OPTIONS /api/prestadores-especialidades/5/779/null 204 0.410 ms - 0","timestamp":"2023-07-09T18:18:30.301Z"}
{"level":"info","message":"conexion - Conexión establecida","timestamp":"2023-07-09T18:18:30.341Z"}
{"level":"info","message":"GET /api/prestadores-especialidades/5/779/null 304 43.056 ms - -","timestamp":"2023-07-09T18:18:30.348Z"}
{"level":"info","message":"OPTIONS /api/horarios-profesionales/5/779/17 204 0.340 ms - 0","timestamp":"2023-07-09T18:18:34.540Z"}
{"level":"info","message":"conexion - Conexión establecida","timestamp":"2023-07-09T18:18:34.573Z"}
{"level":"info","message":"GET /api/horarios-profesionales/5/779/17 200 51.067 ms - 182","timestamp":"2023-07-09T18:18:34.594Z"}
{"level":"info","message":"OPTIONS /api/prestadores-especialidades/5/183/null 204 0.167 ms - 0","timestamp":"2023-07-09T18:18:38.026Z"}
{"level":"info","message":"conexion - Conexión establecida","timestamp":"2023-07-09T18:18:38.055Z"}
{"level":"info","message":"GET /api/prestadores-especialidades/5/183/null 304 31.448 ms - -","timestamp":"2023-07-09T18:18:38.060Z"}
{"level":"info","message":"OPTIONS /api/horarios-profesionales/5/183/4 204 0.145 ms - 0","timestamp":"2023-07-09T18:18:40.488Z"}
{"level":"info","message":"conexion - Conexión establecida","timestamp":"2023-07-09T18:18:40.518Z"}
{"level":"info","message":"GET /api/horarios-profesionales/5/183/4 200 31.802 ms - 99","timestamp":"2023-07-09T18:18:40.525Z"}
{"level":"info","message":"OPTIONS /api/especialidades/5 204 0.181 ms - 0","timestamp":"2023-07-09T18:18:48.590Z"}
{"level":"info","message":"conexion - Conexión establecida","timestamp":"2023-07-09T18:18:48.621Z"}
{"level":"info","message":"GET /api/especialidades/5 304 34.923 ms - -","timestamp":"2023-07-09T18:18:48.627Z"}
{"level":"info","message":"OPTIONS /api/prestadores-especialidades/5/null/7 204 0.166 ms - 0","timestamp":"2023-07-09T18:18:51.121Z"}
{"level":"info","message":"conexion - Conexión establecida","timestamp":"2023-07-09T18:18:51.151Z"}
{"level":"info","message":"GET /api/prestadores-especialidades/5/null/7 304 33.254 ms - -","timestamp":"2023-07-09T18:18:51.157Z"}
{"level":"info","message":"OPTIONS /api/horarios-profesionales/5/5387/7 204 0.192 ms - 0","timestamp":"2023-07-09T18:18:53.499Z"}
{"level":"info","message":"conexion - Conexión establecida","timestamp":"2023-07-09T18:18:53.550Z"}
{"level":"info","message":"GET /api/horarios-profesionales/5/5387/7 200 52.985 ms - 96","timestamp":"2023-07-09T18:18:53.559Z"}
{"level":"info","message":"OPTIONS /api/prestadores-especialidades/5/null/38 204 0.150 ms - 0","timestamp":"2023-07-09T18:19:04.026Z"}
{"level":"info","message":"conexion - Conexión establecida","timestamp":"2023-07-09T18:19:04.056Z"}
{"level":"info","message":"GET /api/prestadores-especialidades/5/null/38 304 34.066 ms - -","timestamp":"2023-07-09T18:19:04.062Z"}
{"level":"info","message":"OPTIONS /api/horarios-profesionales/5/4480/38 204 0.137 ms - 0","timestamp":"2023-07-09T18:19:07.441Z"}
{"level":"info","message":"conexion - Conexión establecida","timestamp":"2023-07-09T18:19:07.468Z"}
{"level":"info","message":"GET /api/horarios-profesionales/5/4480/38 200 42.113 ms - 181","timestamp":"2023-07-09T18:19:07.488Z"}
{"level":"info","message":"OPTIONS /api/prestadores/5 204 0.141 ms - 0","timestamp":"2023-07-09T18:19:26.441Z"}
{"level":"info","message":"conexion - Conexión establecida","timestamp":"2023-07-09T18:19:26.496Z"}
{"level":"info","message":"GET /api/prestadores/5 304 62.680 ms - -","timestamp":"2023-07-09T18:19:26.505Z"}
{"level":"info","message":"OPTIONS /api/prestadores-especialidades/5/2694/null 204 0.136 ms - 0","timestamp":"2023-07-09T18:19:28.803Z"}
{"level":"info","message":"conexion - Conexión establecida","timestamp":"2023-07-09T18:19:28.860Z"}
{"level":"info","message":"GET /api/prestadores-especialidades/5/2694/null 200 61.214 ms - 143","timestamp":"2023-07-09T18:19:28.869Z"}
{"level":"info","message":"OPTIONS /api/horarios-profesionales/5/2694/12 204 0.121 ms - 0","timestamp":"2023-07-09T18:19:31.603Z"}
{"level":"info","message":"conexion - Conexión establecida","timestamp":"2023-07-09T18:19:31.644Z"}
{"level":"info","message":"GET /api/horarios-profesionales/5/2694/12 200 61.417 ms - 95","timestamp":"2023-07-09T18:19:31.669Z"}
{"level":"info","message":"OPTIONS /api/prestadores/5 204 0.120 ms - 0","timestamp":"2023-07-09T18:20:13.153Z"}
{"level":"info","message":"conexion - Conexión establecida","timestamp":"2023-07-09T18:20:13.181Z"}
{"level":"info","message":"GET /api/prestadores/5 304 35.994 ms - -","timestamp":"2023-07-09T18:20:13.190Z"}
{"level":"info","message":"OPTIONS /api/prestadores-especialidades/5/4480/null 204 0.096 ms - 0","timestamp":"2023-07-09T18:20:15.285Z"}
{"level":"info","message":"conexion - Conexión establecida","timestamp":"2023-07-09T18:20:15.314Z"}
{"level":"info","message":"GET /api/prestadores-especialidades/5/4480/null 304 31.864 ms - -","timestamp":"2023-07-09T18:20:15.321Z"}
{"level":"info","message":"OPTIONS /api/horarios-profesionales/5/4480/38 204 0.133 ms - 0","timestamp":"2023-07-09T18:20:17.466Z"}
{"level":"info","message":"conexion - Conexión establecida","timestamp":"2023-07-09T18:20:17.497Z"}
{"level":"info","message":"GET /api/horarios-profesionales/5/4480/38 304 31.835 ms - -","timestamp":"2023-07-09T18:20:17.502Z"}
{"level":"info","message":"OPTIONS /api/prestadores-especialidades/5/945/null 204 0.120 ms - 0","timestamp":"2023-07-09T18:20:43.270Z"}
{"level":"info","message":"conexion - Conexión establecida","timestamp":"2023-07-09T18:20:43.301Z"}
{"level":"info","message":"GET /api/prestadores-especialidades/5/945/null 304 33.905 ms - -","timestamp":"2023-07-09T18:20:43.306Z"}
{"level":"info","message":"OPTIONS /api/horarios-profesionales/5/945/Click%20para%20buscar 204 0.170 ms - 0","timestamp":"2023-07-09T18:20:45.676Z"}
{"level":"info","message":"conexion - Conexión establecida","timestamp":"2023-07-09T18:20:45.728Z"}
{"level":"info","message":"GET /api/horarios-profesionales/5/945/Click%20para%20buscar 500 61.834 ms - 62","timestamp":"2023-07-09T18:20:45.742Z"}
{"level":"info","message":"OPTIONS /api/horarios-profesionales/5/945/12 204 0.118 ms - 0","timestamp":"2023-07-09T18:20:50.887Z"}
{"level":"info","message":"conexion - Conexión establecida","timestamp":"2023-07-09T18:20:50.940Z"}
{"level":"info","message":"GET /api/horarios-profesionales/5/945/12 304 55.708 ms - -","timestamp":"2023-07-09T18:20:50.949Z"}
{"level":"info","message":"OPTIONS /api/prestadores/5 204 0.140 ms - 0","timestamp":"2023-07-09T18:42:15.466Z"}
{"level":"info","message":"conexion - Conexión establecida","timestamp":"2023-07-09T18:42:15.497Z"}
{"level":"info","message":"GET /api/prestadores/5 304 36.764 ms - -","timestamp":"2023-07-09T18:42:15.504Z"}
{"level":"info","message":"OPTIONS /api/prestadores-especialidades/5/183/null 204 0.541 ms - 0","timestamp":"2023-07-09T18:42:17.425Z"}
{"level":"info","message":"conexion - Conexión establecida","timestamp":"2023-07-09T18:42:17.483Z"}
{"level":"info","message":"GET /api/prestadores-especialidades/5/183/null 304 59.828 ms - -","timestamp":"2023-07-09T18:42:17.487Z"}
{"level":"info","message":"OPTIONS /api/horarios-profesionales/5/183/4 204 0.125 ms - 0","timestamp":"2023-07-09T18:42:20.570Z"}
{"level":"info","message":"conexion - Conexión establecida","timestamp":"2023-07-09T18:42:20.625Z"}
{"level":"info","message":"GET /api/horarios-profesionales/5/183/4 304 57.795 ms - -","timestamp":"2023-07-09T18:42:20.632Z"}
{"level":"info","message":"OPTIONS /api/especialidades/5 204 0.124 ms - 0","timestamp":"2023-07-09T18:44:33.505Z"}
{"level":"info","message":"conexion - Conexión establecida","timestamp":"2023-07-09T18:44:33.538Z"}
{"level":"info","message":"GET /api/especialidades/5 304 35.351 ms - -","timestamp":"2023-07-09T18:44:33.543Z"}
{"level":"info","message":"OPTIONS /api/prestadores-especialidades/5/null/7 204 0.129 ms - 0","timestamp":"2023-07-09T18:44:35.804Z"}
{"level":"info","message":"conexion - Conexión establecida","timestamp":"2023-07-09T18:44:35.840Z"}
{"level":"info","message":"GET /api/prestadores-especialidades/5/null/7 304 39.052 ms - -","timestamp":"2023-07-09T18:44:35.846Z"}
{"level":"info","message":"OPTIONS /api/horarios-profesionales/5/5387/7 204 0.140 ms - 0","timestamp":"2023-07-09T18:44:39.605Z"}
{"level":"info","message":"conexion - Conexión establecida","timestamp":"2023-07-09T18:44:39.663Z"}
{"level":"info","message":"GET /api/horarios-profesionales/5/5387/7 304 60.455 ms - -","timestamp":"2023-07-09T18:44:39.667Z"}
{"level":"info","message":"OPTIONS /api/prestadores/5 204 0.097 ms - 0","timestamp":"2023-07-09T18:46:04.593Z"}
{"level":"info","message":"conexion - Conexión establecida","timestamp":"2023-07-09T18:46:04.642Z"}
{"level":"info","message":"GET /api/prestadores/5 304 59.265 ms - -","timestamp":"2023-07-09T18:46:04.653Z"}
{"level":"info","message":"OPTIONS /api/prestadores-especialidades/5/779/null 204 0.153 ms - 0","timestamp":"2023-07-09T18:46:06.995Z"}
{"level":"info","message":"conexion - Conexión establecida","timestamp":"2023-07-09T18:46:07.047Z"}
{"level":"info","message":"GET /api/prestadores-especialidades/5/779/null 304 56.133 ms - -","timestamp":"2023-07-09T18:46:07.053Z"}
{"level":"info","message":"OPTIONS /api/horarios-profesionales/5/779/17 204 0.128 ms - 0","timestamp":"2023-07-09T18:46:09.073Z"}
{"level":"info","message":"conexion - Conexión establecida","timestamp":"2023-07-09T18:46:09.126Z"}
{"level":"info","message":"GET /api/horarios-profesionales/5/779/17 304 55.731 ms - -","timestamp":"2023-07-09T18:46:09.130Z"}
{"level":"info","message":"OPTIONS /api/prestadores/5 204 0.124 ms - 0","timestamp":"2023-07-09T18:48:53.153Z"}
{"level":"info","message":"conexion - Conexión establecida","timestamp":"2023-07-09T18:48:53.180Z"}
{"level":"info","message":"GET /api/prestadores/5 304 33.417 ms - -","timestamp":"2023-07-09T18:48:53.188Z"}
{"level":"info","message":"OPTIONS /api/prestadores-especialidades/5/4480/null 204 0.122 ms - 0","timestamp":"2023-07-09T18:48:55.325Z"}
{"level":"info","message":"conexion - Conexión establecida","timestamp":"2023-07-09T18:48:55.363Z"}
{"level":"info","message":"GET /api/prestadores-especialidades/5/4480/null 304 39.614 ms - -","timestamp":"2023-07-09T18:48:55.367Z"}
{"level":"info","message":"OPTIONS /api/horarios-profesionales/5/4480/38 204 0.150 ms - 0","timestamp":"2023-07-09T18:48:57.503Z"}
{"level":"info","message":"conexion - Conexión establecida","timestamp":"2023-07-09T18:48:57.534Z"}
{"level":"info","message":"GET /api/horarios-profesionales/5/4480/38 304 32.050 ms - -","timestamp":"2023-07-09T18:48:57.537Z"}
{"level":"info","message":"OPTIONS /api/prestadores/5 204 0.080 ms - 0","timestamp":"2023-07-09T18:50:25.162Z"}
{"level":"info","message":"conexion - Conexión establecida","timestamp":"2023-07-09T18:50:25.193Z"}
{"level":"info","message":"GET /api/prestadores/5 304 37.953 ms - -","timestamp":"2023-07-09T18:50:25.201Z"}
{"level":"info","message":"OPTIONS /api/prestadores-especialidades/5/4480/null 204 0.132 ms - 0","timestamp":"2023-07-09T18:50:27.547Z"}
{"level":"info","message":"conexion - Conexión establecida","timestamp":"2023-07-09T18:50:27.577Z"}
{"level":"info","message":"GET /api/prestadores-especialidades/5/4480/null 304 33.929 ms - -","timestamp":"2023-07-09T18:50:27.584Z"}
{"level":"info","message":"OPTIONS /api/horarios-profesionales/5/4480/38 204 0.161 ms - 0","timestamp":"2023-07-09T18:50:29.782Z"}
{"level":"info","message":"conexion - Conexión establecida","timestamp":"2023-07-09T18:50:29.843Z"}
{"level":"info","message":"GET /api/horarios-profesionales/5/4480/38 304 63.892 ms - -","timestamp":"2023-07-09T18:50:29.848Z"}
{"level":"info","message":"OPTIONS /api/especialidades/5 204 0.122 ms - 0","timestamp":"2023-07-09T18:50:56.706Z"}
{"level":"info","message":"conexion - Conexión establecida","timestamp":"2023-07-09T18:50:56.734Z"}
{"level":"info","message":"GET /api/especialidades/5 304 29.679 ms - -","timestamp":"2023-07-09T18:50:56.737Z"}
{"level":"info","message":"OPTIONS /api/prestadores-especialidades/5/null/4 204 0.124 ms - 0","timestamp":"2023-07-09T18:50:58.977Z"}
{"level":"info","message":"conexion - Conexión establecida","timestamp":"2023-07-09T18:50:59.023Z"}
{"level":"info","message":"GET /api/prestadores-especialidades/5/null/4 304 50.960 ms - -","timestamp":"2023-07-09T18:50:59.030Z"}
{"level":"info","message":"OPTIONS /api/horarios-profesionales/5/183/4 204 0.125 ms - 0","timestamp":"2023-07-09T18:51:00.703Z"}
{"level":"info","message":"conexion - Conexión establecida","timestamp":"2023-07-09T18:51:00.739Z"}
{"level":"info","message":"GET /api/horarios-profesionales/5/183/4 304 38.302 ms - -","timestamp":"2023-07-09T18:51:00.747Z"}
{"level":"info","message":"OPTIONS /api/horarios-profesionales/5/2026/4 204 0.109 ms - 0","timestamp":"2023-07-09T18:51:07.269Z"}
{"level":"info","message":"conexion - Conexión establecida","timestamp":"2023-07-09T18:51:07.299Z"}
{"level":"info","message":"GET /api/horarios-profesionales/5/2026/4 200 30.968 ms - 96","timestamp":"2023-07-09T18:51:07.302Z"}
{"level":"info","message":"OPTIONS /api/prestadores-especialidades/5/null/1 204 0.119 ms - 0","timestamp":"2023-07-09T18:51:11.126Z"}
{"level":"info","message":"conexion - Conexión establecida","timestamp":"2023-07-09T18:51:11.168Z"}
{"level":"info","message":"GET /api/prestadores-especialidades/5/null/1 200 44.421 ms - 176","timestamp":"2023-07-09T18:51:11.175Z"}
{"level":"info","message":"OPTIONS /api/horarios-profesionales/5/1534/1 204 0.124 ms - 0","timestamp":"2023-07-09T18:51:12.618Z"}
{"level":"info","message":"conexion - Conexión establecida","timestamp":"2023-07-09T18:51:12.665Z"}
{"level":"info","message":"GET /api/horarios-profesionales/5/1534/1 200 48.588 ms - 97","timestamp":"2023-07-09T18:51:12.667Z"}
{"level":"info","message":"OPTIONS /api/prestadores/5 204 0.080 ms - 0","timestamp":"2023-07-09T18:51:17.084Z"}
{"level":"info","message":"conexion - Conexión establecida","timestamp":"2023-07-09T18:51:17.112Z"}
{"level":"info","message":"GET /api/prestadores/5 304 35.279 ms - -","timestamp":"2023-07-09T18:51:17.120Z"}
{"level":"info","message":"OPTIONS /api/prestadores-especialidades/5/779/null 204 0.114 ms - 0","timestamp":"2023-07-09T18:51:19.750Z"}
{"level":"info","message":"conexion - Conexión establecida","timestamp":"2023-07-09T18:51:19.807Z"}
{"level":"info","message":"GET /api/prestadores-especialidades/5/779/null 304 59.891 ms - -","timestamp":"2023-07-09T18:51:19.812Z"}
{"level":"info","message":"OPTIONS /api/horarios-profesionales/5/779/17 204 0.156 ms - 0","timestamp":"2023-07-09T18:51:21.921Z"}
{"level":"info","message":"conexion - Conexión establecida","timestamp":"2023-07-09T18:51:21.957Z"}
{"level":"info","message":"GET /api/horarios-profesionales/5/779/17 304 38.847 ms - -","timestamp":"2023-07-09T18:51:21.963Z"}
{"level":"info","message":"OPTIONS /api/prestadores-especialidades/5/4686/null 204 0.171 ms - 0","timestamp":"2023-07-09T18:51:26.497Z"}
{"level":"info","message":"conexion - Conexión establecida","timestamp":"2023-07-09T18:51:26.537Z"}
{"level":"info","message":"GET /api/prestadores-especialidades/5/4686/null 304 42.728 ms - -","timestamp":"2023-07-09T18:51:26.546Z"}
{"level":"info","message":"OPTIONS /api/horarios-profesionales/5/4686/78 204 0.121 ms - 0","timestamp":"2023-07-09T18:51:28.685Z"}
{"level":"info","message":"conexion - Conexión establecida","timestamp":"2023-07-09T18:51:28.715Z"}
{"level":"info","message":"GET /api/horarios-profesionales/5/4686/78 200 30.324 ms - 95","timestamp":"2023-07-09T18:51:28.717Z"}
{"level":"info","message":"OPTIONS /api/prestadores/5 204 0.201 ms - 0","timestamp":"2023-07-09T18:51:58.493Z"}
{"level":"info","message":"conexion - Conexión establecida","timestamp":"2023-07-09T18:51:58.520Z"}
{"level":"info","message":"GET /api/prestadores/5 304 33.525 ms - -","timestamp":"2023-07-09T18:51:58.528Z"}
{"level":"info","message":"OPTIONS /api/prestadores-especialidades/5/183/null 204 0.259 ms - 0","timestamp":"2023-07-09T18:52:00.985Z"}
{"level":"info","message":"conexion - Conexión establecida","timestamp":"2023-07-09T18:52:01.012Z"}
{"level":"info","message":"GET /api/prestadores-especialidades/5/183/null 304 30.923 ms - -","timestamp":"2023-07-09T18:52:01.017Z"}
{"level":"info","message":"OPTIONS /api/horarios-profesionales/5/183/4 204 0.204 ms - 0","timestamp":"2023-07-09T18:52:03.069Z"}
{"level":"info","message":"conexion - Conexión establecida","timestamp":"2023-07-09T18:52:03.113Z"}
{"level":"info","message":"GET /api/horarios-profesionales/5/183/4 304 43.935 ms - -","timestamp":"2023-07-09T18:52:03.116Z"}
{"level":"info","message":"OPTIONS /api/prestadores/5 204 0.135 ms - 0","timestamp":"2023-07-09T18:53:10.530Z"}
{"level":"info","message":"conexion - Conexión establecida","timestamp":"2023-07-09T18:53:10.562Z"}
{"level":"info","message":"GET /api/prestadores/5 304 38.840 ms - -","timestamp":"2023-07-09T18:53:10.570Z"}
{"level":"info","message":"OPTIONS /api/prestadores-especialidades/5/4480/null 204 0.126 ms - 0","timestamp":"2023-07-09T18:53:12.813Z"}
{"level":"info","message":"conexion - Conexión establecida","timestamp":"2023-07-09T18:53:12.855Z"}
{"level":"info","message":"GET /api/prestadores-especialidades/5/4480/null 304 45.183 ms - -","timestamp":"2023-07-09T18:53:12.859Z"}
{"level":"info","message":"OPTIONS /api/horarios-profesionales/5/4480/38 204 0.151 ms - 0","timestamp":"2023-07-09T18:53:14.733Z"}
{"level":"info","message":"conexion - Conexión establecida","timestamp":"2023-07-09T18:53:14.766Z"}
{"level":"info","message":"GET /api/horarios-profesionales/5/4480/38 304 34.316 ms - -","timestamp":"2023-07-09T18:53:14.769Z"}
{"level":"info","message":"OPTIONS /api/especialidades/5 204 0.083 ms - 0","timestamp":"2023-07-09T18:56:33.639Z"}
{"level":"info","message":"conexion - Conexión establecida","timestamp":"2023-07-09T18:56:33.668Z"}
{"level":"info","message":"GET /api/especialidades/5 304 31.284 ms - -","timestamp":"2023-07-09T18:56:33.672Z"}
{"level":"info","message":"OPTIONS /api/prestadores-especialidades/5/null/4 204 0.186 ms - 0","timestamp":"2023-07-09T18:56:38.393Z"}
{"level":"info","message":"conexion - Conexión establecida","timestamp":"2023-07-09T18:56:38.440Z"}
{"level":"info","message":"GET /api/prestadores-especialidades/5/null/4 304 53.677 ms - -","timestamp":"2023-07-09T18:56:38.450Z"}
{"level":"info","message":"OPTIONS /api/horarios-profesionales/5/2026/4 204 0.118 ms - 0","timestamp":"2023-07-09T18:56:40.912Z"}
{"level":"info","message":"conexion - Conexión establecida","timestamp":"2023-07-09T18:56:40.946Z"}
{"level":"info","message":"GET /api/horarios-profesionales/5/2026/4 304 34.741 ms - -","timestamp":"2023-07-09T18:56:40.948Z"}
{"level":"info","message":"OPTIONS /api/prestadores-especialidades/5/null/7 204 0.813 ms - 0","timestamp":"2023-07-09T18:56:51.816Z"}
{"level":"info","message":"conexion - Conexión establecida","timestamp":"2023-07-09T18:56:51.860Z"}
{"level":"info","message":"GET /api/prestadores-especialidades/5/null/7 304 48.401 ms - -","timestamp":"2023-07-09T18:56:51.866Z"}
{"level":"info","message":"OPTIONS /api/horarios-profesionales/5/5387/7 204 0.126 ms - 0","timestamp":"2023-07-09T18:56:53.181Z"}
{"level":"info","message":"conexion - Conexión establecida","timestamp":"2023-07-09T18:56:53.209Z"}
{"level":"info","message":"GET /api/horarios-profesionales/5/5387/7 304 31.412 ms - -","timestamp":"2023-07-09T18:56:53.214Z"}
{"level":"info","message":"OPTIONS /api/prestadores/5 204 0.075 ms - 0","timestamp":"2023-07-09T18:57:45.608Z"}
{"level":"info","message":"conexion - Conexión establecida","timestamp":"2023-07-09T18:57:45.654Z"}
{"level":"info","message":"GET /api/prestadores/5 304 52.811 ms - -","timestamp":"2023-07-09T18:57:45.663Z"}
{"level":"info","message":"OPTIONS /api/prestadores/5 204 0.090 ms - 0","timestamp":"2023-07-09T18:59:16.363Z"}
{"level":"info","message":"conexion - Conexión establecida","timestamp":"2023-07-09T18:59:16.393Z"}
{"level":"info","message":"GET /api/prestadores/5 304 36.649 ms - -","timestamp":"2023-07-09T18:59:16.401Z"}
{"level":"info","message":"OPTIONS /api/prestadores-especialidades/5/779/null 204 0.230 ms - 0","timestamp":"2023-07-09T18:59:18.822Z"}
{"level":"info","message":"conexion - Conexión establecida","timestamp":"2023-07-09T18:59:18.866Z"}
{"level":"info","message":"GET /api/prestadores-especialidades/5/779/null 304 47.242 ms - -","timestamp":"2023-07-09T18:59:18.870Z"}
{"level":"info","message":"OPTIONS /api/horarios-profesionales/5/779/17 204 0.984 ms - 0","timestamp":"2023-07-09T18:59:20.840Z"}
{"level":"info","message":"conexion - Conexión establecida","timestamp":"2023-07-09T18:59:20.885Z"}
{"level":"info","message":"GET /api/horarios-profesionales/5/779/17 304 47.670 ms - -","timestamp":"2023-07-09T18:59:20.893Z"}
{"level":"info","message":"OPTIONS /api/especialidades/5 204 0.111 ms - 0","timestamp":"2023-07-09T18:59:24.093Z"}
{"level":"info","message":"conexion - Conexión establecida","timestamp":"2023-07-09T18:59:24.141Z"}
{"level":"info","message":"GET /api/especialidades/5 304 47.954 ms - -","timestamp":"2023-07-09T18:59:24.145Z"}
{"level":"info","message":"OPTIONS /api/prestadores-especialidades/5/null/7 204 0.075 ms - 0","timestamp":"2023-07-09T18:59:28.350Z"}
{"level":"info","message":"conexion - Conexión establecida","timestamp":"2023-07-09T18:59:28.407Z"}
{"level":"info","message":"GET /api/prestadores-especialidades/5/null/7 304 59.985 ms - -","timestamp":"2023-07-09T18:59:28.412Z"}
{"level":"info","message":"OPTIONS /api/horarios-profesionales/5/5387/7 204 0.200 ms - 0","timestamp":"2023-07-09T18:59:31.283Z"}
{"level":"info","message":"conexion - Conexión establecida","timestamp":"2023-07-09T18:59:31.322Z"}
{"level":"info","message":"GET /api/horarios-profesionales/5/5387/7 304 40.457 ms - -","timestamp":"2023-07-09T18:59:31.328Z"}
{"level":"info","message":"OPTIONS /api/prestadores/5 204 0.079 ms - 0","timestamp":"2023-07-09T19:06:32.251Z"}
{"level":"info","message":"conexion - Conexión establecida","timestamp":"2023-07-09T19:06:32.279Z"}
{"level":"info","message":"GET /api/prestadores/5 304 35.591 ms - -","timestamp":"2023-07-09T19:06:32.288Z"}
{"level":"info","message":"OPTIONS /api/prestadores/5 204 0.074 ms - 0","timestamp":"2023-07-09T19:06:54.293Z"}
{"level":"info","message":"conexion - Conexión establecida","timestamp":"2023-07-09T19:06:54.345Z"}
{"level":"info","message":"GET /api/prestadores/5 304 58.286 ms - -","timestamp":"2023-07-09T19:06:54.353Z"}
{"level":"info","message":"OPTIONS /api/especialidades/5 204 0.279 ms - 0","timestamp":"2023-07-09T19:06:56.299Z"}
{"level":"info","message":"conexion - Conexión establecida","timestamp":"2023-07-09T19:06:56.344Z"}
{"level":"info","message":"GET /api/especialidades/5 304 48.151 ms - -","timestamp":"2023-07-09T19:06:56.349Z"}
{"level":"info","message":"conexion - Conexión establecida","timestamp":"2023-07-09T19:06:58.486Z"}
{"level":"info","message":"GET /api/prestadores/5 304 55.007 ms - -","timestamp":"2023-07-09T19:06:58.495Z"}
{"level":"info","message":"OPTIONS /api/prestadores/5 204 0.094 ms - 0","timestamp":"2023-07-09T19:08:26.987Z"}
{"level":"info","message":"conexion - Conexión establecida","timestamp":"2023-07-09T19:08:27.039Z"}
{"level":"info","message":"GET /api/prestadores/5 304 58.626 ms - -","timestamp":"2023-07-09T19:08:27.047Z"}
{"level":"info","message":"OPTIONS /api/prestadores-especialidades/5/779/null 204 0.959 ms - 0","timestamp":"2023-07-09T19:08:31.246Z"}
{"level":"info","message":"conexion - Conexión establecida","timestamp":"2023-07-09T19:08:31.277Z"}
{"level":"info","message":"GET /api/prestadores-especialidades/5/779/null 304 33.442 ms - -","timestamp":"2023-07-09T19:08:31.281Z"}
{"level":"info","message":"OPTIONS /api/horarios-profesionales/5/779/17 204 0.178 ms - 0","timestamp":"2023-07-09T19:08:33.338Z"}
{"level":"info","message":"conexion - Conexión establecida","timestamp":"2023-07-09T19:08:33.370Z"}
{"level":"info","message":"GET /api/horarios-profesionales/5/779/17 304 32.688 ms - -","timestamp":"2023-07-09T19:08:33.373Z"}
{"level":"info","message":"OPTIONS /api/prestadores/5 204 0.117 ms - 0","timestamp":"2023-07-09T19:09:32.044Z"}
{"level":"info","message":"conexion - Conexión establecida","timestamp":"2023-07-09T19:09:32.074Z"}
{"level":"info","message":"GET /api/prestadores/5 304 37.783 ms - -","timestamp":"2023-07-09T19:09:32.083Z"}
{"level":"info","message":"OPTIONS /api/listar_slides?id_sucursal=5 204 0.151 ms - 0","timestamp":"2023-07-09T19:10:45.829Z"}
{"level":"info","message":"OPTIONS /api/listar_textInf/5 204 0.110 ms - 0","timestamp":"2023-07-09T19:10:45.831Z"}
{"level":"info","message":"GET /api/listar_slides?id_sucursal=5 304 25.307 ms - -","timestamp":"2023-07-09T19:10:46.751Z"}
{"level":"info","message":"conexion - Conexión establecida","timestamp":"2023-07-09T19:10:46.792Z"}
{"level":"info","message":"GET /api/listar_textInf/5 304 67.819 ms - -","timestamp":"2023-07-09T19:10:46.799Z"}
{"level":"info","message":"OPTIONS /api/prestadores/5 204 0.124 ms - 0","timestamp":"2023-07-09T19:10:52.373Z"}
{"level":"info","message":"conexion - Conexión establecida","timestamp":"2023-07-09T19:10:52.402Z"}
{"level":"info","message":"GET /api/prestadores/5 304 35.552 ms - -","timestamp":"2023-07-09T19:10:52.410Z"}
{"level":"info","message":"OPTIONS /api/prestadores-especialidades/5/183/null 204 0.083 ms - 0","timestamp":"2023-07-09T19:10:55.312Z"}
{"level":"info","message":"conexion - Conexión establecida","timestamp":"2023-07-09T19:10:55.340Z"}
{"level":"info","message":"GET /api/prestadores-especialidades/5/183/null 304 31.412 ms - -","timestamp":"2023-07-09T19:10:55.345Z"}
{"level":"info","message":"OPTIONS /api/horarios-profesionales/5/183/4 204 0.124 ms - 0","timestamp":"2023-07-09T19:10:57.696Z"}
{"level":"info","message":"conexion - Conexión establecida","timestamp":"2023-07-09T19:10:57.737Z"}
{"level":"info","message":"GET /api/horarios-profesionales/5/183/4 304 46.395 ms - -","timestamp":"2023-07-09T19:10:57.745Z"}
{"level":"info","message":"OPTIONS /api/prestadores-especialidades/5/779/null 204 0.116 ms - 0","timestamp":"2023-07-09T19:11:10.818Z"}
{"level":"info","message":"conexion - Conexión establecida","timestamp":"2023-07-09T19:11:10.865Z"}
{"level":"info","message":"GET /api/prestadores-especialidades/5/779/null 304 49.896 ms - -","timestamp":"2023-07-09T19:11:10.870Z"}
{"level":"info","message":"OPTIONS /api/horarios-profesionales/5/779/17 204 0.171 ms - 0","timestamp":"2023-07-09T19:11:13.169Z"}
{"level":"info","message":"conexion - Conexión establecida","timestamp":"2023-07-09T19:11:13.208Z"}
{"level":"info","message":"GET /api/horarios-profesionales/5/779/17 304 42.206 ms - -","timestamp":"2023-07-09T19:11:13.213Z"}
{"level":"info","message":"OPTIONS /api/prestadores/5 204 0.090 ms - 0","timestamp":"2023-07-09T19:11:55.495Z"}
{"level":"info","message":"conexion - Conexión establecida","timestamp":"2023-07-09T19:11:55.524Z"}
{"level":"info","message":"GET /api/prestadores/5 304 35.258 ms - -","timestamp":"2023-07-09T19:11:55.532Z"}
{"level":"info","message":"OPTIONS /api/especialidades/5 204 0.078 ms - 0","timestamp":"2023-07-09T19:11:59.016Z"}
{"level":"info","message":"conexion - Conexión establecida","timestamp":"2023-07-09T19:11:59.054Z"}
{"level":"info","message":"GET /api/especialidades/5 304 40.390 ms - -","timestamp":"2023-07-09T19:11:59.058Z"}
{"level":"info","message":"OPTIONS /api/prestadores/5 204 0.163 ms - 0","timestamp":"2023-07-09T19:12:00.981Z"}
{"level":"info","message":"conexion - Conexión establecida","timestamp":"2023-07-09T19:12:01.033Z"}
{"level":"info","message":"GET /api/prestadores/5 304 58.422 ms - -","timestamp":"2023-07-09T19:12:01.041Z"}
{"level":"info","message":"OPTIONS /api/prestadores-especialidades/5/2650/null 204 0.137 ms - 0","timestamp":"2023-07-09T19:12:04.640Z"}
{"level":"info","message":"conexion - Conexión establecida","timestamp":"2023-07-09T19:12:04.668Z"}
{"level":"info","message":"GET /api/prestadores-especialidades/5/2650/null 200 29.522 ms - 148","timestamp":"2023-07-09T19:12:04.672Z"}
{"level":"info","message":"OPTIONS /api/horarios-profesionales/5/2650/13 204 0.081 ms - 0","timestamp":"2023-07-09T19:12:07.679Z"}
{"level":"info","message":"conexion - Conexión establecida","timestamp":"2023-07-09T19:12:07.723Z"}
{"level":"info","message":"GET /api/horarios-profesionales/5/2650/13 200 48.112 ms - 177","timestamp":"2023-07-09T19:12:07.728Z"}
{"level":"info","message":"OPTIONS /api/prestadores/5 204 0.085 ms - 0","timestamp":"2023-07-09T19:13:02.839Z"}
{"level":"info","message":"conexion - Conexión establecida","timestamp":"2023-07-09T19:13:02.884Z"}
{"level":"info","message":"GET /api/prestadores/5 304 53.304 ms - -","timestamp":"2023-07-09T19:13:02.893Z"}
{"level":"info","message":"OPTIONS /api/prestadores-especialidades/5/183/null 204 0.186 ms - 0","timestamp":"2023-07-09T19:13:07.190Z"}
{"level":"info","message":"conexion - Conexión establecida","timestamp":"2023-07-09T19:13:07.219Z"}
{"level":"info","message":"GET /api/prestadores-especialidades/5/183/null 304 33.299 ms - -","timestamp":"2023-07-09T19:13:07.224Z"}
{"level":"info","message":"OPTIONS /api/horarios-profesionales/5/183/4 204 0.120 ms - 0","timestamp":"2023-07-09T19:13:10.064Z"}
{"level":"info","message":"conexion - Conexión establecida","timestamp":"2023-07-09T19:13:10.095Z"}
{"level":"info","message":"GET /api/horarios-profesionales/5/183/4 304 32.556 ms - -","timestamp":"2023-07-09T19:13:10.098Z"}
{"level":"info","message":"OPTIONS /api/prestadores/5 204 0.096 ms - 0","timestamp":"2023-07-09T19:14:06.436Z"}
{"level":"info","message":"conexion - Conexión establecida","timestamp":"2023-07-09T19:14:06.484Z"}
{"level":"info","message":"GET /api/prestadores/5 304 55.561 ms - -","timestamp":"2023-07-09T19:14:06.493Z"}
{"level":"info","message":"OPTIONS /api/prestadores-especialidades/5/4480/null 204 0.169 ms - 0","timestamp":"2023-07-09T19:14:09.729Z"}
{"level":"info","message":"conexion - Conexión establecida","timestamp":"2023-07-09T19:14:09.761Z"}
{"level":"info","message":"GET /api/prestadores-especialidades/5/4480/null 304 34.947 ms - -","timestamp":"2023-07-09T19:14:09.765Z"}
{"level":"info","message":"OPTIONS /api/horarios-profesionales/5/4480/38 204 0.119 ms - 0","timestamp":"2023-07-09T19:14:12.429Z"}
{"level":"info","message":"conexion - Conexión establecida","timestamp":"2023-07-09T19:14:12.473Z"}
{"level":"info","message":"GET /api/horarios-profesionales/5/4480/38 304 47.871 ms - -","timestamp":"2023-07-09T19:14:12.477Z"}
{"level":"info","message":"OPTIONS /api/especialidades/5 204 0.139 ms - 0","timestamp":"2023-07-09T19:30:46.101Z"}
{"level":"info","message":"conexion - Conexión establecida","timestamp":"2023-07-09T19:30:46.143Z"}
{"level":"info","message":"GET /api/especialidades/5 304 45.035 ms - -","timestamp":"2023-07-09T19:30:46.148Z"}
{"level":"info","message":"OPTIONS /api/prestadores-especialidades/5/null/12 204 0.094 ms - 0","timestamp":"2023-07-09T19:30:48.964Z"}
{"level":"info","message":"conexion - Conexión establecida","timestamp":"2023-07-09T19:30:49.000Z"}
{"level":"info","message":"GET /api/prestadores-especialidades/5/null/12 304 43.775 ms - -","timestamp":"2023-07-09T19:30:49.009Z"}
{"level":"info","message":"OPTIONS /api/horarios-profesionales/5/945/12 204 0.153 ms - 0","timestamp":"2023-07-09T19:30:51.779Z"}
{"level":"info","message":"conexion - Conexión establecida","timestamp":"2023-07-09T19:30:51.815Z"}
{"level":"info","message":"GET /api/horarios-profesionales/5/945/12 304 38.393 ms - -","timestamp":"2023-07-09T19:30:51.821Z"}
{"level":"info","message":"OPTIONS /api/especialidades/5 204 0.086 ms - 0","timestamp":"2023-07-09T19:31:28.867Z"}
{"level":"info","message":"conexion - Conexión establecida","timestamp":"2023-07-09T19:31:28.917Z"}
{"level":"info","message":"GET /api/especialidades/5 304 54.876 ms - -","timestamp":"2023-07-09T19:31:28.923Z"}
{"level":"info","message":"OPTIONS /api/prestadores-especialidades/5/null/12 204 0.078 ms - 0","timestamp":"2023-07-09T19:31:34.094Z"}
{"level":"info","message":"conexion - Conexión establecida","timestamp":"2023-07-09T19:31:34.122Z"}
{"level":"info","message":"GET /api/prestadores-especialidades/5/null/12 304 33.758 ms - -","timestamp":"2023-07-09T19:31:34.129Z"}
{"level":"info","message":"OPTIONS /api/horarios-profesionales/5/945/12 204 0.120 ms - 0","timestamp":"2023-07-09T19:31:36.959Z"}
{"level":"info","message":"conexion - Conexión establecida","timestamp":"2023-07-09T19:31:37.000Z"}
{"level":"info","message":"GET /api/horarios-profesionales/5/945/12 304 45.456 ms - -","timestamp":"2023-07-09T19:31:37.006Z"}
{"level":"info","message":"OPTIONS /api/especialidades/5 204 0.083 ms - 0","timestamp":"2023-07-09T19:31:59.317Z"}
{"level":"info","message":"conexion - Conexión establecida","timestamp":"2023-07-09T19:31:59.347Z"}
{"level":"info","message":"GET /api/especialidades/5 304 35.194 ms - -","timestamp":"2023-07-09T19:31:59.353Z"}
{"level":"info","message":"OPTIONS /api/prestadores-especialidades/5/null/12 204 0.147 ms - 0","timestamp":"2023-07-09T19:32:02.801Z"}
{"level":"info","message":"conexion - Conexión establecida","timestamp":"2023-07-09T19:32:02.828Z"}
{"level":"info","message":"GET /api/prestadores-especialidades/5/null/12 304 34.087 ms - -","timestamp":"2023-07-09T19:32:02.836Z"}
{"level":"info","message":"OPTIONS /api/horarios-profesionales/5/420/12 204 0.196 ms - 0","timestamp":"2023-07-09T19:32:03.725Z"}
{"level":"info","message":"conexion - Conexión establecida","timestamp":"2023-07-09T19:32:03.768Z"}
{"level":"info","message":"GET /api/horarios-profesionales/5/420/12 200 45.522 ms - 96","timestamp":"2023-07-09T19:32:03.772Z"}
{"level":"info","message":"OPTIONS /api/horarios-profesionales/5/945/12 204 0.809 ms - 0","timestamp":"2023-07-09T19:32:08.703Z"}
{"level":"info","message":"conexion - Conexión establecida","timestamp":"2023-07-09T19:32:08.752Z"}
{"level":"info","message":"GET /api/horarios-profesionales/5/945/12 304 52.038 ms - -","timestamp":"2023-07-09T19:32:08.757Z"}
{"level":"info","message":"OPTIONS /api/horarios-profesionales/5/945/12 204 0.113 ms - 0","timestamp":"2023-07-09T19:32:26.492Z"}
{"level":"info","message":"conexion - Conexión establecida","timestamp":"2023-07-09T19:32:26.546Z"}
{"level":"info","message":"GET /api/horarios-profesionales/5/945/12 304 57.780 ms - -","timestamp":"2023-07-09T19:32:26.553Z"}
{"level":"info","message":"OPTIONS /api/prestadores/5 204 0.081 ms - 0","timestamp":"2023-07-09T19:33:41.133Z"}
{"level":"info","message":"conexion - Conexión establecida","timestamp":"2023-07-09T19:33:41.182Z"}
{"level":"info","message":"GET /api/prestadores/5 304 57.695 ms - -","timestamp":"2023-07-09T19:33:41.191Z"}
{"level":"info","message":"OPTIONS /api/prestadores-especialidades/5/779/null 204 0.164 ms - 0","timestamp":"2023-07-09T19:33:43.322Z"}
{"level":"info","message":"conexion - Conexión establecida","timestamp":"2023-07-09T19:33:43.363Z"}
{"level":"info","message":"GET /api/prestadores-especialidades/5/779/null 304 43.915 ms - -","timestamp":"2023-07-09T19:33:43.367Z"}
{"level":"info","message":"OPTIONS /api/horarios-profesionales/5/779/17 204 0.117 ms - 0","timestamp":"2023-07-09T19:33:45.594Z"}
{"level":"info","message":"conexion - Conexión establecida","timestamp":"2023-07-09T19:33:45.635Z"}
{"level":"info","message":"GET /api/horarios-profesionales/5/779/17 304 43.174 ms - -","timestamp":"2023-07-09T19:33:45.638Z"}
{"level":"info","message":"OPTIONS /api/especialidades/5 204 0.110 ms - 0","timestamp":"2023-07-09T19:34:12.707Z"}
{"level":"info","message":"conexion - Conexión establecida","timestamp":"2023-07-09T19:34:12.738Z"}
{"level":"info","message":"GET /api/especialidades/5 304 33.916 ms - -","timestamp":"2023-07-09T19:34:12.742Z"}
{"level":"info","message":"OPTIONS /api/prestadores-especialidades/5/null/4 204 0.091 ms - 0","timestamp":"2023-07-09T19:34:15.511Z"}
{"level":"info","message":"conexion - Conexión establecida","timestamp":"2023-07-09T19:34:15.550Z"}
{"level":"info","message":"GET /api/prestadores-especialidades/5/null/4 304 44.693 ms - -","timestamp":"2023-07-09T19:34:15.557Z"}
{"level":"info","message":"OPTIONS /api/horarios-profesionales/5/2026/4 204 0.143 ms - 0","timestamp":"2023-07-09T19:34:17.570Z"}
{"level":"info","message":"conexion - Conexión establecida","timestamp":"2023-07-09T19:34:17.618Z"}
{"level":"info","message":"GET /api/horarios-profesionales/5/2026/4 304 49.570 ms - -","timestamp":"2023-07-09T19:34:17.622Z"}
{"level":"info","message":"OPTIONS /api/especialidades/5 204 0.073 ms - 0","timestamp":"2023-07-09T19:35:36.454Z"}
{"level":"info","message":"conexion - Conexión establecida","timestamp":"2023-07-09T19:35:36.481Z"}
{"level":"info","message":"GET /api/especialidades/5 304 31.478 ms - -","timestamp":"2023-07-09T19:35:36.487Z"}
{"level":"info","message":"OPTIONS /api/prestadores-especialidades/5/null/7 204 0.131 ms - 0","timestamp":"2023-07-09T19:35:38.357Z"}
{"level":"info","message":"conexion - Conexión establecida","timestamp":"2023-07-09T19:35:38.405Z"}
{"level":"info","message":"GET /api/prestadores-especialidades/5/null/7 304 50.757 ms - -","timestamp":"2023-07-09T19:35:38.410Z"}
{"level":"info","message":"OPTIONS /api/horarios-profesionales/5/5387/7 204 0.110 ms - 0","timestamp":"2023-07-09T19:35:39.396Z"}
{"level":"info","message":"conexion - Conexión establecida","timestamp":"2023-07-09T19:35:39.428Z"}
{"level":"info","message":"GET /api/horarios-profesionales/5/5387/7 304 34.880 ms - -","timestamp":"2023-07-09T19:35:39.435Z"}
{"level":"info","message":"OPTIONS /api/prestadores/5 204 0.115 ms - 0","timestamp":"2023-07-09T19:39:04.136Z"}
{"level":"info","message":"conexion - Conexión establecida","timestamp":"2023-07-09T19:39:04.166Z"}
{"level":"info","message":"GET /api/prestadores/5 304 37.368 ms - -","timestamp":"2023-07-09T19:39:04.175Z"}
{"level":"info","message":"OPTIONS /api/prestadores-especialidades/5/779/null 204 0.086 ms - 0","timestamp":"2023-07-09T19:39:06.767Z"}
{"level":"info","message":"conexion - Conexión establecida","timestamp":"2023-07-09T19:39:06.810Z"}
{"level":"info","message":"GET /api/prestadores-especialidades/5/779/null 304 46.557 ms - -","timestamp":"2023-07-09T19:39:06.815Z"}
{"level":"info","message":"OPTIONS /api/horarios-profesionales/5/779/17 204 0.137 ms - 0","timestamp":"2023-07-09T19:39:09.032Z"}
{"level":"info","message":"conexion - Conexión establecida","timestamp":"2023-07-09T19:39:09.081Z"}
{"level":"info","message":"GET /api/horarios-profesionales/5/779/17 304 51.452 ms - -","timestamp":"2023-07-09T19:39:09.085Z"}
{"level":"info","message":"OPTIONS /api/prestadores/5 204 0.197 ms - 0","timestamp":"2023-07-09T19:39:15.326Z"}
{"level":"info","message":"conexion - Conexión establecida","timestamp":"2023-07-09T19:39:15.354Z"}
{"level":"info","message":"GET /api/prestadores/5 304 34.351 ms - -","timestamp":"2023-07-09T19:39:15.364Z"}
{"level":"info","message":"OPTIONS /api/prestadores-especialidades/5/4480/null 204 0.315 ms - 0","timestamp":"2023-07-09T19:39:18.125Z"}
{"level":"info","message":"conexion - Conexión establecida","timestamp":"2023-07-09T19:39:18.164Z"}
{"level":"info","message":"GET /api/prestadores-especialidades/5/4480/null 304 41.927 ms - -","timestamp":"2023-07-09T19:39:18.170Z"}
{"level":"info","message":"OPTIONS /api/horarios-profesionales/5/4480/38 204 0.143 ms - 0","timestamp":"2023-07-09T19:39:20.425Z"}
{"level":"info","message":"conexion - Conexión establecida","timestamp":"2023-07-09T19:39:20.454Z"}
{"level":"info","message":"GET /api/horarios-profesionales/5/4480/38 304 30.947 ms - -","timestamp":"2023-07-09T19:39:20.457Z"}
{"level":"info","message":"OPTIONS /api/prestadores-especialidades/5/183/null 204 0.125 ms - 0","timestamp":"2023-07-09T19:39:30.604Z"}
{"level":"info","message":"conexion - Conexión establecida","timestamp":"2023-07-09T19:39:30.636Z"}
{"level":"info","message":"GET /api/prestadores-especialidades/5/183/null 304 35.169 ms - -","timestamp":"2023-07-09T19:39:30.640Z"}
{"level":"info","message":"OPTIONS /api/horarios-profesionales/5/183/4 204 0.160 ms - 0","timestamp":"2023-07-09T19:39:32.674Z"}
{"level":"info","message":"conexion - Conexión establecida","timestamp":"2023-07-09T19:39:32.715Z"}
{"level":"info","message":"GET /api/horarios-profesionales/5/183/4 304 43.347 ms - -","timestamp":"2023-07-09T19:39:32.719Z"}
{"level":"info","message":"OPTIONS /api/especialidades/5 204 0.075 ms - 0","timestamp":"2023-07-09T19:42:54.092Z"}
{"level":"info","message":"conexion - Conexión establecida","timestamp":"2023-07-09T19:42:54.121Z"}
{"level":"info","message":"GET /api/especialidades/5 304 31.839 ms - -","timestamp":"2023-07-09T19:42:54.125Z"}
{"level":"info","message":"OPTIONS /api/prestadores-especialidades/5/null/7 204 0.162 ms - 0","timestamp":"2023-07-09T19:42:56.171Z"}
{"level":"info","message":"conexion - Conexión establecida","timestamp":"2023-07-09T19:42:56.218Z"}
{"level":"info","message":"GET /api/prestadores-especialidades/5/null/7 304 50.179 ms - -","timestamp":"2023-07-09T19:42:56.223Z"}
{"level":"info","message":"OPTIONS /api/horarios-profesionales/5/5387/7 204 0.311 ms - 0","timestamp":"2023-07-09T19:42:58.007Z"}
{"level":"info","message":"conexion - Conexión establecida","timestamp":"2023-07-09T19:42:58.055Z"}
{"level":"info","message":"GET /api/horarios-profesionales/5/5387/7 304 48.316 ms - -","timestamp":"2023-07-09T19:42:58.057Z"}
{"level":"info","message":"OPTIONS /api/prestadores-especialidades/5/null/13 204 0.113 ms - 0","timestamp":"2023-07-09T19:43:03.066Z"}
{"level":"info","message":"conexion - Conexión establecida","timestamp":"2023-07-09T19:43:03.115Z"}
{"level":"info","message":"GET /api/prestadores-especialidades/5/null/13 304 53.181 ms - -","timestamp":"2023-07-09T19:43:03.121Z"}
{"level":"info","message":"OPTIONS /api/horarios-profesionales/5/2650/13 204 0.127 ms - 0","timestamp":"2023-07-09T19:43:05.754Z"}
{"level":"info","message":"conexion - Conexión establecida","timestamp":"2023-07-09T19:43:05.787Z"}
{"level":"info","message":"GET /api/horarios-profesionales/5/2650/13 304 34.122 ms - -","timestamp":"2023-07-09T19:43:05.790Z"}
{"level":"info","message":"OPTIONS /api/prestadores-especialidades/5/null/4 204 0.204 ms - 0","timestamp":"2023-07-09T19:43:10.433Z"}
{"level":"info","message":"conexion - Conexión establecida","timestamp":"2023-07-09T19:43:10.490Z"}
{"level":"info","message":"GET /api/prestadores-especialidades/5/null/4 304 60.662 ms - -","timestamp":"2023-07-09T19:43:10.497Z"}
{"level":"info","message":"OPTIONS /api/horarios-profesionales/5/183/4 204 0.247 ms - 0","timestamp":"2023-07-09T19:43:11.420Z"}
{"level":"info","message":"conexion - Conexión establecida","timestamp":"2023-07-09T19:43:11.451Z"}
{"level":"info","message":"GET /api/horarios-profesionales/5/183/4 304 33.079 ms - -","timestamp":"2023-07-09T19:43:11.455Z"}
{"level":"info","message":"OPTIONS /api/horarios-profesionales/5/183/4 204 0.120 ms - 0","timestamp":"2023-07-09T19:43:23.324Z"}
{"level":"info","message":"conexion - Conexión establecida","timestamp":"2023-07-09T19:43:23.353Z"}
{"level":"info","message":"GET /api/horarios-profesionales/5/183/4 304 30.419 ms - -","timestamp":"2023-07-09T19:43:23.355Z"}
{"level":"info","message":"OPTIONS /api/prestadores/5 204 0.428 ms - 0","timestamp":"2023-07-09T19:43:25.914Z"}
{"level":"info","message":"conexion - Conexión establecida","timestamp":"2023-07-09T19:43:25.946Z"}
{"level":"info","message":"GET /api/prestadores/5 304 39.424 ms - -","timestamp":"2023-07-09T19:43:25.954Z"}
{"level":"info","message":"OPTIONS /api/prestadores-especialidades/5/4480/null 204 0.087 ms - 0","timestamp":"2023-07-09T19:43:28.943Z"}
{"level":"info","message":"conexion - Conexión establecida","timestamp":"2023-07-09T19:43:28.987Z"}
{"level":"info","message":"GET /api/prestadores-especialidades/5/4480/null 304 49.218 ms - -","timestamp":"2023-07-09T19:43:28.994Z"}
{"level":"info","message":"OPTIONS /api/horarios-profesionales/5/4480/38 204 0.078 ms - 0","timestamp":"2023-07-09T19:43:32.272Z"}
{"level":"info","message":"conexion - Conexión establecida","timestamp":"2023-07-09T19:43:32.312Z"}
{"level":"info","message":"GET /api/horarios-profesionales/5/4480/38 304 44.201 ms - -","timestamp":"2023-07-09T19:43:32.318Z"}
{"level":"info","message":"OPTIONS /api/prestadores-especialidades/5/945/null 204 0.163 ms - 0","timestamp":"2023-07-09T19:43:36.505Z"}
{"level":"info","message":"conexion - Conexión establecida","timestamp":"2023-07-09T19:43:36.546Z"}
{"level":"info","message":"GET /api/prestadores-especialidades/5/945/null 304 45.274 ms - -","timestamp":"2023-07-09T19:43:36.552Z"}
{"level":"info","message":"OPTIONS /api/horarios-profesionales/5/945/12 204 0.122 ms - 0","timestamp":"2023-07-09T19:43:40.964Z"}
{"level":"info","message":"conexion - Conexión establecida","timestamp":"2023-07-09T19:43:41.018Z"}
{"level":"info","message":"GET /api/horarios-profesionales/5/945/12 304 54.852 ms - -","timestamp":"2023-07-09T19:43:41.021Z"}
{"level":"info","message":"OPTIONS /api/prestadores-especialidades/5/4480/null 204 0.155 ms - 0","timestamp":"2023-07-09T19:43:45.601Z"}
{"level":"info","message":"conexion - Conexión establecida","timestamp":"2023-07-09T19:43:45.656Z"}
{"level":"info","message":"GET /api/prestadores-especialidades/5/4480/null 304 57.884 ms - -","timestamp":"2023-07-09T19:43:45.660Z"}
{"level":"info","message":"OPTIONS /api/horarios-profesionales/5/4480/Click%20para%20buscar 204 0.098 ms - 0","timestamp":"2023-07-09T19:43:48.120Z"}
{"level":"info","message":"conexion - Conexión establecida","timestamp":"2023-07-09T19:43:48.175Z"}
{"level":"info","message":"GET /api/horarios-profesionales/5/4480/Click%20para%20buscar 500 56.541 ms - 62","timestamp":"2023-07-09T19:43:48.182Z"}
{"level":"info","message":"OPTIONS /api/prestadores/5 204 0.271 ms - 0","timestamp":"2023-07-09T19:43:56.857Z"}
{"level":"info","message":"conexion - Conexión establecida","timestamp":"2023-07-09T19:43:56.890Z"}
{"level":"info","message":"GET /api/prestadores/5 304 39.853 ms - -","timestamp":"2023-07-09T19:43:56.899Z"}
{"level":"info","message":"OPTIONS /api/prestadores-especialidades/5/779/null 204 0.155 ms - 0","timestamp":"2023-07-09T19:43:59.121Z"}
{"level":"info","message":"conexion - Conexión establecida","timestamp":"2023-07-09T19:43:59.150Z"}
{"level":"info","message":"GET /api/prestadores-especialidades/5/779/null 304 31.572 ms - -","timestamp":"2023-07-09T19:43:59.154Z"}
{"level":"info","message":"OPTIONS /api/prestadores/5 204 0.111 ms - 0","timestamp":"2023-07-09T19:44:39.258Z"}
{"level":"info","message":"conexion - Conexión establecida","timestamp":"2023-07-09T19:44:39.311Z"}
{"level":"info","message":"GET /api/prestadores/5 304 59.375 ms - -","timestamp":"2023-07-09T19:44:39.319Z"}
{"level":"info","message":"OPTIONS /api/prestadores-especialidades/5/779/null 204 0.115 ms - 0","timestamp":"2023-07-09T19:44:42.388Z"}
{"level":"info","message":"conexion - Conexión establecida","timestamp":"2023-07-09T19:44:42.440Z"}
{"level":"info","message":"GET /api/prestadores-especialidades/5/779/null 304 55.210 ms - -","timestamp":"2023-07-09T19:44:42.445Z"}
{"level":"info","message":"OPTIONS /api/horarios-profesionales/5/779/17 204 0.193 ms - 0","timestamp":"2023-07-09T19:44:45.597Z"}
{"level":"info","message":"conexion - Conexión establecida","timestamp":"2023-07-09T19:44:45.653Z"}
{"level":"info","message":"GET /api/horarios-profesionales/5/779/17 304 55.543 ms - -","timestamp":"2023-07-09T19:44:45.656Z"}
{"level":"info","message":"OPTIONS /api/prestadores-especialidades/5/183/null 204 0.120 ms - 0","timestamp":"2023-07-09T19:44:49.088Z"}
{"level":"info","message":"conexion - Conexión establecida","timestamp":"2023-07-09T19:44:49.115Z"}
{"level":"info","message":"GET /api/prestadores-especialidades/5/183/null 304 31.604 ms - -","timestamp":"2023-07-09T19:44:49.121Z"}
{"level":"info","message":"OPTIONS /api/horarios-profesionales/5/183/4 204 0.207 ms - 0","timestamp":"2023-07-09T19:44:51.377Z"}
{"level":"info","message":"conexion - Conexión establecida","timestamp":"2023-07-09T19:44:51.422Z"}
{"level":"info","message":"GET /api/horarios-profesionales/5/183/4 304 44.213 ms - -","timestamp":"2023-07-09T19:44:51.424Z"}
{"level":"info","message":"conexion - Conexión establecida","timestamp":"2023-07-09T20:10:08.361Z"}
{"level":"info","message":"OPTIONS /api/listar_slides?id_sucursal=5 204 1.392 ms - 0","timestamp":"2023-07-09T20:10:13.524Z"}
{"level":"info","message":"OPTIONS /api/listar_textInf/5 204 1.496 ms - 0","timestamp":"2023-07-09T20:10:13.530Z"}
{"level":"info","message":"GET /api/listar_slides?id_sucursal=5 304 7.138 ms - -","timestamp":"2023-07-09T20:10:13.542Z"}
{"level":"info","message":"conexion - Conexión establecida","timestamp":"2023-07-09T20:10:13.578Z"}
{"level":"info","message":"GET /api/listar_textInf/5 304 43.515 ms - -","timestamp":"2023-07-09T20:10:13.588Z"}
{"level":"info","message":"OPTIONS /api/listar_slides?id_sucursal=5 204 0.164 ms - 0","timestamp":"2023-07-09T20:10:52.823Z"}
{"level":"info","message":"OPTIONS /api/listar_textInf/5 204 3.420 ms - 0","timestamp":"2023-07-09T20:10:52.833Z"}
{"level":"info","message":"GET /api/listar_slides?id_sucursal=5 304 14.763 ms - -","timestamp":"2023-07-09T20:10:52.851Z"}
{"level":"info","message":"conexion - Conexión establecida","timestamp":"2023-07-09T20:10:52.915Z"}
{"level":"info","message":"GET /api/listar_textInf/5 304 69.576 ms - -","timestamp":"2023-07-09T20:10:52.923Z"}
{"level":"info","message":"OPTIONS /api/prestadores/5 204 0.167 ms - 0","timestamp":"2023-07-09T20:11:05.372Z"}
{"level":"info","message":"conexion - Conexión establecida","timestamp":"2023-07-09T20:11:05.400Z"}
{"level":"info","message":"GET /api/prestadores/5 304 38.521 ms - -","timestamp":"2023-07-09T20:11:05.415Z"}
{"level":"info","message":"OPTIONS /api/prestadores-especialidades/5/4480/null 204 0.170 ms - 0","timestamp":"2023-07-09T20:11:08.083Z"}
{"level":"info","message":"conexion - Conexión establecida","timestamp":"2023-07-09T20:11:08.113Z"}
{"level":"info","message":"GET /api/prestadores-especialidades/5/4480/null 304 33.198 ms - -","timestamp":"2023-07-09T20:11:08.119Z"}
{"level":"info","message":"OPTIONS /api/horarios-profesionales/5/4480/38 204 0.149 ms - 0","timestamp":"2023-07-09T20:11:10.081Z"}
{"level":"info","message":"conexion - Conexión establecida","timestamp":"2023-07-09T20:11:10.122Z"}
{"level":"info","message":"GET /api/horarios-profesionales/5/4480/38 304 43.322 ms - -","timestamp":"2023-07-09T20:11:10.129Z"}
{"level":"info","message":"conexion - Conexión establecida","timestamp":"2023-07-09T20:25:56.662Z"}
{"level":"info","message":"OPTIONS /api/prestadores/5 204 3.143 ms - 0","timestamp":"2023-07-09T20:26:13.009Z"}
{"level":"info","message":"conexion - Conexión establecida","timestamp":"2023-07-09T20:26:13.058Z"}
{"level":"info","message":"GET /api/prestadores/5 304 57.994 ms - -","timestamp":"2023-07-09T20:26:13.071Z"}
{"level":"info","message":"OPTIONS /api/prestadores-especialidades/5/4480/null 204 0.206 ms - 0","timestamp":"2023-07-09T20:26:15.852Z"}
{"level":"info","message":"conexion - Conexión establecida","timestamp":"2023-07-09T20:26:15.907Z"}
{"level":"info","message":"GET /api/prestadores-especialidades/5/4480/null 304 59.058 ms - -","timestamp":"2023-07-09T20:26:15.915Z"}
{"level":"info","message":"OPTIONS /api/horarios-profesionales/5/4480/38 204 0.142 ms - 0","timestamp":"2023-07-09T20:26:17.896Z"}
{"level":"info","message":"conexion - Conexión establecida","timestamp":"2023-07-09T20:26:17.963Z"}
{"level":"info","message":"GET /api/horarios-profesionales/5/4480/38 304 70.869 ms - -","timestamp":"2023-07-09T20:26:17.969Z"}
{"level":"info","message":"conexion - Conexión establecida","timestamp":"2023-07-09T20:29:40.814Z"}
{"level":"info","message":"OPTIONS /api/listar_textInf/5 204 1.570 ms - 0","timestamp":"2023-07-09T20:33:50.384Z"}
{"level":"info","message":"OPTIONS /api/listar_slides?id_sucursal=5 204 0.447 ms - 0","timestamp":"2023-07-09T20:33:50.387Z"}
{"level":"info","message":"GET /api/listar_slides?id_sucursal=5 304 7.466 ms - -","timestamp":"2023-07-09T20:33:50.404Z"}
{"level":"info","message":"conexion - Conexión establecida","timestamp":"2023-07-09T20:33:50.437Z"}
{"level":"info","message":"GET /api/listar_textInf/5 304 57.154 ms - -","timestamp":"2023-07-09T20:33:50.464Z"}
{"level":"info","message":"OPTIONS /api/prestadores/5 204 0.129 ms - 0","timestamp":"2023-07-09T20:34:23.243Z"}
{"level":"info","message":"conexion - Conexión establecida","timestamp":"2023-07-09T20:34:23.289Z"}
{"level":"info","message":"GET /api/prestadores/5 304 53.678 ms - -","timestamp":"2023-07-09T20:34:23.299Z"}
{"level":"info","message":"OPTIONS /api/prestadores-especialidades/5/4480/null 204 0.135 ms - 0","timestamp":"2023-07-09T20:34:27.046Z"}
{"level":"info","message":"conexion - Conexión establecida","timestamp":"2023-07-09T20:34:27.076Z"}
{"level":"info","message":"GET /api/prestadores-especialidades/5/4480/null 304 32.951 ms - -","timestamp":"2023-07-09T20:34:27.082Z"}
{"level":"info","message":"OPTIONS /api/horarios-profesionales/5/4480/38 204 0.278 ms - 0","timestamp":"2023-07-09T20:34:29.546Z"}
{"level":"info","message":"conexion - Conexión establecida","timestamp":"2023-07-09T20:34:29.576Z"}
{"level":"info","message":"GET /api/horarios-profesionales/5/4480/38 304 31.901 ms - -","timestamp":"2023-07-09T20:34:29.582Z"}
{"level":"info","message":"OPTIONS /api/prestadores-especialidades/5/2694/null 204 0.226 ms - 0","timestamp":"2023-07-09T20:34:34.529Z"}
{"level":"info","message":"conexion - Conexión establecida","timestamp":"2023-07-09T20:34:34.569Z"}
{"level":"info","message":"GET /api/prestadores-especialidades/5/2694/null 304 42.771 ms - -","timestamp":"2023-07-09T20:34:34.575Z"}
{"level":"info","message":"OPTIONS /api/horarios-profesionales/5/2694/12 204 0.227 ms - 0","timestamp":"2023-07-09T20:34:36.631Z"}
{"level":"info","message":"conexion - Conexión establecida","timestamp":"2023-07-09T20:34:36.693Z"}
{"level":"info","message":"GET /api/horarios-profesionales/5/2694/12 304 62.429 ms - -","timestamp":"2023-07-09T20:34:36.697Z"}
{"level":"info","message":"OPTIONS /api/especialidades/5 204 0.155 ms - 0","timestamp":"2023-07-09T20:34:40.219Z"}
{"level":"info","message":"conexion - Conexión establecida","timestamp":"2023-07-09T20:34:40.252Z"}
{"level":"info","message":"GET /api/especialidades/5 304 38.116 ms - -","timestamp":"2023-07-09T20:34:40.263Z"}
{"level":"info","message":"OPTIONS /api/prestadores-especialidades/5/null/13 204 0.166 ms - 0","timestamp":"2023-07-09T20:34:47.746Z"}
{"level":"info","message":"conexion - Conexión establecida","timestamp":"2023-07-09T20:34:47.786Z"}
{"level":"info","message":"GET /api/prestadores-especialidades/5/null/13 304 44.552 ms - -","timestamp":"2023-07-09T20:34:47.792Z"}
{"level":"info","message":"OPTIONS /api/horarios-profesionales/5/2650/13 204 0.309 ms - 0","timestamp":"2023-07-09T20:34:50.269Z"}
{"level":"info","message":"conexion - Conexión establecida","timestamp":"2023-07-09T20:34:50.319Z"}
{"level":"info","message":"GET /api/horarios-profesionales/5/2650/13 304 53.034 ms - -","timestamp":"2023-07-09T20:34:50.329Z"}
{"level":"info","message":"OPTIONS /api/listar_slides?id_sucursal=5 204 0.169 ms - 0","timestamp":"2023-07-09T20:36:30.618Z"}
{"level":"info","message":"OPTIONS /api/listar_textInf/5 204 0.132 ms - 0","timestamp":"2023-07-09T20:36:30.621Z"}
{"level":"info","message":"GET /api/listar_slides?id_sucursal=5 304 2.505 ms - -","timestamp":"2023-07-09T20:36:30.626Z"}
{"level":"info","message":"conexion - Conexión establecida","timestamp":"2023-07-09T20:36:30.672Z"}
{"level":"info","message":"GET /api/listar_textInf/5 304 51.557 ms - -","timestamp":"2023-07-09T20:36:30.681Z"}
