{"level":"info","message":"OPTIONS /api/listar_slides?id_sucursal=5 204 0.950 ms - 0","timestamp":"2023-07-13T14:34:01.469Z"}
{"level":"info","message":"OPTIONS /api/listar_textInf/5 204 0.300 ms - 0","timestamp":"2023-07-13T14:34:01.473Z"}
{"level":"info","message":"GET /api/listar_slides?id_sucursal=5 304 5.463 ms - -","timestamp":"2023-07-13T14:34:01.484Z"}
{"level":"info","message":"conexion - Conexión establecida","timestamp":"2023-07-13T14:34:01.520Z"}
{"level":"info","message":"GET /api/listar_textInf/5 304 72.402 ms - -","timestamp":"2023-07-13T14:34:01.561Z"}
{"level":"info","message":"OPTIONS /api/listar_slides?id_sucursal=5 204 0.228 ms - 0","timestamp":"2023-07-13T14:46:22.606Z"}
{"level":"info","message":"OPTIONS /api/listar_textInf/5 204 0.156 ms - 0","timestamp":"2023-07-13T14:46:22.608Z"}
{"level":"info","message":"GET /api/listar_slides?id_sucursal=5 200 1.384 ms - 142","timestamp":"2023-07-13T14:46:22.613Z"}
{"level":"info","message":"conexion - Conexión establecida","timestamp":"2023-07-13T14:46:22.662Z"}
{"level":"info","message":"GET /api/listar_textInf/5 200 48.079 ms - 366","timestamp":"2023-07-13T14:46:22.668Z"}
{"level":"info","message":"OPTIONS /api/listar_textInf/5 204 0.534 ms - 0","timestamp":"2023-07-13T14:51:12.816Z"}
{"level":"info","message":"OPTIONS /api/listar_slides?id_sucursal=5 204 0.215 ms - 0","timestamp":"2023-07-13T14:51:12.818Z"}
{"level":"info","message":"GET /api/listar_slides?id_sucursal=5 200 2.376 ms - 142","timestamp":"2023-07-13T14:51:12.840Z"}
{"level":"info","message":"conexion - Conexión establecida","timestamp":"2023-07-13T14:51:12.863Z"}
{"level":"info","message":"GET /api/listar_textInf/5 200 35.265 ms - 366","timestamp":"2023-07-13T14:51:12.869Z"}
{"level":"info","message":"OPTIONS /api/listar_textInf/5 204 0.435 ms - 0","timestamp":"2023-07-13T14:53:03.418Z"}
{"level":"info","message":"OPTIONS /api/listar_slides?id_sucursal=5 204 0.251 ms - 0","timestamp":"2023-07-13T14:53:03.420Z"}
{"level":"info","message":"GET /api/listar_slides?id_sucursal=5 200 2.112 ms - 142","timestamp":"2023-07-13T14:53:03.436Z"}
{"level":"info","message":"conexion - Conexión establecida","timestamp":"2023-07-13T14:53:03.469Z"}
{"level":"info","message":"GET /api/listar_textInf/5 200 42.671 ms - 366","timestamp":"2023-07-13T14:53:03.474Z"}
{"level":"info","message":"OPTIONS /api/listar_slides?id_sucursal=5 204 0.096 ms - 0","timestamp":"2023-07-13T14:54:08.722Z"}
{"level":"info","message":"OPTIONS /api/listar_textInf/5 204 0.167 ms - 0","timestamp":"2023-07-13T14:54:08.723Z"}
{"level":"info","message":"GET /api/listar_slides?id_sucursal=5 304 1.168 ms - -","timestamp":"2023-07-13T14:54:08.736Z"}
{"level":"info","message":"conexion - Conexión establecida","timestamp":"2023-07-13T14:54:08.762Z"}
{"level":"info","message":"GET /api/listar_textInf/5 304 32.330 ms - -","timestamp":"2023-07-13T14:54:08.767Z"}
{"level":"info","message":"OPTIONS /api/listar_slides?id_sucursal=5 204 0.256 ms - 0","timestamp":"2023-07-13T14:56:47.025Z"}
{"level":"info","message":"OPTIONS /api/listar_textInf/5 204 0.226 ms - 0","timestamp":"2023-07-13T14:56:47.027Z"}
{"level":"info","message":"GET /api/listar_slides?id_sucursal=5 200 1.981 ms - 142","timestamp":"2023-07-13T14:56:47.048Z"}
{"level":"info","message":"conexion - Conexión establecida","timestamp":"2023-07-13T14:56:47.072Z"}
{"level":"info","message":"GET /api/listar_textInf/5 200 34.578 ms - 366","timestamp":"2023-07-13T14:56:47.078Z"}
{"level":"info","message":"OPTIONS /api/listar_textInf/5 204 0.218 ms - 0","timestamp":"2023-07-13T15:09:21.489Z"}
{"level":"info","message":"OPTIONS /api/listar_slides?id_sucursal=5 204 0.200 ms - 0","timestamp":"2023-07-13T15:09:21.491Z"}
{"level":"info","message":"GET /api/listar_slides?id_sucursal=5 304 2.635 ms - -","timestamp":"2023-07-13T15:09:21.504Z"}
{"level":"info","message":"conexion - Conexión establecida","timestamp":"2023-07-13T15:09:21.543Z"}
{"level":"info","message":"GET /api/listar_textInf/5 304 51.318 ms - -","timestamp":"2023-07-13T15:09:21.548Z"}
{"level":"info","message":"OPTIONS /api/listar_slides?id_sucursal=5 204 0.381 ms - 0","timestamp":"2023-07-13T15:49:13.128Z"}
{"level":"info","message":"OPTIONS /api/listar_textInf/5 204 0.331 ms - 0","timestamp":"2023-07-13T15:49:13.131Z"}
{"level":"info","message":"GET /api/listar_slides?id_sucursal=5 200 6.734 ms - 142","timestamp":"2023-07-13T15:49:13.145Z"}
{"level":"info","message":"conexion - Conexión establecida","timestamp":"2023-07-13T15:49:13.181Z"}
{"level":"info","message":"GET /api/listar_textInf/5 200 46.824 ms - 366","timestamp":"2023-07-13T15:49:13.187Z"}
{"level":"info","message":"OPTIONS /api/listar_slides?id_sucursal=5 204 0.218 ms - 0","timestamp":"2023-07-13T17:45:09.741Z"}
{"level":"info","message":"OPTIONS /api/listar_textInf/5 204 0.223 ms - 0","timestamp":"2023-07-13T17:45:09.744Z"}
{"level":"info","message":"GET /api/listar_slides?id_sucursal=5 200 1.616 ms - 142","timestamp":"2023-07-13T17:45:09.748Z"}
{"level":"info","message":"conexion - Conexión establecida","timestamp":"2023-07-13T17:45:09.798Z"}
{"level":"info","message":"GET /api/listar_textInf/5 200 79.792 ms - 366","timestamp":"2023-07-13T17:45:09.829Z"}
{"level":"info","message":"OPTIONS /api/listar_slides?id_sucursal=5 204 0.177 ms - 0","timestamp":"2023-07-13T17:45:52.191Z"}
{"level":"info","message":"OPTIONS /api/listar_textInf/5 204 0.164 ms - 0","timestamp":"2023-07-13T17:45:52.194Z"}
{"level":"info","message":"GET /api/listar_slides?id_sucursal=5 304 3.369 ms - -","timestamp":"2023-07-13T17:45:52.212Z"}
{"level":"info","message":"conexion - Conexión establecida","timestamp":"2023-07-13T17:45:52.246Z"}
{"level":"info","message":"GET /api/listar_textInf/5 304 38.218 ms - -","timestamp":"2023-07-13T17:45:52.251Z"}
