{"level":"info","message":"OPTIONS /api/listar_slides2?id_sucursal=5 204 0.129 ms - 0","timestamp":"2023-06-29T22:49:06.902Z"}
{"level":"info","message":"GET /api/listar_slides2?id_sucursal=5 304 8.061 ms - -","timestamp":"2023-06-29T22:49:06.915Z"}
{"level":"info","message":"OPTIONS /api/listar_textInf/5 204 0.110 ms - 0","timestamp":"2023-06-29T22:49:06.923Z"}
{"level":"info","message":"conexion - Conexión establecida","timestamp":"2023-06-29T22:49:06.955Z"}
{"level":"info","message":"GET /api/listar_textInf/5 304 36.409 ms - -","timestamp":"2023-06-29T22:49:06.961Z"}
{"level":"info","message":"OPTIONS /api/listar_slides2?id_sucursal=5 204 0.109 ms - 0","timestamp":"2023-06-29T22:54:41.694Z"}
{"level":"info","message":"OPTIONS /api/listar_textInf/5 204 0.129 ms - 0","timestamp":"2023-06-29T22:54:41.696Z"}
{"level":"info","message":"GET /api/listar_slides2?id_sucursal=5 304 2.039 ms - -","timestamp":"2023-06-29T22:54:41.700Z"}
{"level":"info","message":"conexion - Conexión establecida","timestamp":"2023-06-29T22:54:41.725Z"}
{"level":"info","message":"GET /api/listar_textInf/5 304 31.811 ms - -","timestamp":"2023-06-29T22:54:41.730Z"}
{"level":"info","message":"OPTIONS /api/listar_slides2?id_sucursal=5 204 0.106 ms - 0","timestamp":"2023-06-29T22:54:51.966Z"}
{"level":"info","message":"OPTIONS /api/listar_textInf/5 204 0.104 ms - 0","timestamp":"2023-06-29T22:54:51.968Z"}
{"level":"info","message":"GET /api/listar_slides2?id_sucursal=5 304 3.625 ms - -","timestamp":"2023-06-29T22:54:51.973Z"}
{"level":"info","message":"conexion - Conexión establecida","timestamp":"2023-06-29T22:54:52.000Z"}
{"level":"info","message":"GET /api/listar_textInf/5 304 36.870 ms - -","timestamp":"2023-06-29T22:54:52.007Z"}
{"level":"info","message":"OPTIONS /api/registro_textInf 204 0.121 ms - 0","timestamp":"2023-06-29T22:54:57.498Z"}
{"level":"info","message":"conexion - Conexión establecida","timestamp":"2023-06-29T22:54:57.531Z"}
{"level":"info","message":"POST /api/registro_textInf 404 53.545 ms - 386","timestamp":"2023-06-29T22:54:57.553Z"}
{"level":"info","message":"OPTIONS /api/listar_slides2?id_sucursal=5 204 0.105 ms - 0","timestamp":"2023-06-29T22:56:27.585Z"}
{"level":"info","message":"OPTIONS /api/listar_textInf/5 204 0.141 ms - 0","timestamp":"2023-06-29T22:56:27.586Z"}
{"level":"info","message":"GET /api/listar_slides2?id_sucursal=5 304 1.624 ms - -","timestamp":"2023-06-29T22:56:27.589Z"}
{"level":"info","message":"conexion - Conexión establecida","timestamp":"2023-06-29T22:56:27.631Z"}
{"level":"info","message":"GET /api/listar_textInf/5 304 52.268 ms - -","timestamp":"2023-06-29T22:56:27.642Z"}
{"level":"info","message":"GET /api/listar_slides2?id_sucursal=5 304 2.637 ms - -","timestamp":"2023-06-29T22:56:31.536Z"}
{"level":"info","message":"conexion - Conexión establecida","timestamp":"2023-06-29T22:56:31.576Z"}
{"level":"info","message":"GET /api/listar_textInf/5 304 44.441 ms - -","timestamp":"2023-06-29T22:56:31.582Z"}
{"level":"info","message":"OPTIONS /api/registro_textInf 204 0.125 ms - 0","timestamp":"2023-06-29T22:56:34.960Z"}
{"level":"info","message":"conexion - Conexión establecida","timestamp":"2023-06-29T22:56:34.989Z"}
{"level":"info","message":"POST /api/registro_textInf 404 36.637 ms - 386","timestamp":"2023-06-29T22:56:34.998Z"}
{"level":"info","message":"OPTIONS /api/registro_textInf 204 0.119 ms - 0","timestamp":"2023-06-29T22:56:55.775Z"}
{"level":"info","message":"conexion - Conexión establecida","timestamp":"2023-06-29T22:56:55.814Z"}
{"level":"info","message":"POST /api/registro_textInf 404 45.370 ms - 386","timestamp":"2023-06-29T22:56:55.824Z"}
{"level":"info","message":"OPTIONS /api/listar_slides2?id_sucursal=5 204 0.103 ms - 0","timestamp":"2023-06-29T22:57:19.659Z"}
{"level":"info","message":"GET /api/listar_slides2?id_sucursal=5 304 1.643 ms - -","timestamp":"2023-06-29T22:57:19.662Z"}
{"level":"info","message":"OPTIONS /api/listar_textInf/5 204 0.068 ms - 0","timestamp":"2023-06-29T22:57:19.663Z"}
{"level":"info","message":"conexion - Conexión establecida","timestamp":"2023-06-29T22:57:19.705Z"}
{"level":"info","message":"GET /api/listar_textInf/5 304 45.323 ms - -","timestamp":"2023-06-29T22:57:19.710Z"}
{"level":"info","message":"OPTIONS /api/registro_textInf 204 0.109 ms - 0","timestamp":"2023-06-29T22:57:27.731Z"}
{"level":"info","message":"conexion - Conexión establecida","timestamp":"2023-06-29T22:57:27.759Z"}
{"level":"info","message":"POST /api/registro_textInf 404 36.250 ms - 386","timestamp":"2023-06-29T22:57:27.769Z"}
{"level":"info","message":"OPTIONS /api/listar_slides2?id_sucursal=5 204 0.104 ms - 0","timestamp":"2023-06-29T22:58:02.370Z"}
{"level":"info","message":"OPTIONS /api/listar_textInf/5 204 0.102 ms - 0","timestamp":"2023-06-29T22:58:02.374Z"}
{"level":"info","message":"GET /api/listar_slides2?id_sucursal=5 304 2.738 ms - -","timestamp":"2023-06-29T22:58:02.375Z"}
{"level":"info","message":"conexion - Conexión establecida","timestamp":"2023-06-29T22:58:02.408Z"}
{"level":"info","message":"GET /api/listar_textInf/5 304 36.743 ms - -","timestamp":"2023-06-29T22:58:02.414Z"}
{"level":"info","message":"OPTIONS /api/registro_textInf 204 0.149 ms - 0","timestamp":"2023-06-29T22:58:04.231Z"}
{"level":"info","message":"conexion - Conexión establecida","timestamp":"2023-06-29T22:58:04.258Z"}
{"level":"info","message":"POST /api/registro_textInf 404 34.562 ms - 386","timestamp":"2023-06-29T22:58:04.266Z"}
{"level":"info","message":"OPTIONS /api/listar_slides2?id_sucursal=5 204 0.121 ms - 0","timestamp":"2023-06-29T22:58:24.585Z"}
{"level":"info","message":"GET /api/listar_slides2?id_sucursal=5 304 1.545 ms - -","timestamp":"2023-06-29T22:58:24.588Z"}
{"level":"info","message":"OPTIONS /api/listar_textInf/5 204 0.111 ms - 0","timestamp":"2023-06-29T22:58:24.590Z"}
{"level":"info","message":"conexion - Conexión establecida","timestamp":"2023-06-29T22:58:24.641Z"}
{"level":"info","message":"GET /api/listar_textInf/5 304 55.873 ms - -","timestamp":"2023-06-29T22:58:24.647Z"}
{"level":"info","message":"OPTIONS /api/registro_textInf 204 0.137 ms - 0","timestamp":"2023-06-29T22:58:26.546Z"}
{"level":"info","message":"conexion - Conexión establecida","timestamp":"2023-06-29T22:58:26.574Z"}
{"level":"info","message":"POST /api/registro_textInf 404 35.191 ms - 386","timestamp":"2023-06-29T22:58:26.582Z"}
{"level":"info","message":"OPTIONS /api/listar_slides2?id_sucursal=5 204 0.103 ms - 0","timestamp":"2023-06-29T22:58:47.597Z"}
{"level":"info","message":"OPTIONS /api/listar_textInf/5 204 0.106 ms - 0","timestamp":"2023-06-29T22:58:47.600Z"}
{"level":"info","message":"GET /api/listar_slides2?id_sucursal=5 304 3.136 ms - -","timestamp":"2023-06-29T22:58:47.605Z"}
{"level":"info","message":"conexion - Conexión establecida","timestamp":"2023-06-29T22:58:47.635Z"}
{"level":"info","message":"GET /api/listar_textInf/5 304 35.228 ms - -","timestamp":"2023-06-29T22:58:47.641Z"}
{"level":"info","message":"OPTIONS /api/registro_textInf 204 0.213 ms - 0","timestamp":"2023-06-29T22:58:49.944Z"}
{"level":"info","message":"conexion - Conexión establecida","timestamp":"2023-06-29T22:58:49.983Z"}
{"level":"info","message":"POST /api/registro_textInf 404 46.964 ms - 386","timestamp":"2023-06-29T22:58:49.992Z"}
{"level":"info","message":"OPTIONS /api/listar_slides2?id_sucursal=5 204 0.257 ms - 0","timestamp":"2023-06-29T23:00:38.273Z"}
{"level":"info","message":"OPTIONS /api/listar_textInf/5 204 0.120 ms - 0","timestamp":"2023-06-29T23:00:38.275Z"}
{"level":"info","message":"GET /api/listar_slides2?id_sucursal=5 304 2.917 ms - -","timestamp":"2023-06-29T23:00:38.281Z"}
{"level":"info","message":"conexion - Conexión establecida","timestamp":"2023-06-29T23:00:38.318Z"}
{"level":"info","message":"GET /api/listar_textInf/5 200 51.201 ms - 51","timestamp":"2023-06-29T23:00:38.330Z"}
{"level":"info","message":"OPTIONS /api/registro_textInf 204 0.114 ms - 0","timestamp":"2023-06-29T23:01:02.797Z"}
{"level":"info","message":"conexion - Conexión establecida","timestamp":"2023-06-29T23:01:02.828Z"}
{"level":"info","message":"POST /api/registro_textInf 404 39.654 ms - 326","timestamp":"2023-06-29T23:01:02.837Z"}
{"level":"info","message":"OPTIONS /api/listar_slides2?id_sucursal=5 204 0.109 ms - 0","timestamp":"2023-06-29T23:02:20.342Z"}
{"level":"info","message":"OPTIONS /api/listar_textInf/5 204 0.114 ms - 0","timestamp":"2023-06-29T23:02:20.343Z"}
{"level":"info","message":"GET /api/listar_slides2?id_sucursal=5 304 1.819 ms - -","timestamp":"2023-06-29T23:02:20.348Z"}
{"level":"info","message":"conexion - Conexión establecida","timestamp":"2023-06-29T23:02:20.374Z"}
{"level":"info","message":"GET /api/listar_textInf/5 304 33.698 ms - -","timestamp":"2023-06-29T23:02:20.380Z"}
{"level":"info","message":"OPTIONS /api/registro_textInf 204 0.132 ms - 0","timestamp":"2023-06-29T23:03:04.908Z"}
{"level":"info","message":"conexion - Conexión establecida","timestamp":"2023-06-29T23:03:04.935Z"}
{"level":"info","message":"POST /api/registro_textInf 404 37.438 ms - 326","timestamp":"2023-06-29T23:03:04.946Z"}
{"level":"info","message":"OPTIONS /api/listar_slides2?id_sucursal=5 204 0.127 ms - 0","timestamp":"2023-06-29T23:04:00.085Z"}
{"level":"info","message":"OPTIONS /api/listar_textInf/5 204 0.105 ms - 0","timestamp":"2023-06-29T23:04:00.086Z"}
{"level":"info","message":"GET /api/listar_slides2?id_sucursal=5 304 2.976 ms - -","timestamp":"2023-06-29T23:04:00.093Z"}
{"level":"info","message":"conexion - Conexión establecida","timestamp":"2023-06-29T23:04:00.155Z"}
{"level":"info","message":"GET /api/listar_textInf/5 304 70.231 ms - -","timestamp":"2023-06-29T23:04:00.164Z"}
{"level":"info","message":"conexion - Conexión establecida","timestamp":"2023-06-29T23:04:33.891Z"}
{"level":"info","message":"GET /api/listar_textInf/5 200 45.548 ms - 51","timestamp":"2023-06-29T23:04:33.896Z"}
{"level":"info","message":"OPTIONS /api/listar_slides2?id_sucursal=5 204 0.108 ms - 0","timestamp":"2023-06-29T23:06:38.599Z"}
{"level":"info","message":"OPTIONS /api/listar_textInf/5 204 0.109 ms - 0","timestamp":"2023-06-29T23:06:38.600Z"}
{"level":"info","message":"GET /api/listar_slides2?id_sucursal=5 304 1.180 ms - -","timestamp":"2023-06-29T23:06:38.603Z"}
{"level":"info","message":"conexion - Conexión establecida","timestamp":"2023-06-29T23:06:38.630Z"}
{"level":"info","message":"GET /api/listar_textInf/5 304 31.364 ms - -","timestamp":"2023-06-29T23:06:38.635Z"}
{"level":"info","message":"OPTIONS /api/registro_textInf 204 0.118 ms - 0","timestamp":"2023-06-29T23:07:03.067Z"}
{"level":"info","message":"conexion - Conexión establecida","timestamp":"2023-06-29T23:07:03.093Z"}
{"level":"info","message":"POST /api/registro_textInf 200 40.509 ms - 55","timestamp":"2023-06-29T23:07:03.108Z"}
{"level":"info","message":"OPTIONS /api/listar_textInf/5 204 0.113 ms - 0","timestamp":"2023-06-29T23:07:03.114Z"}
{"level":"info","message":"conexion - Conexión establecida","timestamp":"2023-06-29T23:07:03.143Z"}
{"level":"info","message":"GET /api/listar_textInf/5 200 32.850 ms - 170","timestamp":"2023-06-29T23:07:03.148Z"}
{"level":"info","message":"OPTIONS /api/registro_textInf 204 0.159 ms - 0","timestamp":"2023-06-29T23:07:11.502Z"}
{"level":"info","message":"conexion - Conexión establecida","timestamp":"2023-06-29T23:07:11.530Z"}
{"level":"info","message":"POST /api/registro_textInf 404 36.296 ms - 386","timestamp":"2023-06-29T23:07:11.540Z"}
{"level":"info","message":"OPTIONS /api/listar_slides2?id_sucursal=5 204 0.118 ms - 0","timestamp":"2023-06-29T23:10:11.653Z"}
{"level":"info","message":"GET /api/listar_slides2?id_sucursal=5 304 1.155 ms - -","timestamp":"2023-06-29T23:10:11.656Z"}
{"level":"info","message":"OPTIONS /api/listar_textInf/5 204 0.104 ms - 0","timestamp":"2023-06-29T23:10:11.658Z"}
{"level":"info","message":"conexion - Conexión establecida","timestamp":"2023-06-29T23:10:11.687Z"}
{"level":"info","message":"GET /api/listar_textInf/5 304 31.985 ms - -","timestamp":"2023-06-29T23:10:11.692Z"}
{"level":"info","message":"GET /api/listar_slides2?id_sucursal=5 304 1.572 ms - -","timestamp":"2023-06-29T23:10:16.445Z"}
{"level":"info","message":"conexion - Conexión establecida","timestamp":"2023-06-29T23:10:16.493Z"}
{"level":"info","message":"GET /api/listar_textInf/5 304 52.275 ms - -","timestamp":"2023-06-29T23:10:16.499Z"}
{"level":"info","message":"OPTIONS /api/modificar_textInf 204 0.131 ms - 0","timestamp":"2023-06-29T23:10:25.980Z"}
{"level":"info","message":"conexion - Conexión establecida","timestamp":"2023-06-29T23:10:26.009Z"}
{"level":"info","message":"PUT /api/modificar_textInf 200 35.504 ms - 56","timestamp":"2023-06-29T23:10:26.017Z"}
{"level":"info","message":"OPTIONS /api/listar_textInf/5 204 0.124 ms - 0","timestamp":"2023-06-29T23:10:26.023Z"}
{"level":"info","message":"conexion - Conexión establecida","timestamp":"2023-06-29T23:10:26.051Z"}
{"level":"info","message":"GET /api/listar_textInf/5 200 31.687 ms - 168","timestamp":"2023-06-29T23:10:26.056Z"}
{"level":"info","message":"OPTIONS /api/modificar_textInf 204 0.153 ms - 0","timestamp":"2023-06-29T23:10:40.643Z"}
{"level":"info","message":"conexion - Conexión establecida","timestamp":"2023-06-29T23:10:40.696Z"}
{"level":"info","message":"PUT /api/modificar_textInf 200 59.367 ms - 56","timestamp":"2023-06-29T23:10:40.703Z"}
{"level":"info","message":"OPTIONS /api/listar_textInf/5 204 0.140 ms - 0","timestamp":"2023-06-29T23:10:40.709Z"}
{"level":"info","message":"conexion - Conexión establecida","timestamp":"2023-06-29T23:10:40.751Z"}
{"level":"info","message":"GET /api/listar_textInf/5 200 46.473 ms - 168","timestamp":"2023-06-29T23:10:40.757Z"}
{"level":"info","message":"OPTIONS /api/modificar_textInf 204 0.131 ms - 0","timestamp":"2023-06-29T23:10:50.952Z"}
{"level":"info","message":"conexion - Conexión establecida","timestamp":"2023-06-29T23:10:50.994Z"}
{"level":"info","message":"PUT /api/modificar_textInf 200 48.344 ms - 56","timestamp":"2023-06-29T23:10:51.002Z"}
{"level":"info","message":"OPTIONS /api/listar_textInf/5 204 0.114 ms - 0","timestamp":"2023-06-29T23:10:51.006Z"}
{"level":"info","message":"conexion - Conexión establecida","timestamp":"2023-06-29T23:10:51.033Z"}
{"level":"info","message":"GET /api/listar_textInf/5 200 30.726 ms - 164","timestamp":"2023-06-29T23:10:51.038Z"}
{"level":"info","message":"OPTIONS /api/listar_slides2?id_sucursal=5 204 0.107 ms - 0","timestamp":"2023-06-29T23:14:09.422Z"}
{"level":"info","message":"GET /api/listar_slides2?id_sucursal=5 304 1.850 ms - -","timestamp":"2023-06-29T23:14:09.426Z"}
{"level":"info","message":"OPTIONS /api/listar_textInf/5 204 0.113 ms - 0","timestamp":"2023-06-29T23:14:09.427Z"}
{"level":"info","message":"conexion - Conexión establecida","timestamp":"2023-06-29T23:14:09.456Z"}
{"level":"info","message":"GET /api/listar_textInf/5 304 31.973 ms - -","timestamp":"2023-06-29T23:14:09.461Z"}
{"level":"info","message":"OPTIONS /api/listar_slides2?id_sucursal=5 204 0.108 ms - 0","timestamp":"2023-06-29T23:14:16.137Z"}
{"level":"info","message":"OPTIONS /api/listar_textInf/5 204 0.102 ms - 0","timestamp":"2023-06-29T23:14:16.138Z"}
{"level":"info","message":"GET /api/listar_slides2?id_sucursal=5 304 1.645 ms - -","timestamp":"2023-06-29T23:14:16.141Z"}
{"level":"info","message":"conexion - Conexión establecida","timestamp":"2023-06-29T23:14:16.179Z"}
{"level":"info","message":"GET /api/listar_textInf/5 304 56.823 ms - -","timestamp":"2023-06-29T23:14:16.211Z"}
{"level":"info","message":"OPTIONS /api/modificar_textInf 204 0.110 ms - 0","timestamp":"2023-06-29T23:14:27.941Z"}
{"level":"info","message":"conexion - Conexión establecida","timestamp":"2023-06-29T23:14:27.978Z"}
{"level":"info","message":"PUT /api/modificar_textInf 200 43.355 ms - 56","timestamp":"2023-06-29T23:14:27.986Z"}
{"level":"info","message":"OPTIONS /api/listar_textInf/5 204 0.128 ms - 0","timestamp":"2023-06-29T23:14:27.992Z"}
{"level":"info","message":"conexion - Conexión establecida","timestamp":"2023-06-29T23:14:28.020Z"}
{"level":"info","message":"GET /api/listar_textInf/5 200 31.231 ms - 116","timestamp":"2023-06-29T23:14:28.025Z"}
{"level":"info","message":"OPTIONS /api/listar_slides2?id_sucursal=5 204 0.136 ms - 0","timestamp":"2023-06-29T23:16:16.304Z"}
{"level":"info","message":"GET /api/listar_slides2?id_sucursal=5 304 1.184 ms - -","timestamp":"2023-06-29T23:16:16.307Z"}
{"level":"info","message":"OPTIONS /api/listar_textInf/5 204 0.092 ms - 0","timestamp":"2023-06-29T23:16:16.308Z"}
{"level":"info","message":"conexion - Conexión establecida","timestamp":"2023-06-29T23:16:16.340Z"}
{"level":"info","message":"GET /api/listar_textInf/5 304 35.467 ms - -","timestamp":"2023-06-29T23:16:16.345Z"}
{"level":"info","message":"OPTIONS /api/listar_slides2?id_sucursal=5 204 0.115 ms - 0","timestamp":"2023-06-29T23:16:28.246Z"}
{"level":"info","message":"OPTIONS /api/listar_textInf/5 204 0.116 ms - 0","timestamp":"2023-06-29T23:16:28.248Z"}
{"level":"info","message":"GET /api/listar_slides2?id_sucursal=5 304 2.351 ms - -","timestamp":"2023-06-29T23:16:28.252Z"}
{"level":"info","message":"conexion - Conexión establecida","timestamp":"2023-06-29T23:16:28.277Z"}
{"level":"info","message":"GET /api/listar_textInf/5 304 35.106 ms - -","timestamp":"2023-06-29T23:16:28.286Z"}
{"level":"info","message":"OPTIONS /api/listar_slides2?id_sucursal=5 204 0.113 ms - 0","timestamp":"2023-06-29T23:16:41.607Z"}
{"level":"info","message":"OPTIONS /api/listar_textInf/5 204 0.116 ms - 0","timestamp":"2023-06-29T23:16:41.609Z"}
{"level":"info","message":"GET /api/listar_slides2?id_sucursal=5 304 1.844 ms - -","timestamp":"2023-06-29T23:16:41.612Z"}
{"level":"info","message":"conexion - Conexión establecida","timestamp":"2023-06-29T23:16:41.638Z"}
{"level":"info","message":"GET /api/listar_textInf/5 304 32.844 ms - -","timestamp":"2023-06-29T23:16:41.644Z"}
{"level":"info","message":"OPTIONS /api/listar_slides2?id_sucursal=5 204 0.119 ms - 0","timestamp":"2023-06-29T23:22:30.234Z"}
{"level":"info","message":"GET /api/listar_slides2?id_sucursal=5 304 1.175 ms - -","timestamp":"2023-06-29T23:22:30.237Z"}
{"level":"info","message":"OPTIONS /api/listar_textInf/5 204 0.126 ms - 0","timestamp":"2023-06-29T23:22:30.239Z"}
{"level":"info","message":"conexion - Conexión establecida","timestamp":"2023-06-29T23:22:30.268Z"}
{"level":"info","message":"GET /api/listar_textInf/5 304 34.891 ms - -","timestamp":"2023-06-29T23:22:30.275Z"}
{"level":"info","message":"OPTIONS /api/listar_slides2?id_sucursal=5 204 0.126 ms - 0","timestamp":"2023-06-29T23:22:36.130Z"}
{"level":"info","message":"OPTIONS /api/listar_textInf/5 204 0.097 ms - 0","timestamp":"2023-06-29T23:22:36.133Z"}
{"level":"info","message":"GET /api/listar_slides2?id_sucursal=5 304 4.547 ms - -","timestamp":"2023-06-29T23:22:36.139Z"}
{"level":"info","message":"conexion - Conexión establecida","timestamp":"2023-06-29T23:22:36.180Z"}
{"level":"info","message":"GET /api/listar_textInf/5 304 51.688 ms - -","timestamp":"2023-06-29T23:22:36.190Z"}
{"level":"info","message":"OPTIONS /api/listar_slides2?id_sucursal=5 204 0.110 ms - 0","timestamp":"2023-06-29T23:25:36.825Z"}
{"level":"info","message":"GET /api/listar_slides2?id_sucursal=5 304 1.423 ms - -","timestamp":"2023-06-29T23:25:36.828Z"}
{"level":"info","message":"OPTIONS /api/listar_textInf/5 204 0.110 ms - 0","timestamp":"2023-06-29T23:25:36.830Z"}
{"level":"info","message":"conexion - Conexión establecida","timestamp":"2023-06-29T23:25:36.859Z"}
{"level":"info","message":"GET /api/listar_textInf/5 304 34.530 ms - -","timestamp":"2023-06-29T23:25:36.865Z"}
{"level":"info","message":"OPTIONS /api/listar_slides2?id_sucursal=5 204 0.107 ms - 0","timestamp":"2023-06-29T23:25:42.252Z"}
{"level":"info","message":"OPTIONS /api/listar_textInf/5 204 0.101 ms - 0","timestamp":"2023-06-29T23:25:42.253Z"}
{"level":"info","message":"GET /api/listar_slides2?id_sucursal=5 304 1.166 ms - -","timestamp":"2023-06-29T23:25:42.256Z"}
{"level":"info","message":"conexion - Conexión establecida","timestamp":"2023-06-29T23:25:42.285Z"}
{"level":"info","message":"GET /api/listar_textInf/5 304 33.747 ms - -","timestamp":"2023-06-29T23:25:42.291Z"}
{"level":"info","message":"OPTIONS /api/modificar_textInf 204 0.112 ms - 0","timestamp":"2023-06-29T23:25:51.913Z"}
{"level":"info","message":"conexion - Conexión establecida","timestamp":"2023-06-29T23:25:51.959Z"}
{"level":"info","message":"PUT /api/modificar_textInf 200 53.031 ms - 56","timestamp":"2023-06-29T23:25:51.967Z"}
{"level":"info","message":"OPTIONS /api/listar_textInf/5 204 0.119 ms - 0","timestamp":"2023-06-29T23:25:51.973Z"}
{"level":"info","message":"conexion - Conexión establecida","timestamp":"2023-06-29T23:25:52.001Z"}
{"level":"info","message":"GET /api/listar_textInf/5 200 32.278 ms - 123","timestamp":"2023-06-29T23:25:52.008Z"}
{"level":"info","message":"OPTIONS /api/modificar_textInf 204 0.325 ms - 0","timestamp":"2023-06-29T23:25:58.268Z"}
{"level":"info","message":"conexion - Conexión establecida","timestamp":"2023-06-29T23:25:58.312Z"}
{"level":"info","message":"PUT /api/modificar_textInf 200 51.341 ms - 56","timestamp":"2023-06-29T23:25:58.321Z"}
{"level":"info","message":"OPTIONS /api/listar_textInf/5 204 0.190 ms - 0","timestamp":"2023-06-29T23:25:58.330Z"}
{"level":"info","message":"conexion - Conexión establecida","timestamp":"2023-06-29T23:25:58.366Z"}
{"level":"info","message":"GET /api/listar_textInf/5 200 40.489 ms - 116","timestamp":"2023-06-29T23:25:58.372Z"}
{"level":"info","message":"OPTIONS /api/listar_slides2?id_sucursal=5 204 0.107 ms - 0","timestamp":"2023-06-29T23:26:19.672Z"}
{"level":"info","message":"OPTIONS /api/listar_textInf/5 204 0.067 ms - 0","timestamp":"2023-06-29T23:26:19.676Z"}
{"level":"info","message":"GET /api/listar_slides2?id_sucursal=5 304 2.895 ms - -","timestamp":"2023-06-29T23:26:19.677Z"}
{"level":"info","message":"conexion - Conexión establecida","timestamp":"2023-06-29T23:26:19.728Z"}
{"level":"info","message":"GET /api/listar_textInf/5 200 55.886 ms - 51","timestamp":"2023-06-29T23:26:19.738Z"}
{"level":"info","message":"OPTIONS /api/registro_textInf 204 0.128 ms - 0","timestamp":"2023-06-29T23:26:25.123Z"}
{"level":"info","message":"conexion - Conexión establecida","timestamp":"2023-06-29T23:26:25.167Z"}
{"level":"info","message":"POST /api/registro_textInf 404 51.677 ms - 326","timestamp":"2023-06-29T23:26:25.176Z"}
{"level":"info","message":"OPTIONS /api/registro_textInf 204 0.117 ms - 0","timestamp":"2023-06-29T23:27:06.930Z"}
{"level":"info","message":"conexion - Conexión establecida","timestamp":"2023-06-29T23:27:06.962Z"}
{"level":"info","message":"POST /api/registro_textInf 200 38.066 ms - 55","timestamp":"2023-06-29T23:27:06.970Z"}
{"level":"info","message":"OPTIONS /api/listar_textInf/5 204 0.108 ms - 0","timestamp":"2023-06-29T23:27:06.975Z"}
{"level":"info","message":"conexion - Conexión establecida","timestamp":"2023-06-29T23:27:07.016Z"}
{"level":"info","message":"GET /api/listar_textInf/5 200 45.457 ms - 136","timestamp":"2023-06-29T23:27:07.023Z"}
{"level":"info","message":"OPTIONS /api/listar_slides2?id_sucursal=5 204 0.144 ms - 0","timestamp":"2023-06-29T23:28:19.707Z"}
{"level":"info","message":"GET /api/listar_slides2?id_sucursal=5 304 1.010 ms - -","timestamp":"2023-06-29T23:28:19.710Z"}
{"level":"info","message":"OPTIONS /api/listar_textInf/5 204 0.107 ms - 0","timestamp":"2023-06-29T23:28:19.711Z"}
{"level":"info","message":"conexion - Conexión establecida","timestamp":"2023-06-29T23:28:19.740Z"}
{"level":"info","message":"GET /api/listar_textInf/5 304 32.142 ms - -","timestamp":"2023-06-29T23:28:19.745Z"}
{"level":"info","message":"OPTIONS /api/modificar_textInf 204 0.285 ms - 0","timestamp":"2023-06-29T23:28:28.227Z"}
{"level":"info","message":"conexion - Conexión establecida","timestamp":"2023-06-29T23:28:28.283Z"}
{"level":"info","message":"PUT /api/modificar_textInf 200 64.797 ms - 56","timestamp":"2023-06-29T23:28:28.294Z"}
{"level":"info","message":"OPTIONS /api/listar_textInf/5 204 0.170 ms - 0","timestamp":"2023-06-29T23:28:28.308Z"}
{"level":"info","message":"conexion - Conexión establecida","timestamp":"2023-06-29T23:28:28.340Z"}
{"level":"info","message":"GET /api/listar_textInf/5 200 35.565 ms - 129","timestamp":"2023-06-29T23:28:28.346Z"}
{"level":"info","message":"OPTIONS /api/listar_slides2?id_sucursal=5 204 0.135 ms - 0","timestamp":"2023-06-29T23:28:50.627Z"}
{"level":"info","message":"OPTIONS /api/listar_textInf/5 204 0.112 ms - 0","timestamp":"2023-06-29T23:28:50.629Z"}
{"level":"info","message":"GET /api/listar_slides2?id_sucursal=5 304 2.083 ms - -","timestamp":"2023-06-29T23:28:50.632Z"}
{"level":"info","message":"conexion - Conexión establecida","timestamp":"2023-06-29T23:28:50.685Z"}
{"level":"info","message":"GET /api/listar_textInf/5 200 61.679 ms - 51","timestamp":"2023-06-29T23:28:50.692Z"}
{"level":"info","message":"OPTIONS /api/registro_textInf 204 0.127 ms - 0","timestamp":"2023-06-29T23:28:54.927Z"}
{"level":"info","message":"conexion - Conexión establecida","timestamp":"2023-06-29T23:28:54.953Z"}
{"level":"info","message":"POST /api/registro_textInf 200 33.541 ms - 55","timestamp":"2023-06-29T23:28:54.961Z"}
{"level":"info","message":"conexion - Conexión establecida","timestamp":"2023-06-29T23:28:55.009Z"}
{"level":"info","message":"GET /api/listar_textInf/5 200 48.127 ms - 122","timestamp":"2023-06-29T23:28:55.015Z"}
{"level":"info","message":"OPTIONS /api/modificar_textInf 204 0.119 ms - 0","timestamp":"2023-06-29T23:29:12.784Z"}
{"level":"info","message":"conexion - Conexión establecida","timestamp":"2023-06-29T23:29:12.816Z"}
{"level":"info","message":"PUT /api/modificar_textInf 200 38.889 ms - 56","timestamp":"2023-06-29T23:29:12.824Z"}
{"level":"info","message":"OPTIONS /api/listar_textInf/5 204 0.122 ms - 0","timestamp":"2023-06-29T23:29:12.829Z"}
{"level":"info","message":"conexion - Conexión establecida","timestamp":"2023-06-29T23:29:12.883Z"}
{"level":"info","message":"GET /api/listar_textInf/5 200 58.732 ms - 147","timestamp":"2023-06-29T23:29:12.889Z"}
{"level":"info","message":"OPTIONS /api/listar_slides?id_sucursal=5 204 0.151 ms - 0","timestamp":"2023-06-29T23:41:30.098Z"}
{"level":"info","message":"OPTIONS /api/listar_textInf/5 204 0.172 ms - 0","timestamp":"2023-06-29T23:41:30.101Z"}
{"level":"info","message":"GET /api/listar_slides?id_sucursal=5 200 4.456 ms - 133","timestamp":"2023-06-29T23:41:30.107Z"}
{"level":"info","message":"conexion - Conexión establecida","timestamp":"2023-06-29T23:41:30.144Z"}
{"level":"info","message":"GET /api/listar_textInf/5 304 60.938 ms - -","timestamp":"2023-06-29T23:41:30.165Z"}
{"level":"info","message":"OPTIONS /api/listar_slides?id_sucursal=5 204 0.126 ms - 0","timestamp":"2023-06-29T23:42:35.022Z"}
{"level":"info","message":"OPTIONS /api/listar_textInf/5 204 0.130 ms - 0","timestamp":"2023-06-29T23:42:35.025Z"}
{"level":"info","message":"GET /api/listar_slides?id_sucursal=5 304 6.655 ms - -","timestamp":"2023-06-29T23:42:35.038Z"}
{"level":"info","message":"conexion - Conexión establecida","timestamp":"2023-06-29T23:42:35.111Z"}
{"level":"info","message":"GET /api/listar_textInf/5 304 103.516 ms - -","timestamp":"2023-06-29T23:42:35.134Z"}
{"level":"info","message":"OPTIONS /api/listar_slides?id_sucursal=5 204 0.157 ms - 0","timestamp":"2023-06-29T23:43:21.764Z"}
{"level":"info","message":"OPTIONS /api/listar_textInf/5 204 0.115 ms - 0","timestamp":"2023-06-29T23:43:21.765Z"}
{"level":"info","message":"GET /api/listar_slides?id_sucursal=5 304 1.838 ms - -","timestamp":"2023-06-29T23:43:21.768Z"}
{"level":"info","message":"conexion - Conexión establecida","timestamp":"2023-06-29T23:43:21.795Z"}
{"level":"info","message":"GET /api/listar_textInf/5 304 36.053 ms - -","timestamp":"2023-06-29T23:43:21.803Z"}
{"level":"info","message":"OPTIONS /api/modificar_textInf 204 0.159 ms - 0","timestamp":"2023-06-29T23:46:13.623Z"}
{"level":"info","message":"conexion - Conexión establecida","timestamp":"2023-06-29T23:46:13.732Z"}
{"level":"info","message":"PUT /api/modificar_textInf 200 320.116 ms - 56","timestamp":"2023-06-29T23:46:13.945Z"}
{"level":"info","message":"OPTIONS /api/listar_textInf/5 204 0.180 ms - 0","timestamp":"2023-06-29T23:46:13.952Z"}
{"level":"info","message":"conexion - Conexión establecida","timestamp":"2023-06-29T23:46:14.033Z"}
{"level":"info","message":"GET /api/listar_textInf/5 200 102.989 ms - 325","timestamp":"2023-06-29T23:46:14.059Z"}
{"level":"info","message":"OPTIONS /api/listar_slides?id_sucursal=5 204 0.115 ms - 0","timestamp":"2023-06-29T23:46:27.900Z"}
{"level":"info","message":"OPTIONS /api/listar_textInf/5 204 0.073 ms - 0","timestamp":"2023-06-29T23:46:27.901Z"}
{"level":"info","message":"GET /api/listar_slides?id_sucursal=5 304 1.827 ms - -","timestamp":"2023-06-29T23:46:27.904Z"}
{"level":"info","message":"conexion - Conexión establecida","timestamp":"2023-06-29T23:46:27.985Z"}
{"level":"info","message":"GET /api/listar_textInf/5 304 100.084 ms - -","timestamp":"2023-06-29T23:46:28.003Z"}
{"level":"info","message":"OPTIONS /api/modificar_textInf 204 0.085 ms - 0","timestamp":"2023-06-29T23:47:31.980Z"}
{"level":"info","message":"conexion - Conexión establecida","timestamp":"2023-06-29T23:47:32.029Z"}
{"level":"info","message":"PUT /api/modificar_textInf 200 121.307 ms - 56","timestamp":"2023-06-29T23:47:32.105Z"}
{"level":"info","message":"OPTIONS /api/listar_textInf/5 204 0.074 ms - 0","timestamp":"2023-06-29T23:47:32.107Z"}
{"level":"info","message":"conexion - Conexión establecida","timestamp":"2023-06-29T23:47:32.160Z"}
{"level":"info","message":"GET /api/listar_textInf/5 200 102.878 ms - 329","timestamp":"2023-06-29T23:47:32.213Z"}
{"level":"info","message":"OPTIONS /api/listar_slides?id_sucursal=5 204 0.129 ms - 0","timestamp":"2023-06-29T23:47:45.140Z"}
{"level":"info","message":"OPTIONS /api/listar_textInf/5 204 0.104 ms - 0","timestamp":"2023-06-29T23:47:45.142Z"}
{"level":"info","message":"GET /api/listar_slides?id_sucursal=5 304 1.974 ms - -","timestamp":"2023-06-29T23:47:45.144Z"}
{"level":"info","message":"conexion - Conexión establecida","timestamp":"2023-06-29T23:47:45.189Z"}
{"level":"info","message":"GET /api/listar_textInf/5 304 56.419 ms - -","timestamp":"2023-06-29T23:47:45.202Z"}
{"level":"info","message":"OPTIONS /api/modificar_textInf 204 0.112 ms - 0","timestamp":"2023-06-29T23:48:23.856Z"}
{"level":"info","message":"conexion - Conexión establecida","timestamp":"2023-06-29T23:48:23.919Z"}
{"level":"info","message":"PUT /api/modificar_textInf 200 75.909 ms - 56","timestamp":"2023-06-29T23:48:23.933Z"}
{"level":"info","message":"OPTIONS /api/listar_textInf/5 204 0.075 ms - 0","timestamp":"2023-06-29T23:48:23.937Z"}
{"level":"info","message":"conexion - Conexión establecida","timestamp":"2023-06-29T23:48:23.989Z"}
{"level":"info","message":"GET /api/listar_textInf/5 200 73.218 ms - 317","timestamp":"2023-06-29T23:48:24.012Z"}
