{"level":"info","message":"OPTIONS /api/listar_slides?id_sucursal=5 204 0.128 ms - 0","timestamp":"2023-07-24T23:44:30.571Z"}
{"level":"info","message":"OPTIONS /api/listar_textInf/5 204 0.102 ms - 0","timestamp":"2023-07-24T23:44:30.575Z"}
{"level":"info","message":"GET /api/listar_slides?id_sucursal=5 304 4.728 ms - -","timestamp":"2023-07-24T23:44:30.578Z"}
{"level":"info","message":"conexion - Conexión establecida","timestamp":"2023-07-24T23:44:30.634Z"}
{"level":"info","message":"GET /api/listar_textInf/5 304 109.560 ms - -","timestamp":"2023-07-24T23:44:30.689Z"}
{"level":"info","message":"OPTIONS /api/listar_slides?id_sucursal=5 204 0.174 ms - 0","timestamp":"2023-07-24T23:44:46.240Z"}
{"level":"info","message":"OPTIONS /api/listar_textInf/5 204 0.090 ms - 0","timestamp":"2023-07-24T23:44:46.241Z"}
{"level":"info","message":"GET /api/listar_slides?id_sucursal=5 304 2.755 ms - -","timestamp":"2023-07-24T23:44:46.246Z"}
{"level":"info","message":"conexion - Conexión establecida","timestamp":"2023-07-24T23:44:46.318Z"}
{"level":"info","message":"GET /api/listar_textInf/5 304 79.087 ms - -","timestamp":"2023-07-24T23:44:46.326Z"}
{"level":"info","message":"OPTIONS /api/prestadores/5 204 0.111 ms - 0","timestamp":"2023-07-24T23:44:54.467Z"}
{"level":"info","message":"conexion - Conexión establecida","timestamp":"2023-07-24T23:44:54.495Z"}
{"level":"info","message":"GET /api/prestadores/5 304 1372.316 ms - -","timestamp":"2023-07-24T23:44:55.841Z"}
{"level":"info","message":"OPTIONS /api/prestadores/5 204 0.104 ms - 0","timestamp":"2023-07-24T23:45:02.342Z"}
{"level":"info","message":"conexion - Conexión establecida","timestamp":"2023-07-24T23:45:02.369Z"}
{"level":"info","message":"GET /api/prestadores/5 304 34.374 ms - -","timestamp":"2023-07-24T23:45:02.379Z"}
{"level":"info","message":"conexion - Conexión establecida","timestamp":"2023-07-24T23:45:02.503Z"}
{"level":"info","message":"GET /api/prestadores/5 304 51.842 ms - -","timestamp":"2023-07-24T23:45:02.511Z"}
{"level":"info","message":"conexion - Conexión establecida","timestamp":"2023-07-24T23:45:02.737Z"}
{"level":"info","message":"GET /api/prestadores/5 304 57.207 ms - -","timestamp":"2023-07-24T23:45:02.747Z"}
{"level":"info","message":"conexion - Conexión establecida","timestamp":"2023-07-24T23:45:03.176Z"}
{"level":"info","message":"GET /api/prestadores/5 304 54.343 ms - -","timestamp":"2023-07-24T23:45:03.185Z"}
{"level":"info","message":"conexion - Conexión establecida","timestamp":"2023-07-24T23:45:03.493Z"}
{"level":"info","message":"GET /api/prestadores/5 304 62.633 ms - -","timestamp":"2023-07-24T23:45:03.505Z"}
{"level":"info","message":"conexion - Conexión establecida","timestamp":"2023-07-24T23:45:03.666Z"}
{"level":"info","message":"GET /api/prestadores/5 304 61.905 ms - -","timestamp":"2023-07-24T23:45:03.674Z"}
{"level":"info","message":"OPTIONS /api/prestadores/5 204 0.119 ms - 0","timestamp":"2023-07-24T23:46:14.536Z"}
{"level":"info","message":"conexion - Conexión establecida","timestamp":"2023-07-24T23:46:14.584Z"}
{"level":"info","message":"GET /api/prestadores/5 304 56.281 ms - -","timestamp":"2023-07-24T23:46:14.595Z"}
{"level":"info","message":"OPTIONS /api/prestadores/5 204 0.151 ms - 0","timestamp":"2023-07-24T23:46:22.116Z"}
{"level":"info","message":"conexion - Conexión establecida","timestamp":"2023-07-24T23:46:22.165Z"}
{"level":"info","message":"GET /api/prestadores/5 304 56.212 ms - -","timestamp":"2023-07-24T23:46:22.174Z"}
{"level":"info","message":"conexion - Conexión establecida","timestamp":"2023-07-24T23:46:22.332Z"}
{"level":"info","message":"GET /api/prestadores/5 304 82.407 ms - -","timestamp":"2023-07-24T23:46:22.343Z"}
{"level":"info","message":"conexion - Conexión establecida","timestamp":"2023-07-24T23:46:22.527Z"}
{"level":"info","message":"GET /api/prestadores/5 304 48.272 ms - -","timestamp":"2023-07-24T23:46:22.537Z"}
{"level":"info","message":"conexion - Conexión establecida","timestamp":"2023-07-24T23:46:22.761Z"}
{"level":"info","message":"GET /api/prestadores/5 304 52.648 ms - -","timestamp":"2023-07-24T23:46:22.770Z"}
{"level":"info","message":"conexion - Conexión establecida","timestamp":"2023-07-24T23:46:23.079Z"}
{"level":"info","message":"GET /api/prestadores/5 304 58.841 ms - -","timestamp":"2023-07-24T23:46:23.088Z"}
{"level":"info","message":"OPTIONS /api/prestadores/5 204 0.088 ms - 0","timestamp":"2023-07-24T23:49:01.654Z"}
{"level":"info","message":"conexion - Conexión establecida","timestamp":"2023-07-24T23:49:01.699Z"}
{"level":"info","message":"GET /api/prestadores/5 304 53.093 ms - -","timestamp":"2023-07-24T23:49:01.710Z"}
{"level":"info","message":"OPTIONS /api/prestadores/5 204 0.131 ms - 0","timestamp":"2023-07-24T23:49:07.697Z"}
{"level":"info","message":"conexion - Conexión establecida","timestamp":"2023-07-24T23:49:07.740Z"}
{"level":"info","message":"GET /api/prestadores/5 304 50.439 ms - -","timestamp":"2023-07-24T23:49:07.750Z"}
{"level":"info","message":"conexion - Conexión establecida","timestamp":"2023-07-24T23:49:08.197Z"}
{"level":"info","message":"GET /api/prestadores/5 304 68.495 ms - -","timestamp":"2023-07-24T23:49:08.207Z"}
{"level":"info","message":"conexion - Conexión establecida","timestamp":"2023-07-24T23:49:08.759Z"}
{"level":"info","message":"GET /api/prestadores/5 304 47.127 ms - -","timestamp":"2023-07-24T23:49:08.768Z"}
{"level":"info","message":"OPTIONS /api/prestadores/5 204 0.104 ms - 0","timestamp":"2023-07-24T23:49:50.570Z"}
{"level":"info","message":"conexion - Conexión establecida","timestamp":"2023-07-24T23:49:50.628Z"}
{"level":"info","message":"GET /api/prestadores/5 304 63.942 ms - -","timestamp":"2023-07-24T23:49:50.636Z"}
{"level":"info","message":"conexion - Conexión establecida","timestamp":"2023-07-24T23:49:50.735Z"}
{"level":"info","message":"GET /api/prestadores/5 304 33.610 ms - -","timestamp":"2023-07-24T23:49:50.743Z"}
{"level":"info","message":"conexion - Conexión establecida","timestamp":"2023-07-24T23:49:50.919Z"}
{"level":"info","message":"GET /api/prestadores/5 304 39.302 ms - -","timestamp":"2023-07-24T23:49:50.926Z"}
{"level":"info","message":"conexion - Conexión establecida","timestamp":"2023-07-24T23:49:51.908Z"}
{"level":"info","message":"GET /api/prestadores/5 304 34.386 ms - -","timestamp":"2023-07-24T23:49:51.916Z"}
{"level":"info","message":"conexion - Conexión establecida","timestamp":"2023-07-24T23:49:52.117Z"}
{"level":"info","message":"GET /api/prestadores/5 304 49.493 ms - -","timestamp":"2023-07-24T23:49:52.125Z"}
{"level":"info","message":"conexion - Conexión establecida","timestamp":"2023-07-24T23:49:54.604Z"}
{"level":"info","message":"GET /api/prestadores/5 304 66.698 ms - -","timestamp":"2023-07-24T23:49:54.615Z"}
{"level":"info","message":"conexion - Conexión establecida","timestamp":"2023-07-24T23:49:54.767Z"}
{"level":"info","message":"GET /api/prestadores/5 304 71.175 ms - -","timestamp":"2023-07-24T23:49:54.775Z"}
{"level":"info","message":"OPTIONS /api/prestadores-especialidades/5/4480/null 204 0.138 ms - 0","timestamp":"2023-07-24T23:49:57.923Z"}
{"level":"info","message":"conexion - Conexión establecida","timestamp":"2023-07-24T23:49:57.949Z"}
{"level":"info","message":"GET /api/prestadores-especialidades/5/4480/null 200 66.666 ms - 130","timestamp":"2023-07-24T23:49:57.991Z"}
{"level":"info","message":"OPTIONS /api/prestadores-especialidades/5/183/null 204 0.228 ms - 0","timestamp":"2023-07-24T23:51:01.672Z"}
{"level":"info","message":"conexion - Conexión establecida","timestamp":"2023-07-24T23:51:01.726Z"}
{"level":"info","message":"GET /api/prestadores-especialidades/5/183/null 200 56.757 ms - 146","timestamp":"2023-07-24T23:51:01.731Z"}
{"level":"info","message":"OPTIONS /api/prestadores-especialidades/5/945/null 204 0.139 ms - 0","timestamp":"2023-07-24T23:51:04.883Z"}
{"level":"info","message":"conexion - Conexión establecida","timestamp":"2023-07-24T23:51:04.937Z"}
{"level":"info","message":"GET /api/prestadores-especialidades/5/945/null 200 60.196 ms - 139","timestamp":"2023-07-24T23:51:04.945Z"}
{"level":"info","message":"OPTIONS /api/prestadores/5 204 0.123 ms - 0","timestamp":"2023-07-24T23:51:20.528Z"}
{"level":"info","message":"conexion - Conexión establecida","timestamp":"2023-07-24T23:51:20.583Z"}
{"level":"info","message":"GET /api/prestadores/5 304 61.394 ms - -","timestamp":"2023-07-24T23:51:20.591Z"}
{"level":"info","message":"conexion - Conexión establecida","timestamp":"2023-07-24T23:51:22.053Z"}
{"level":"info","message":"GET /api/prestadores/5 304 58.655 ms - -","timestamp":"2023-07-24T23:51:22.061Z"}
{"level":"info","message":"conexion - Conexión establecida","timestamp":"2023-07-24T23:51:22.506Z"}
{"level":"info","message":"GET /api/prestadores/5 304 36.429 ms - -","timestamp":"2023-07-24T23:51:22.514Z"}
{"level":"info","message":"conexion - Conexión establecida","timestamp":"2023-07-24T23:51:23.650Z"}
{"level":"info","message":"GET /api/prestadores/5 304 60.707 ms - -","timestamp":"2023-07-24T23:51:23.658Z"}
{"level":"info","message":"conexion - Conexión establecida","timestamp":"2023-07-24T23:51:24.055Z"}
{"level":"info","message":"GET /api/prestadores/5 304 60.019 ms - -","timestamp":"2023-07-24T23:51:24.063Z"}
{"level":"info","message":"OPTIONS /api/prestadores/5 204 0.187 ms - 0","timestamp":"2023-07-24T23:52:11.656Z"}
{"level":"info","message":"conexion - Conexión establecida","timestamp":"2023-07-24T23:52:11.703Z"}
{"level":"info","message":"GET /api/prestadores/5 304 54.889 ms - -","timestamp":"2023-07-24T23:52:11.712Z"}
{"level":"info","message":"OPTIONS /api/prestadores-especialidades/5/4480/null 204 0.237 ms - 0","timestamp":"2023-07-24T23:52:15.694Z"}
{"level":"info","message":"conexion - Conexión establecida","timestamp":"2023-07-24T23:52:15.748Z"}
{"level":"info","message":"GET /api/prestadores-especialidades/5/4480/null 304 57.847 ms - -","timestamp":"2023-07-24T23:52:15.755Z"}
{"level":"info","message":"OPTIONS /api/horarios-profesionales/5/4480/38 204 0.077 ms - 0","timestamp":"2023-07-24T23:52:38.665Z"}
{"level":"info","message":"conexion - Conexión establecida","timestamp":"2023-07-24T23:52:38.719Z"}
{"level":"info","message":"GET /api/horarios-profesionales/5/4480/38 200 103.243 ms - 181","timestamp":"2023-07-24T23:52:38.771Z"}
{"level":"info","message":"OPTIONS /api/prestadores/5 204 0.118 ms - 0","timestamp":"2023-07-24T23:56:30.514Z"}
{"level":"info","message":"conexion - Conexión establecida","timestamp":"2023-07-24T23:56:30.542Z"}
{"level":"info","message":"GET /api/prestadores/5 304 35.409 ms - -","timestamp":"2023-07-24T23:56:30.550Z"}
{"level":"info","message":"OPTIONS /api/prestadores/5 204 0.188 ms - 0","timestamp":"2023-07-24T23:56:38.798Z"}
{"level":"info","message":"conexion - Conexión establecida","timestamp":"2023-07-24T23:56:38.838Z"}
{"level":"info","message":"GET /api/prestadores/5 304 47.114 ms - -","timestamp":"2023-07-24T23:56:38.846Z"}
{"level":"info","message":"conexion - Conexión establecida","timestamp":"2023-07-24T23:56:39.015Z"}
{"level":"info","message":"GET /api/prestadores/5 304 55.185 ms - -","timestamp":"2023-07-24T23:56:39.024Z"}
{"level":"info","message":"conexion - Conexión establecida","timestamp":"2023-07-24T23:56:39.339Z"}
{"level":"info","message":"GET /api/prestadores/5 304 74.507 ms - -","timestamp":"2023-07-24T23:56:39.348Z"}
{"level":"info","message":"OPTIONS /api/prestadores-especialidades/5/779/null 204 0.097 ms - 0","timestamp":"2023-07-24T23:56:41.171Z"}
{"level":"info","message":"conexion - Conexión establecida","timestamp":"2023-07-24T23:56:41.218Z"}
{"level":"info","message":"GET /api/prestadores-especialidades/5/779/null 304 50.473 ms - -","timestamp":"2023-07-24T23:56:41.224Z"}
{"level":"info","message":"OPTIONS /api/prestadores-especialidades/5/183/null 204 0.169 ms - 0","timestamp":"2023-07-24T23:56:44.681Z"}
{"level":"info","message":"conexion - Conexión establecida","timestamp":"2023-07-24T23:56:44.708Z"}
{"level":"info","message":"GET /api/prestadores-especialidades/5/183/null 304 29.164 ms - -","timestamp":"2023-07-24T23:56:44.712Z"}
{"level":"info","message":"OPTIONS /api/prestadores/5 204 0.111 ms - 0","timestamp":"2023-07-24T23:56:48.811Z"}
{"level":"info","message":"conexion - Conexión establecida","timestamp":"2023-07-24T23:56:48.858Z"}
{"level":"info","message":"GET /api/prestadores/5 304 53.225 ms - -","timestamp":"2023-07-24T23:56:48.866Z"}
{"level":"info","message":"OPTIONS /api/prestadores/5 204 0.077 ms - 0","timestamp":"2023-07-24T23:56:58.264Z"}
{"level":"info","message":"conexion - Conexión establecida","timestamp":"2023-07-24T23:56:58.316Z"}
{"level":"info","message":"GET /api/prestadores/5 304 59.130 ms - -","timestamp":"2023-07-24T23:56:58.325Z"}
{"level":"info","message":"conexion - Conexión establecida","timestamp":"2023-07-24T23:56:58.363Z"}
{"level":"info","message":"GET /api/prestadores/5 304 31.866 ms - -","timestamp":"2023-07-24T23:56:58.371Z"}
{"level":"info","message":"conexion - Conexión establecida","timestamp":"2023-07-24T23:56:58.595Z"}
{"level":"info","message":"GET /api/prestadores/5 304 35.168 ms - -","timestamp":"2023-07-24T23:56:58.603Z"}
{"level":"info","message":"OPTIONS /api/prestadores-especialidades/5/779/null 204 0.392 ms - 0","timestamp":"2023-07-24T23:57:00.367Z"}
{"level":"info","message":"conexion - Conexión establecida","timestamp":"2023-07-24T23:57:00.393Z"}
{"level":"info","message":"GET /api/prestadores-especialidades/5/779/null 304 29.393 ms - -","timestamp":"2023-07-24T23:57:00.398Z"}
{"level":"info","message":"OPTIONS /api/prestadores-especialidades/5/2694/null 204 0.131 ms - 0","timestamp":"2023-07-24T23:57:02.747Z"}
{"level":"info","message":"conexion - Conexión establecida","timestamp":"2023-07-24T23:57:02.807Z"}
{"level":"info","message":"GET /api/prestadores-especialidades/5/2694/null 200 63.100 ms - 143","timestamp":"2023-07-24T23:57:02.811Z"}
{"level":"info","message":"OPTIONS /api/prestadores-especialidades/5/183/null 204 0.192 ms - 0","timestamp":"2023-07-24T23:57:05.856Z"}
{"level":"info","message":"conexion - Conexión establecida","timestamp":"2023-07-24T23:57:05.913Z"}
{"level":"info","message":"GET /api/prestadores-especialidades/5/183/null 304 60.925 ms - -","timestamp":"2023-07-24T23:57:05.920Z"}
{"level":"info","message":"OPTIONS /api/prestadores/5 204 0.181 ms - 0","timestamp":"2023-07-24T23:57:08.302Z"}
{"level":"info","message":"conexion - Conexión establecida","timestamp":"2023-07-24T23:57:08.368Z"}
{"level":"info","message":"GET /api/prestadores/5 304 70.217 ms - -","timestamp":"2023-07-24T23:57:08.376Z"}
{"level":"info","message":"OPTIONS /api/prestadores/5 204 0.137 ms - 0","timestamp":"2023-07-25T00:02:55.675Z"}
{"level":"info","message":"conexion - Conexión establecida","timestamp":"2023-07-25T00:02:55.715Z"}
{"level":"info","message":"GET /api/prestadores/5 304 51.902 ms - -","timestamp":"2023-07-25T00:02:55.728Z"}
{"level":"info","message":"OPTIONS /api/prestadores/5 204 0.126 ms - 0","timestamp":"2023-07-25T00:03:04.619Z"}
{"level":"info","message":"conexion - Conexión establecida","timestamp":"2023-07-25T00:03:04.648Z"}
{"level":"info","message":"GET /api/prestadores/5 304 36.495 ms - -","timestamp":"2023-07-25T00:03:04.657Z"}
{"level":"info","message":"conexion - Conexión establecida","timestamp":"2023-07-25T00:03:04.784Z"}
{"level":"info","message":"GET /api/prestadores/5 304 53.887 ms - -","timestamp":"2023-07-25T00:03:04.792Z"}
{"level":"info","message":"conexion - Conexión establecida","timestamp":"2023-07-25T00:03:05.043Z"}
{"level":"info","message":"GET /api/prestadores/5 304 59.841 ms - -","timestamp":"2023-07-25T00:03:05.052Z"}
{"level":"info","message":"OPTIONS /api/prestadores-especialidades/5/779/null 204 0.130 ms - 0","timestamp":"2023-07-25T00:03:06.916Z"}
{"level":"info","message":"conexion - Conexión establecida","timestamp":"2023-07-25T00:03:06.961Z"}
{"level":"info","message":"GET /api/prestadores-especialidades/5/779/null 304 55.460 ms - -","timestamp":"2023-07-25T00:03:06.974Z"}
{"level":"info","message":"OPTIONS /api/prestadores-especialidades/5/183/null 204 0.283 ms - 0","timestamp":"2023-07-25T00:03:08.879Z"}
{"level":"info","message":"conexion - Conexión establecida","timestamp":"2023-07-25T00:03:08.939Z"}
{"level":"info","message":"GET /api/prestadores-especialidades/5/183/null 304 63.769 ms - -","timestamp":"2023-07-25T00:03:08.945Z"}
{"level":"info","message":"OPTIONS /api/prestadores/5 204 0.182 ms - 0","timestamp":"2023-07-25T00:03:14.359Z"}
{"level":"info","message":"conexion - Conexión establecida","timestamp":"2023-07-25T00:03:14.409Z"}
{"level":"info","message":"GET /api/prestadores/5 304 58.839 ms - -","timestamp":"2023-07-25T00:03:14.419Z"}
{"level":"info","message":"conexion - Conexión establecida","timestamp":"2023-07-25T00:03:14.538Z"}
{"level":"info","message":"GET /api/prestadores/5 304 37.239 ms - -","timestamp":"2023-07-25T00:03:14.548Z"}
{"level":"info","message":"conexion - Conexión establecida","timestamp":"2023-07-25T00:03:14.780Z"}
{"level":"info","message":"GET /api/prestadores/5 304 95.045 ms - -","timestamp":"2023-07-25T00:03:14.790Z"}
{"level":"info","message":"conexion - Conexión establecida","timestamp":"2023-07-25T00:03:15.996Z"}
{"level":"info","message":"GET /api/prestadores/5 304 34.396 ms - -","timestamp":"2023-07-25T00:03:16.004Z"}
{"level":"info","message":"conexion - Conexión establecida","timestamp":"2023-07-25T00:03:16.612Z"}
{"level":"info","message":"GET /api/prestadores/5 304 54.763 ms - -","timestamp":"2023-07-25T00:03:16.621Z"}
{"level":"info","message":"conexion - Conexión establecida","timestamp":"2023-07-25T00:03:17.193Z"}
{"level":"info","message":"GET /api/prestadores/5 304 33.785 ms - -","timestamp":"2023-07-25T00:03:17.201Z"}
{"level":"info","message":"conexion - Conexión establecida","timestamp":"2023-07-25T00:03:17.260Z"}
{"level":"info","message":"GET /api/prestadores/5 304 33.918 ms - -","timestamp":"2023-07-25T00:03:17.268Z"}
{"level":"info","message":"conexion - Conexión establecida","timestamp":"2023-07-25T00:03:17.521Z"}
{"level":"info","message":"GET /api/prestadores/5 304 35.706 ms - -","timestamp":"2023-07-25T00:03:17.529Z"}
{"level":"info","message":"conexion - Conexión establecida","timestamp":"2023-07-25T00:03:17.941Z"}
{"level":"info","message":"GET /api/prestadores/5 304 54.596 ms - -","timestamp":"2023-07-25T00:03:17.949Z"}
{"level":"info","message":"OPTIONS /api/prestadores/5 204 0.077 ms - 0","timestamp":"2023-07-25T00:05:12.612Z"}
{"level":"info","message":"conexion - Conexión establecida","timestamp":"2023-07-25T00:05:12.648Z"}
{"level":"info","message":"GET /api/prestadores/5 304 43.096 ms - -","timestamp":"2023-07-25T00:05:12.659Z"}
{"level":"info","message":"OPTIONS /api/prestadores-especialidades/5/779/null 204 0.112 ms - 0","timestamp":"2023-07-25T00:05:15.950Z"}
{"level":"info","message":"conexion - Conexión establecida","timestamp":"2023-07-25T00:05:15.995Z"}
{"level":"info","message":"GET /api/prestadores-especialidades/5/779/null 304 51.465 ms - -","timestamp":"2023-07-25T00:05:16.006Z"}
{"level":"info","message":"OPTIONS /api/prestadores-especialidades/5/4480/null 204 0.131 ms - 0","timestamp":"2023-07-25T00:05:17.649Z"}
{"level":"info","message":"conexion - Conexión establecida","timestamp":"2023-07-25T00:05:17.678Z"}
{"level":"info","message":"GET /api/prestadores-especialidades/5/4480/null 304 33.069 ms - -","timestamp":"2023-07-25T00:05:17.685Z"}
{"level":"info","message":"OPTIONS /api/prestadores/5 204 0.143 ms - 0","timestamp":"2023-07-25T00:05:23.810Z"}
{"level":"info","message":"conexion - Conexión establecida","timestamp":"2023-07-25T00:05:23.837Z"}
{"level":"info","message":"GET /api/prestadores/5 304 33.657 ms - -","timestamp":"2023-07-25T00:05:23.846Z"}
{"level":"info","message":"conexion - Conexión establecida","timestamp":"2023-07-25T00:05:24.013Z"}
{"level":"info","message":"GET /api/prestadores/5 304 36.193 ms - -","timestamp":"2023-07-25T00:05:24.021Z"}
{"level":"info","message":"conexion - Conexión establecida","timestamp":"2023-07-25T00:05:24.294Z"}
{"level":"info","message":"GET /api/prestadores/5 304 47.994 ms - -","timestamp":"2023-07-25T00:05:24.304Z"}
{"level":"info","message":"OPTIONS /api/prestadores-especialidades/5/779/null 204 0.123 ms - 0","timestamp":"2023-07-25T00:05:26.719Z"}
{"level":"info","message":"conexion - Conexión establecida","timestamp":"2023-07-25T00:05:26.770Z"}
{"level":"info","message":"GET /api/prestadores-especialidades/5/779/null 304 53.801 ms - -","timestamp":"2023-07-25T00:05:26.775Z"}
{"level":"info","message":"OPTIONS /api/prestadores-especialidades/5/183/null 204 0.185 ms - 0","timestamp":"2023-07-25T00:05:29.466Z"}
{"level":"info","message":"conexion - Conexión establecida","timestamp":"2023-07-25T00:05:29.493Z"}
{"level":"info","message":"GET /api/prestadores-especialidades/5/183/null 304 30.225 ms - -","timestamp":"2023-07-25T00:05:29.498Z"}
{"level":"info","message":"OPTIONS /api/prestadores/5 204 0.142 ms - 0","timestamp":"2023-07-25T00:05:32.131Z"}
{"level":"info","message":"conexion - Conexión establecida","timestamp":"2023-07-25T00:05:32.180Z"}
{"level":"info","message":"GET /api/prestadores/5 304 52.334 ms - -","timestamp":"2023-07-25T00:05:32.188Z"}
{"level":"info","message":"conexion - Conexión establecida","timestamp":"2023-07-25T00:05:32.366Z"}
{"level":"info","message":"GET /api/prestadores/5 304 59.932 ms - -","timestamp":"2023-07-25T00:05:32.374Z"}
{"level":"info","message":"conexion - Conexión establecida","timestamp":"2023-07-25T00:05:32.488Z"}
{"level":"info","message":"GET /api/prestadores/5 304 46.929 ms - -","timestamp":"2023-07-25T00:05:32.495Z"}
{"level":"info","message":"conexion - Conexión establecida","timestamp":"2023-07-25T00:05:33.935Z"}
{"level":"info","message":"GET /api/prestadores/5 304 60.305 ms - -","timestamp":"2023-07-25T00:05:33.943Z"}
{"level":"info","message":"conexion - Conexión establecida","timestamp":"2023-07-25T00:05:34.477Z"}
{"level":"info","message":"GET /api/prestadores/5 304 37.946 ms - -","timestamp":"2023-07-25T00:05:34.486Z"}
{"level":"info","message":"OPTIONS /api/prestadores/5 204 0.238 ms - 0","timestamp":"2023-07-25T00:06:07.879Z"}
{"level":"info","message":"conexion - Conexión establecida","timestamp":"2023-07-25T00:06:07.935Z"}
{"level":"info","message":"GET /api/prestadores/5 304 61.974 ms - -","timestamp":"2023-07-25T00:06:07.943Z"}
{"level":"info","message":"conexion - Conexión establecida","timestamp":"2023-07-25T00:06:08.027Z"}
{"level":"info","message":"GET /api/prestadores/5 304 39.380 ms - -","timestamp":"2023-07-25T00:06:08.035Z"}
{"level":"info","message":"conexion - Conexión establecida","timestamp":"2023-07-25T00:06:08.126Z"}
{"level":"info","message":"GET /api/prestadores/5 304 49.003 ms - -","timestamp":"2023-07-25T00:06:08.134Z"}
{"level":"info","message":"conexion - Conexión establecida","timestamp":"2023-07-25T00:06:09.367Z"}
{"level":"info","message":"GET /api/prestadores/5 304 61.406 ms - -","timestamp":"2023-07-25T00:06:09.375Z"}
{"level":"info","message":"conexion - Conexión establecida","timestamp":"2023-07-25T00:06:09.506Z"}
{"level":"info","message":"GET /api/prestadores/5 304 49.359 ms - -","timestamp":"2023-07-25T00:06:09.514Z"}
{"level":"info","message":"conexion - Conexión establecida","timestamp":"2023-07-25T00:06:09.680Z"}
{"level":"info","message":"GET /api/prestadores/5 304 37.566 ms - -","timestamp":"2023-07-25T00:06:09.690Z"}
{"level":"info","message":"conexion - Conexión establecida","timestamp":"2023-07-25T00:06:10.366Z"}
{"level":"info","message":"GET /api/prestadores/5 304 51.762 ms - -","timestamp":"2023-07-25T00:06:10.375Z"}
{"level":"info","message":"OPTIONS /api/prestadores-especialidades/5/779/null 204 0.200 ms - 0","timestamp":"2023-07-25T00:06:11.671Z"}
{"level":"info","message":"conexion - Conexión establecida","timestamp":"2023-07-25T00:06:11.712Z"}
{"level":"info","message":"GET /api/prestadores-especialidades/5/779/null 304 44.756 ms - -","timestamp":"2023-07-25T00:06:11.717Z"}
{"level":"info","message":"OPTIONS /api/prestadores-especialidades/5/4480/null 204 0.181 ms - 0","timestamp":"2023-07-25T00:06:13.307Z"}
{"level":"info","message":"conexion - Conexión establecida","timestamp":"2023-07-25T00:06:13.336Z"}
{"level":"info","message":"GET /api/prestadores-especialidades/5/4480/null 304 32.276 ms - -","timestamp":"2023-07-25T00:06:13.341Z"}
{"level":"info","message":"OPTIONS /api/prestadores/5 204 0.090 ms - 0","timestamp":"2023-07-25T00:06:15.657Z"}
{"level":"info","message":"conexion - Conexión establecida","timestamp":"2023-07-25T00:06:15.709Z"}
{"level":"info","message":"GET /api/prestadores/5 304 56.416 ms - -","timestamp":"2023-07-25T00:06:15.717Z"}
{"level":"info","message":"OPTIONS /api/prestadores/5 204 0.105 ms - 0","timestamp":"2023-07-25T00:09:36.254Z"}
{"level":"info","message":"conexion - Conexión establecida","timestamp":"2023-07-25T00:09:36.285Z"}
{"level":"info","message":"GET /api/prestadores/5 304 40.708 ms - -","timestamp":"2023-07-25T00:09:36.301Z"}
{"level":"info","message":"OPTIONS /api/prestadores/5 204 0.152 ms - 0","timestamp":"2023-07-25T00:09:44.946Z"}
{"level":"info","message":"conexion - Conexión establecida","timestamp":"2023-07-25T00:09:44.989Z"}
{"level":"info","message":"GET /api/prestadores/5 304 48.899 ms - -","timestamp":"2023-07-25T00:09:44.996Z"}
{"level":"info","message":"conexion - Conexión establecida","timestamp":"2023-07-25T00:09:45.108Z"}
{"level":"info","message":"GET /api/prestadores/5 304 44.144 ms - -","timestamp":"2023-07-25T00:09:45.116Z"}
{"level":"info","message":"OPTIONS /api/prestadores-especialidades/5/779/null 204 0.125 ms - 0","timestamp":"2023-07-25T00:09:46.412Z"}
{"level":"info","message":"conexion - Conexión establecida","timestamp":"2023-07-25T00:09:46.466Z"}
{"level":"info","message":"GET /api/prestadores-especialidades/5/779/null 304 56.831 ms - -","timestamp":"2023-07-25T00:09:46.471Z"}
{"level":"info","message":"OPTIONS /api/prestadores-especialidades/5/2694/null 204 0.131 ms - 0","timestamp":"2023-07-25T00:09:48.281Z"}
{"level":"info","message":"conexion - Conexión establecida","timestamp":"2023-07-25T00:09:48.308Z"}
{"level":"info","message":"GET /api/prestadores-especialidades/5/2694/null 304 30.475 ms - -","timestamp":"2023-07-25T00:09:48.313Z"}
{"level":"info","message":"OPTIONS /api/prestadores/5 204 0.079 ms - 0","timestamp":"2023-07-25T00:09:50.869Z"}
{"level":"info","message":"conexion - Conexión establecida","timestamp":"2023-07-25T00:09:50.914Z"}
{"level":"info","message":"GET /api/prestadores/5 304 50.408 ms - -","timestamp":"2023-07-25T00:09:50.922Z"}
{"level":"info","message":"conexion - Conexión establecida","timestamp":"2023-07-25T00:09:51.090Z"}
{"level":"info","message":"GET /api/prestadores/5 304 35.035 ms - -","timestamp":"2023-07-25T00:09:51.098Z"}
{"level":"info","message":"conexion - Conexión establecida","timestamp":"2023-07-25T00:09:52.242Z"}
{"level":"info","message":"GET /api/prestadores/5 304 57.359 ms - -","timestamp":"2023-07-25T00:09:52.250Z"}
{"level":"info","message":"conexion - Conexión establecida","timestamp":"2023-07-25T00:09:52.657Z"}
{"level":"info","message":"GET /api/prestadores/5 304 45.539 ms - -","timestamp":"2023-07-25T00:09:52.665Z"}
{"level":"info","message":"OPTIONS /api/prestadores-especialidades/5/779/null 204 0.120 ms - 0","timestamp":"2023-07-25T00:10:06.748Z"}
{"level":"info","message":"conexion - Conexión establecida","timestamp":"2023-07-25T00:10:06.792Z"}
{"level":"info","message":"GET /api/prestadores-especialidades/5/779/null 304 47.702 ms - -","timestamp":"2023-07-25T00:10:06.800Z"}
{"level":"info","message":"OPTIONS /api/prestadores-especialidades/5/183/null 204 0.195 ms - 0","timestamp":"2023-07-25T00:10:08.725Z"}
{"level":"info","message":"conexion - Conexión establecida","timestamp":"2023-07-25T00:10:08.753Z"}
{"level":"info","message":"GET /api/prestadores-especialidades/5/183/null 304 31.391 ms - -","timestamp":"2023-07-25T00:10:08.760Z"}
{"level":"info","message":"OPTIONS /api/prestadores/5 204 0.113 ms - 0","timestamp":"2023-07-25T00:10:11.253Z"}
{"level":"info","message":"conexion - Conexión establecida","timestamp":"2023-07-25T00:10:11.303Z"}
{"level":"info","message":"GET /api/prestadores/5 304 55.664 ms - -","timestamp":"2023-07-25T00:10:11.311Z"}
{"level":"info","message":"conexion - Conexión establecida","timestamp":"2023-07-25T00:10:11.840Z"}
{"level":"info","message":"GET /api/prestadores/5 304 40.413 ms - -","timestamp":"2023-07-25T00:10:11.847Z"}
{"level":"info","message":"conexion - Conexión establecida","timestamp":"2023-07-25T00:10:12.404Z"}
{"level":"info","message":"GET /api/prestadores/5 304 72.778 ms - -","timestamp":"2023-07-25T00:10:12.413Z"}
{"level":"info","message":"OPTIONS /api/prestadores/5 204 0.150 ms - 0","timestamp":"2023-07-25T00:10:24.182Z"}
{"level":"info","message":"conexion - Conexión establecida","timestamp":"2023-07-25T00:10:24.215Z"}
{"level":"info","message":"GET /api/prestadores/5 304 39.691 ms - -","timestamp":"2023-07-25T00:10:24.223Z"}
{"level":"info","message":"conexion - Conexión establecida","timestamp":"2023-07-25T00:10:24.395Z"}
{"level":"info","message":"GET /api/prestadores/5 304 54.883 ms - -","timestamp":"2023-07-25T00:10:24.404Z"}
{"level":"info","message":"conexion - Conexión establecida","timestamp":"2023-07-25T00:10:24.557Z"}
{"level":"info","message":"GET /api/prestadores/5 304 56.111 ms - -","timestamp":"2023-07-25T00:10:24.565Z"}
{"level":"info","message":"OPTIONS /api/prestadores-especialidades/5/779/null 204 0.190 ms - 0","timestamp":"2023-07-25T00:10:27.268Z"}
{"level":"info","message":"conexion - Conexión establecida","timestamp":"2023-07-25T00:10:27.317Z"}
{"level":"info","message":"GET /api/prestadores-especialidades/5/779/null 304 52.890 ms - -","timestamp":"2023-07-25T00:10:27.326Z"}
{"level":"info","message":"OPTIONS /api/prestadores-especialidades/5/4480/null 204 0.134 ms - 0","timestamp":"2023-07-25T00:10:29.155Z"}
{"level":"info","message":"conexion - Conexión establecida","timestamp":"2023-07-25T00:10:29.182Z"}
{"level":"info","message":"GET /api/prestadores-especialidades/5/4480/null 304 31.366 ms - -","timestamp":"2023-07-25T00:10:29.187Z"}
{"level":"info","message":"OPTIONS /api/prestadores-especialidades/5/4480/null 204 0.134 ms - 0","timestamp":"2023-07-25T00:10:43.272Z"}
{"level":"info","message":"conexion - Conexión establecida","timestamp":"2023-07-25T00:10:43.303Z"}
{"level":"info","message":"GET /api/prestadores-especialidades/5/4480/null 304 33.428 ms - -","timestamp":"2023-07-25T00:10:43.308Z"}
{"level":"info","message":"OPTIONS /api/prestadores-especialidades/5/183/null 204 0.410 ms - 0","timestamp":"2023-07-25T00:10:46.773Z"}
{"level":"info","message":"conexion - Conexión establecida","timestamp":"2023-07-25T00:10:46.800Z"}
{"level":"info","message":"GET /api/prestadores-especialidades/5/183/null 304 30.197 ms - -","timestamp":"2023-07-25T00:10:46.805Z"}
{"level":"info","message":"OPTIONS /api/prestadores/5 204 0.094 ms - 0","timestamp":"2023-07-25T00:11:00.127Z"}
{"level":"info","message":"conexion - Conexión establecida","timestamp":"2023-07-25T00:11:00.193Z"}
{"level":"info","message":"GET /api/prestadores/5 304 71.748 ms - -","timestamp":"2023-07-25T00:11:00.201Z"}
{"level":"info","message":"conexion - Conexión establecida","timestamp":"2023-07-25T00:11:00.446Z"}
{"level":"info","message":"GET /api/prestadores/5 304 40.702 ms - -","timestamp":"2023-07-25T00:11:00.454Z"}
{"level":"info","message":"conexion - Conexión establecida","timestamp":"2023-07-25T00:11:00.696Z"}
{"level":"info","message":"GET /api/prestadores/5 304 64.334 ms - -","timestamp":"2023-07-25T00:11:00.707Z"}
{"level":"info","message":"conexion - Conexión establecida","timestamp":"2023-07-25T00:11:04.668Z"}
{"level":"info","message":"GET /api/prestadores/5 304 48.665 ms - -","timestamp":"2023-07-25T00:11:04.677Z"}
{"level":"info","message":"conexion - Conexión establecida","timestamp":"2023-07-25T00:11:04.831Z"}
{"level":"info","message":"GET /api/prestadores/5 304 35.551 ms - -","timestamp":"2023-07-25T00:11:04.840Z"}
{"level":"info","message":"conexion - Conexión establecida","timestamp":"2023-07-25T00:11:04.992Z"}
{"level":"info","message":"GET /api/prestadores/5 304 49.250 ms - -","timestamp":"2023-07-25T00:11:05.000Z"}
{"level":"info","message":"OPTIONS /api/prestadores/5 204 0.278 ms - 0","timestamp":"2023-07-25T00:11:06.641Z"}
{"level":"info","message":"conexion - Conexión establecida","timestamp":"2023-07-25T00:11:06.693Z"}
{"level":"info","message":"GET /api/prestadores/5 304 58.784 ms - -","timestamp":"2023-07-25T00:11:06.703Z"}
{"level":"info","message":"OPTIONS /api/prestadores-especialidades/5/779/null 204 0.209 ms - 0","timestamp":"2023-07-25T00:11:07.998Z"}
{"level":"info","message":"conexion - Conexión establecida","timestamp":"2023-07-25T00:11:08.049Z"}
{"level":"info","message":"GET /api/prestadores-especialidades/5/779/null 304 58.258 ms - -","timestamp":"2023-07-25T00:11:08.058Z"}
{"level":"info","message":"OPTIONS /api/prestadores-especialidades/5/4480/null 204 0.479 ms - 0","timestamp":"2023-07-25T00:11:09.479Z"}
{"level":"info","message":"conexion - Conexión establecida","timestamp":"2023-07-25T00:11:09.538Z"}
{"level":"info","message":"GET /api/prestadores-especialidades/5/4480/null 304 61.643 ms - -","timestamp":"2023-07-25T00:11:09.542Z"}
{"level":"info","message":"OPTIONS /api/prestadores/5 204 0.257 ms - 0","timestamp":"2023-07-25T00:11:11.698Z"}
{"level":"info","message":"conexion - Conexión establecida","timestamp":"2023-07-25T00:11:11.750Z"}
{"level":"info","message":"GET /api/prestadores/5 304 57.739 ms - -","timestamp":"2023-07-25T00:11:11.758Z"}
{"level":"info","message":"OPTIONS /api/prestadores-especialidades/5/779/null 204 0.230 ms - 0","timestamp":"2023-07-25T00:11:14.051Z"}
{"level":"info","message":"conexion - Conexión establecida","timestamp":"2023-07-25T00:11:14.097Z"}
{"level":"info","message":"GET /api/prestadores-especialidades/5/779/null 304 50.859 ms - -","timestamp":"2023-07-25T00:11:14.103Z"}
{"level":"info","message":"conexion - Conexión establecida","timestamp":"2023-07-25T00:11:17.658Z"}
{"level":"info","message":"GET /api/prestadores-especialidades/5/779/null 304 39.051 ms - -","timestamp":"2023-07-25T00:11:17.663Z"}
{"level":"info","message":"OPTIONS /api/prestadores-especialidades/5/4480/null 204 0.119 ms - 0","timestamp":"2023-07-25T00:11:19.053Z"}
{"level":"info","message":"conexion - Conexión establecida","timestamp":"2023-07-25T00:11:19.080Z"}
{"level":"info","message":"GET /api/prestadores-especialidades/5/4480/null 304 29.796 ms - -","timestamp":"2023-07-25T00:11:19.085Z"}
{"level":"info","message":"OPTIONS /api/prestadores/5 204 0.086 ms - 0","timestamp":"2023-07-25T00:12:43.028Z"}
{"level":"info","message":"conexion - Conexión establecida","timestamp":"2023-07-25T00:12:43.065Z"}
{"level":"info","message":"GET /api/prestadores/5 304 43.292 ms - -","timestamp":"2023-07-25T00:12:43.073Z"}
{"level":"info","message":"OPTIONS /api/prestadores/5 204 0.114 ms - 0","timestamp":"2023-07-25T00:12:48.830Z"}
{"level":"info","message":"conexion - Conexión establecida","timestamp":"2023-07-25T00:13:07.850Z"}
{"level":"info","message":"GET /api/prestadores/5 - - ms - -","timestamp":"2023-07-25T00:13:07.854Z"}
{"level":"info","message":"GET /api/prestadores/5 - - ms - -","timestamp":"2023-07-25T00:13:07.856Z"}
{"level":"info","message":"GET /api/prestadores/5 - - ms - -","timestamp":"2023-07-25T00:13:07.857Z"}
{"level":"info","message":"GET /api/prestadores/5 - - ms - -","timestamp":"2023-07-25T00:13:07.857Z"}
{"level":"info","message":"GET /api/prestadores/5 - - ms - -","timestamp":"2023-07-25T00:13:07.857Z"}
{"level":"info","message":"GET /api/prestadores/5 - - ms - -","timestamp":"2023-07-25T00:13:07.857Z"}
{"level":"info","message":"GET /api/prestadores/5 - - ms - -","timestamp":"2023-07-25T00:13:07.858Z"}
{"level":"info","message":"GET /api/prestadores/5 - - ms - -","timestamp":"2023-07-25T00:13:07.858Z"}
{"level":"info","message":"GET /api/prestadores/5 - - ms - -","timestamp":"2023-07-25T00:13:07.858Z"}
{"level":"info","message":"conexion - Conexión establecida","timestamp":"2023-07-25T00:13:07.904Z"}
{"level":"info","message":"conexion - Conexión establecida","timestamp":"2023-07-25T00:13:07.912Z"}
{"level":"info","message":"conexion - Conexión establecida","timestamp":"2023-07-25T00:13:07.923Z"}
{"level":"info","message":"conexion - Conexión establecida","timestamp":"2023-07-25T00:13:07.934Z"}
{"level":"info","message":"conexion - Conexión establecida","timestamp":"2023-07-25T00:13:07.960Z"}
{"level":"info","message":"conexion - Conexión establecida","timestamp":"2023-07-25T00:13:07.975Z"}
{"level":"info","message":"conexion - Conexión establecida","timestamp":"2023-07-25T00:13:07.991Z"}
{"level":"info","message":"conexion - Conexión establecida","timestamp":"2023-07-25T00:13:08.012Z"}
{"level":"info","message":"conexion - Conexión establecida","timestamp":"2023-07-25T00:13:08.024Z"}
{"level":"info","message":"GET /api/prestadores/5 200 174.807 ms - 1201","timestamp":"2023-07-25T00:13:08.031Z"}
{"level":"info","message":"OPTIONS /api/prestadores/5 204 0.216 ms - 0","timestamp":"2023-07-25T00:14:16.860Z"}
{"level":"info","message":"conexion - Conexión establecida","timestamp":"2023-07-25T00:14:16.889Z"}
{"level":"info","message":"GET /api/prestadores/5 304 36.217 ms - -","timestamp":"2023-07-25T00:14:16.898Z"}
{"level":"info","message":"OPTIONS /api/prestadores/5 204 0.154 ms - 0","timestamp":"2023-07-25T00:14:22.436Z"}
{"level":"info","message":"conexion - Conexión establecida","timestamp":"2023-07-25T00:14:22.479Z"}
{"level":"info","message":"GET /api/prestadores/5 304 50.066 ms - -","timestamp":"2023-07-25T00:14:22.488Z"}
{"level":"info","message":"conexion - Conexión establecida","timestamp":"2023-07-25T00:14:23.007Z"}
{"level":"info","message":"GET /api/prestadores/5 304 43.763 ms - -","timestamp":"2023-07-25T00:14:23.015Z"}
{"level":"info","message":"OPTIONS /api/prestadores-especialidades/5/779/null 204 0.221 ms - 0","timestamp":"2023-07-25T00:14:25.481Z"}
{"level":"info","message":"conexion - Conexión establecida","timestamp":"2023-07-25T00:14:25.544Z"}
{"level":"info","message":"GET /api/prestadores-especialidades/5/779/null 304 66.557 ms - -","timestamp":"2023-07-25T00:14:25.549Z"}
{"level":"info","message":"OPTIONS /api/prestadores-especialidades/5/4480/null 204 0.172 ms - 0","timestamp":"2023-07-25T00:14:27.031Z"}
{"level":"info","message":"conexion - Conexión establecida","timestamp":"2023-07-25T00:14:27.082Z"}
{"level":"info","message":"GET /api/prestadores-especialidades/5/4480/null 304 54.336 ms - -","timestamp":"2023-07-25T00:14:27.087Z"}
{"level":"info","message":"OPTIONS /api/prestadores/5 204 0.202 ms - 0","timestamp":"2023-07-25T00:14:29.832Z"}
{"level":"info","message":"conexion - Conexión establecida","timestamp":"2023-07-25T00:14:29.926Z"}
{"level":"info","message":"GET /api/prestadores/5 304 100.199 ms - -","timestamp":"2023-07-25T00:14:29.939Z"}
{"level":"info","message":"conexion - Conexión establecida","timestamp":"2023-07-25T00:14:30.091Z"}
{"level":"info","message":"GET /api/prestadores/5 304 44.231 ms - -","timestamp":"2023-07-25T00:14:30.100Z"}
{"level":"info","message":"OPTIONS /api/prestadores-especialidades/5/779/null 204 0.163 ms - 0","timestamp":"2023-07-25T00:14:47.185Z"}
{"level":"info","message":"conexion - Conexión establecida","timestamp":"2023-07-25T00:14:47.232Z"}
{"level":"info","message":"GET /api/prestadores-especialidades/5/779/null 304 51.430 ms - -","timestamp":"2023-07-25T00:14:47.238Z"}
{"level":"info","message":"OPTIONS /api/prestadores-especialidades/5/4480/null 204 0.216 ms - 0","timestamp":"2023-07-25T00:14:48.938Z"}
{"level":"info","message":"conexion - Conexión establecida","timestamp":"2023-07-25T00:14:48.988Z"}
{"level":"info","message":"GET /api/prestadores-especialidades/5/4480/null 304 52.835 ms - -","timestamp":"2023-07-25T00:14:48.992Z"}
{"level":"info","message":"OPTIONS /api/horarios-profesionales/5/4480/38 204 0.117 ms - 0","timestamp":"2023-07-25T00:14:51.455Z"}
{"level":"info","message":"conexion - Conexión establecida","timestamp":"2023-07-25T00:14:51.485Z"}
{"level":"info","message":"GET /api/horarios-profesionales/5/4480/38 304 33.221 ms - -","timestamp":"2023-07-25T00:14:51.489Z"}
{"level":"info","message":"OPTIONS /api/prestadores/5 204 0.142 ms - 0","timestamp":"2023-07-25T00:15:00.227Z"}
{"level":"info","message":"conexion - Conexión establecida","timestamp":"2023-07-25T00:15:00.260Z"}
{"level":"info","message":"GET /api/prestadores/5 304 39.394 ms - -","timestamp":"2023-07-25T00:15:00.269Z"}
{"level":"info","message":"conexion - Conexión establecida","timestamp":"2023-07-25T00:15:00.472Z"}
{"level":"info","message":"GET /api/prestadores/5 304 42.372 ms - -","timestamp":"2023-07-25T00:15:00.482Z"}
{"level":"info","message":"conexion - Conexión establecida","timestamp":"2023-07-25T00:15:00.720Z"}
{"level":"info","message":"GET /api/prestadores/5 304 66.573 ms - -","timestamp":"2023-07-25T00:15:00.731Z"}
{"level":"info","message":"conexion - Conexión establecida","timestamp":"2023-07-25T00:15:01.978Z"}
{"level":"info","message":"GET /api/prestadores/5 304 79.207 ms - -","timestamp":"2023-07-25T00:15:01.987Z"}
{"level":"info","message":"OPTIONS /api/prestadores-especialidades/5/4480/null 204 0.351 ms - 0","timestamp":"2023-07-25T00:15:03.698Z"}
{"level":"info","message":"conexion - Conexión establecida","timestamp":"2023-07-25T00:15:03.733Z"}
{"level":"info","message":"GET /api/prestadores-especialidades/5/4480/null 304 38.683 ms - -","timestamp":"2023-07-25T00:15:03.738Z"}
{"level":"info","message":"OPTIONS /api/horarios-profesionales/5/4480/38 204 0.130 ms - 0","timestamp":"2023-07-25T00:15:08.682Z"}
{"level":"info","message":"conexion - Conexión establecida","timestamp":"2023-07-25T00:15:08.738Z"}
{"level":"info","message":"GET /api/horarios-profesionales/5/4480/38 304 57.858 ms - -","timestamp":"2023-07-25T00:15:08.744Z"}
{"level":"info","message":"OPTIONS /api/prestadores/5 204 0.144 ms - 0","timestamp":"2023-07-25T00:15:18.298Z"}
{"level":"info","message":"conexion - Conexión establecida","timestamp":"2023-07-25T00:15:18.337Z"}
{"level":"info","message":"GET /api/prestadores/5 304 45.580 ms - -","timestamp":"2023-07-25T00:15:18.346Z"}
{"level":"info","message":"OPTIONS /api/prestadores/5 204 0.132 ms - 0","timestamp":"2023-07-25T00:15:24.486Z"}
{"level":"info","message":"conexion - Conexión establecida","timestamp":"2023-07-25T00:15:24.547Z"}
{"level":"info","message":"GET /api/prestadores/5 304 66.949 ms - -","timestamp":"2023-07-25T00:15:24.554Z"}
{"level":"info","message":"conexion - Conexión establecida","timestamp":"2023-07-25T00:15:25.149Z"}
{"level":"info","message":"GET /api/prestadores/5 304 39.509 ms - -","timestamp":"2023-07-25T00:15:25.158Z"}
{"level":"info","message":"conexion - Conexión establecida","timestamp":"2023-07-25T00:15:26.297Z"}
{"level":"info","message":"GET /api/prestadores/5 304 86.145 ms - -","timestamp":"2023-07-25T00:15:26.306Z"}
{"level":"info","message":"conexion - Conexión establecida","timestamp":"2023-07-25T00:15:26.528Z"}
{"level":"info","message":"GET /api/prestadores/5 304 58.192 ms - -","timestamp":"2023-07-25T00:15:26.537Z"}
{"level":"info","message":"conexion - Conexión establecida","timestamp":"2023-07-25T00:15:26.638Z"}
{"level":"info","message":"GET /api/prestadores/5 304 45.512 ms - -","timestamp":"2023-07-25T00:15:26.646Z"}
{"level":"info","message":"OPTIONS /api/prestadores-especialidades/5/2495/null 204 0.304 ms - 0","timestamp":"2023-07-25T00:15:27.988Z"}
{"level":"info","message":"conexion - Conexión establecida","timestamp":"2023-07-25T00:15:28.038Z"}
{"level":"info","message":"GET /api/prestadores-especialidades/5/2495/null 200 54.175 ms - 168","timestamp":"2023-07-25T00:15:28.044Z"}
{"level":"info","message":"OPTIONS /api/horarios-profesionales/5/2495/40 204 0.078 ms - 0","timestamp":"2023-07-25T00:15:32.229Z"}
{"level":"info","message":"conexion - Conexión establecida","timestamp":"2023-07-25T00:15:32.271Z"}
{"level":"info","message":"GET /api/horarios-profesionales/5/2495/40 200 67.156 ms - 179","timestamp":"2023-07-25T00:15:32.299Z"}
{"level":"info","message":"OPTIONS /api/prestadores/5 204 0.131 ms - 0","timestamp":"2023-07-25T00:15:39.774Z"}
{"level":"info","message":"conexion - Conexión establecida","timestamp":"2023-07-25T00:15:39.824Z"}
{"level":"info","message":"GET /api/prestadores/5 304 56.169 ms - -","timestamp":"2023-07-25T00:15:39.831Z"}
{"level":"info","message":"GET /api/prestadores/5 - - ms - -","timestamp":"2023-07-25T00:15:40.312Z"}
{"level":"info","message":"conexion - Conexión establecida","timestamp":"2023-07-25T00:15:40.321Z"}
{"level":"info","message":"GET /api/prestadores/5 - - ms - -","timestamp":"2023-07-25T00:15:40.338Z"}
{"level":"info","message":"conexion - Conexión establecida","timestamp":"2023-07-25T00:15:40.364Z"}
{"level":"info","message":"GET /api/prestadores/5 - - ms - -","timestamp":"2023-07-25T00:15:40.372Z"}
{"level":"info","message":"conexion - Conexión establecida","timestamp":"2023-07-25T00:15:40.378Z"}
{"level":"info","message":"conexion - Conexión establecida","timestamp":"2023-07-25T00:15:40.408Z"}
{"level":"info","message":"GET /api/prestadores/5 200 45.198 ms - 1201","timestamp":"2023-07-25T00:15:40.420Z"}
{"level":"info","message":"OPTIONS /api/prestadores-especialidades/5/779/null 204 0.080 ms - 0","timestamp":"2023-07-25T00:15:46.741Z"}
{"level":"info","message":"conexion - Conexión establecida","timestamp":"2023-07-25T00:15:46.800Z"}
{"level":"info","message":"GET /api/prestadores-especialidades/5/779/null 304 62.422 ms - -","timestamp":"2023-07-25T00:15:46.805Z"}
{"level":"info","message":"OPTIONS /api/prestadores-especialidades/5/945/null 204 0.132 ms - 0","timestamp":"2023-07-25T00:15:48.226Z"}
{"level":"info","message":"conexion - Conexión establecida","timestamp":"2023-07-25T00:15:48.264Z"}
{"level":"info","message":"GET /api/prestadores-especialidades/5/945/null 304 41.183 ms - -","timestamp":"2023-07-25T00:15:48.269Z"}
{"level":"info","message":"OPTIONS /api/horarios-profesionales/5/945/12 204 0.134 ms - 0","timestamp":"2023-07-25T00:15:51.433Z"}
{"level":"info","message":"conexion - Conexión establecida","timestamp":"2023-07-25T00:15:51.487Z"}
{"level":"info","message":"GET /api/horarios-profesionales/5/945/12 200 70.830 ms - 260","timestamp":"2023-07-25T00:15:51.505Z"}
{"level":"info","message":"OPTIONS /api/prestadores/5 204 0.172 ms - 0","timestamp":"2023-07-25T02:03:04.096Z"}
{"level":"info","message":"conexion - Conexión establecida","timestamp":"2023-07-25T02:03:04.128Z"}
{"level":"info","message":"GET /api/prestadores/5 304 39.427 ms - -","timestamp":"2023-07-25T02:03:04.137Z"}
{"level":"info","message":"conexion - Conexión establecida","timestamp":"2023-07-25T02:03:04.451Z"}
{"level":"info","message":"GET /api/prestadores/5 304 34.992 ms - -","timestamp":"2023-07-25T02:03:04.460Z"}
{"level":"info","message":"OPTIONS /api/prestadores-especialidades/5/779/null 204 0.212 ms - 0","timestamp":"2023-07-25T02:03:06.247Z"}
{"level":"info","message":"conexion - Conexión establecida","timestamp":"2023-07-25T02:03:06.282Z"}
{"level":"info","message":"GET /api/prestadores-especialidades/5/779/null 304 40.499 ms - -","timestamp":"2023-07-25T02:03:06.291Z"}
{"level":"info","message":"OPTIONS /api/prestadores-especialidades/5/183/null 204 0.090 ms - 0","timestamp":"2023-07-25T02:03:08.303Z"}
{"level":"info","message":"conexion - Conexión establecida","timestamp":"2023-07-25T02:03:08.337Z"}
{"level":"info","message":"GET /api/prestadores-especialidades/5/183/null 304 36.640 ms - -","timestamp":"2023-07-25T02:03:08.342Z"}
{"level":"info","message":"OPTIONS /api/horarios-profesionales/5/183/4 204 0.079 ms - 0","timestamp":"2023-07-25T02:03:11.539Z"}
{"level":"info","message":"conexion - Conexión establecida","timestamp":"2023-07-25T02:03:11.592Z"}
{"level":"info","message":"GET /api/horarios-profesionales/5/183/4 200 63.345 ms - 99","timestamp":"2023-07-25T02:03:11.603Z"}
{"level":"info","message":"OPTIONS /api/prestadores-especialidades/5/183/null 204 0.086 ms - 0","timestamp":"2023-07-25T02:03:23.477Z"}
{"level":"info","message":"conexion - Conexión establecida","timestamp":"2023-07-25T02:03:23.522Z"}
{"level":"info","message":"GET /api/prestadores-especialidades/5/183/null 304 46.617 ms - -","timestamp":"2023-07-25T02:03:23.530Z"}
{"level":"info","message":"OPTIONS /api/prestadores-especialidades/5/5238/null 204 0.147 ms - 0","timestamp":"2023-07-25T02:03:25.538Z"}
{"level":"info","message":"conexion - Conexión establecida","timestamp":"2023-07-25T02:03:25.567Z"}
{"level":"info","message":"GET /api/prestadores-especialidades/5/5238/null 200 31.806 ms - 180","timestamp":"2023-07-25T02:03:25.571Z"}
{"level":"info","message":"OPTIONS /api/horarios-profesionales/5/5238/55 204 0.123 ms - 0","timestamp":"2023-07-25T02:03:47.329Z"}
{"level":"info","message":"conexion - Conexión establecida","timestamp":"2023-07-25T02:03:47.386Z"}
{"level":"info","message":"GET /api/horarios-profesionales/5/5238/55 200 74.841 ms - 177","timestamp":"2023-07-25T02:03:47.408Z"}
{"level":"info","message":"OPTIONS /api/especialidades/5 204 0.077 ms - 0","timestamp":"2023-07-25T02:03:52.288Z"}
{"level":"info","message":"conexion - Conexión establecida","timestamp":"2023-07-25T02:03:52.314Z"}
{"level":"info","message":"GET /api/especialidades/5 200 43.803 ms - 594","timestamp":"2023-07-25T02:03:52.333Z"}
{"level":"info","message":"OPTIONS /api/prestadores-especialidades/5/null/7 204 0.082 ms - 0","timestamp":"2023-07-25T02:03:55.812Z"}
{"level":"info","message":"conexion - Conexión establecida","timestamp":"2023-07-25T02:03:55.840Z"}
{"level":"info","message":"GET /api/prestadores-especialidades/5/null/7 200 33.771 ms - 132","timestamp":"2023-07-25T02:03:55.847Z"}
{"level":"info","message":"OPTIONS /api/horarios-profesionales/5/5387/7 204 0.076 ms - 0","timestamp":"2023-07-25T02:03:58.772Z"}
{"level":"info","message":"conexion - Conexión establecida","timestamp":"2023-07-25T02:03:58.812Z"}
{"level":"info","message":"GET /api/horarios-profesionales/5/5387/7 200 41.727 ms - 96","timestamp":"2023-07-25T02:03:58.815Z"}
{"level":"info","message":"OPTIONS /api/prestadores/5 204 0.121 ms - 0","timestamp":"2023-07-25T02:04:07.159Z"}
{"level":"info","message":"conexion - Conexión establecida","timestamp":"2023-07-25T02:04:07.200Z"}
{"level":"info","message":"GET /api/prestadores/5 304 52.900 ms - -","timestamp":"2023-07-25T02:04:07.214Z"}
{"level":"info","message":"OPTIONS /api/prestadores/5 204 0.279 ms - 0","timestamp":"2023-07-25T02:06:47.655Z"}
{"level":"info","message":"conexion - Conexión establecida","timestamp":"2023-07-25T02:06:47.685Z"}
{"level":"info","message":"GET /api/prestadores/5 304 37.462 ms - -","timestamp":"2023-07-25T02:06:47.694Z"}
{"level":"info","message":"OPTIONS /api/prestadores/5 204 0.079 ms - 0","timestamp":"2023-07-25T02:06:55.923Z"}
{"level":"info","message":"conexion - Conexión establecida","timestamp":"2023-07-25T02:06:55.972Z"}
{"level":"info","message":"GET /api/prestadores/5 304 55.235 ms - -","timestamp":"2023-07-25T02:06:55.979Z"}
{"level":"info","message":"conexion - Conexión establecida","timestamp":"2023-07-25T02:06:56.022Z"}
{"level":"info","message":"GET /api/prestadores/5 304 43.364 ms - -","timestamp":"2023-07-25T02:06:56.029Z"}
{"level":"info","message":"conexion - Conexión establecida","timestamp":"2023-07-25T02:06:56.201Z"}
{"level":"info","message":"GET /api/prestadores/5 304 56.131 ms - -","timestamp":"2023-07-25T02:06:56.210Z"}
{"level":"info","message":"conexion - Conexión establecida","timestamp":"2023-07-25T02:06:56.371Z"}
{"level":"info","message":"GET /api/prestadores/5 304 59.313 ms - -","timestamp":"2023-07-25T02:06:56.379Z"}
{"level":"info","message":"conexion - Conexión establecida","timestamp":"2023-07-25T02:06:56.621Z"}
{"level":"info","message":"GET /api/prestadores/5 304 61.132 ms - -","timestamp":"2023-07-25T02:06:56.630Z"}
{"level":"info","message":"conexion - Conexión establecida","timestamp":"2023-07-25T02:06:56.728Z"}
{"level":"info","message":"GET /api/prestadores/5 304 57.374 ms - -","timestamp":"2023-07-25T02:06:56.735Z"}
{"level":"info","message":"conexion - Conexión establecida","timestamp":"2023-07-25T02:06:58.103Z"}
{"level":"info","message":"GET /api/prestadores/5 304 62.051 ms - -","timestamp":"2023-07-25T02:06:58.112Z"}
{"level":"info","message":"conexion - Conexión establecida","timestamp":"2023-07-25T02:06:58.276Z"}
{"level":"info","message":"GET /api/prestadores/5 304 64.677 ms - -","timestamp":"2023-07-25T02:06:58.285Z"}
{"level":"info","message":"conexion - Conexión establecida","timestamp":"2023-07-25T02:06:58.492Z"}
{"level":"info","message":"GET /api/prestadores/5 304 52.963 ms - -","timestamp":"2023-07-25T02:06:58.499Z"}
{"level":"info","message":"conexion - Conexión establecida","timestamp":"2023-07-25T02:06:58.846Z"}
{"level":"info","message":"GET /api/prestadores/5 304 69.561 ms - -","timestamp":"2023-07-25T02:06:58.855Z"}
{"level":"info","message":"conexion - Conexión establecida","timestamp":"2023-07-25T02:06:58.974Z"}
{"level":"info","message":"GET /api/prestadores/5 304 52.829 ms - -","timestamp":"2023-07-25T02:06:58.983Z"}
{"level":"info","message":"conexion - Conexión establecida","timestamp":"2023-07-25T02:06:59.209Z"}
{"level":"info","message":"GET /api/prestadores/5 304 65.516 ms - -","timestamp":"2023-07-25T02:06:59.218Z"}
{"level":"info","message":"conexion - Conexión establecida","timestamp":"2023-07-25T02:06:59.784Z"}
{"level":"info","message":"GET /api/prestadores/5 304 41.293 ms - -","timestamp":"2023-07-25T02:06:59.795Z"}
{"level":"info","message":"conexion - Conexión establecida","timestamp":"2023-07-25T02:07:00.100Z"}
{"level":"info","message":"GET /api/prestadores/5 304 48.432 ms - -","timestamp":"2023-07-25T02:07:00.109Z"}
{"level":"info","message":"conexion - Conexión establecida","timestamp":"2023-07-25T02:07:00.706Z"}
{"level":"info","message":"GET /api/prestadores/5 304 32.901 ms - -","timestamp":"2023-07-25T02:07:00.714Z"}
{"level":"info","message":"conexion - Conexión establecida","timestamp":"2023-07-25T02:07:00.864Z"}
{"level":"info","message":"GET /api/prestadores/5 304 54.044 ms - -","timestamp":"2023-07-25T02:07:00.873Z"}
{"level":"info","message":"OPTIONS /api/prestadores/5 204 0.204 ms - 0","timestamp":"2023-07-25T02:07:01.650Z"}
{"level":"info","message":"conexion - Conexión establecida","timestamp":"2023-07-25T02:07:01.686Z"}
{"level":"info","message":"GET /api/prestadores/5 304 43.021 ms - -","timestamp":"2023-07-25T02:07:01.695Z"}
{"level":"info","message":"conexion - Conexión establecida","timestamp":"2023-07-25T02:07:02.132Z"}
{"level":"info","message":"GET /api/prestadores/5 304 63.380 ms - -","timestamp":"2023-07-25T02:07:02.142Z"}
{"level":"info","message":"conexion - Conexión establecida","timestamp":"2023-07-25T02:07:02.297Z"}
{"level":"info","message":"GET /api/prestadores/5 304 44.089 ms - -","timestamp":"2023-07-25T02:07:02.304Z"}
{"level":"info","message":"conexion - Conexión establecida","timestamp":"2023-07-25T02:07:02.363Z"}
{"level":"info","message":"GET /api/prestadores/5 304 48.402 ms - -","timestamp":"2023-07-25T02:07:02.371Z"}
{"level":"info","message":"conexion - Conexión establecida","timestamp":"2023-07-25T02:07:03.093Z"}
{"level":"info","message":"GET /api/prestadores/5 304 33.632 ms - -","timestamp":"2023-07-25T02:07:03.101Z"}
{"level":"info","message":"conexion - Conexión establecida","timestamp":"2023-07-25T02:07:03.406Z"}
{"level":"info","message":"GET /api/prestadores/5 304 42.311 ms - -","timestamp":"2023-07-25T02:07:03.414Z"}
{"level":"info","message":"conexion - Conexión establecida","timestamp":"2023-07-25T02:07:03.612Z"}
{"level":"info","message":"GET /api/prestadores/5 304 61.462 ms - -","timestamp":"2023-07-25T02:07:03.620Z"}
{"level":"info","message":"conexion - Conexión establecida","timestamp":"2023-07-25T02:07:03.843Z"}
{"level":"info","message":"GET /api/prestadores/5 304 56.333 ms - -","timestamp":"2023-07-25T02:07:03.851Z"}
{"level":"info","message":"conexion - Conexión establecida","timestamp":"2023-07-25T02:07:04.059Z"}
{"level":"info","message":"GET /api/prestadores/5 304 33.667 ms - -","timestamp":"2023-07-25T02:07:04.067Z"}
{"level":"info","message":"conexion - Conexión establecida","timestamp":"2023-07-25T02:07:04.250Z"}
{"level":"info","message":"GET /api/prestadores/5 304 57.049 ms - -","timestamp":"2023-07-25T02:07:04.259Z"}
{"level":"info","message":"conexion - Conexión establecida","timestamp":"2023-07-25T02:07:05.303Z"}
{"level":"info","message":"GET /api/prestadores/5 304 47.609 ms - -","timestamp":"2023-07-25T02:07:05.311Z"}
{"level":"info","message":"conexion - Conexión establecida","timestamp":"2023-07-25T02:07:05.537Z"}
{"level":"info","message":"GET /api/prestadores/5 304 62.943 ms - -","timestamp":"2023-07-25T02:07:05.547Z"}
{"level":"info","message":"conexion - Conexión establecida","timestamp":"2023-07-25T02:07:05.676Z"}
{"level":"info","message":"GET /api/prestadores/5 304 60.408 ms - -","timestamp":"2023-07-25T02:07:05.683Z"}
{"level":"info","message":"OPTIONS /api/prestadores-especialidades/5/4686/null 204 0.208 ms - 0","timestamp":"2023-07-25T02:07:07.084Z"}
{"level":"info","message":"conexion - Conexión establecida","timestamp":"2023-07-25T02:07:07.127Z"}
{"level":"info","message":"GET /api/prestadores-especialidades/5/4686/null 200 48.937 ms - 174","timestamp":"2023-07-25T02:07:07.138Z"}
{"level":"info","message":"OPTIONS /api/prestadores-especialidades/5/2454/null 204 0.195 ms - 0","timestamp":"2023-07-25T02:07:09.553Z"}
{"level":"info","message":"conexion - Conexión establecida","timestamp":"2023-07-25T02:07:09.597Z"}
{"level":"info","message":"GET /api/prestadores-especialidades/5/2454/null 200 47.713 ms - 170","timestamp":"2023-07-25T02:07:09.602Z"}
{"level":"info","message":"OPTIONS /api/horarios-profesionales/5/2454/12 204 0.127 ms - 0","timestamp":"2023-07-25T02:07:13.046Z"}
{"level":"info","message":"conexion - Conexión establecida","timestamp":"2023-07-25T02:07:13.077Z"}
{"level":"info","message":"GET /api/horarios-profesionales/5/2454/12 200 33.272 ms - 96","timestamp":"2023-07-25T02:07:13.083Z"}
{"level":"info","message":"OPTIONS /api/horarios-profesionales/5/2454/12 204 0.119 ms - 0","timestamp":"2023-07-25T02:08:45.203Z"}
{"level":"info","message":"conexion - Conexión establecida","timestamp":"2023-07-25T02:08:45.242Z"}
{"level":"info","message":"GET /api/horarios-profesionales/5/2454/12 304 40.109 ms - -","timestamp":"2023-07-25T02:08:45.244Z"}
{"level":"info","message":"OPTIONS /api/prestadores/5 204 0.116 ms - 0","timestamp":"2023-07-25T02:08:55.378Z"}
{"level":"info","message":"conexion - Conexión establecida","timestamp":"2023-07-25T02:08:55.434Z"}
{"level":"info","message":"GET /api/prestadores/5 304 61.174 ms - -","timestamp":"2023-07-25T02:08:55.442Z"}
{"level":"info","message":"conexion - Conexión establecida","timestamp":"2023-07-25T02:08:55.581Z"}
{"level":"info","message":"GET /api/prestadores/5 304 71.381 ms - -","timestamp":"2023-07-25T02:08:55.590Z"}
{"level":"info","message":"conexion - Conexión establecida","timestamp":"2023-07-25T02:08:55.713Z"}
{"level":"info","message":"GET /api/prestadores/5 304 50.915 ms - -","timestamp":"2023-07-25T02:08:55.721Z"}
{"level":"info","message":"conexion - Conexión establecida","timestamp":"2023-07-25T02:08:57.487Z"}
{"level":"info","message":"GET /api/prestadores/5 304 35.715 ms - -","timestamp":"2023-07-25T02:08:57.495Z"}
{"level":"info","message":"conexion - Conexión establecida","timestamp":"2023-07-25T02:08:57.615Z"}
{"level":"info","message":"GET /api/prestadores/5 304 35.961 ms - -","timestamp":"2023-07-25T02:08:57.623Z"}
{"level":"info","message":"OPTIONS /api/prestadores-especialidades/5/779/null 204 0.168 ms - 0","timestamp":"2023-07-25T02:08:58.854Z"}
{"level":"info","message":"conexion - Conexión establecida","timestamp":"2023-07-25T02:08:58.893Z"}
{"level":"info","message":"GET /api/prestadores-especialidades/5/779/null 304 41.416 ms - -","timestamp":"2023-07-25T02:08:58.896Z"}
{"level":"info","message":"OPTIONS /api/prestadores-especialidades/5/4853/null 204 0.115 ms - 0","timestamp":"2023-07-25T02:09:00.988Z"}
{"level":"info","message":"conexion - Conexión establecida","timestamp":"2023-07-25T02:09:01.037Z"}
{"level":"info","message":"GET /api/prestadores-especialidades/5/4853/null 200 54.469 ms - 153","timestamp":"2023-07-25T02:09:01.044Z"}
{"level":"info","message":"OPTIONS /api/horarios-profesionales/5/4853/88 204 0.105 ms - 0","timestamp":"2023-07-25T02:09:04.042Z"}
{"level":"info","message":"conexion - Conexión establecida","timestamp":"2023-07-25T02:09:04.075Z"}
{"level":"info","message":"GET /api/horarios-profesionales/5/4853/88 200 35.196 ms - 181","timestamp":"2023-07-25T02:09:04.082Z"}
{"level":"info","message":"OPTIONS /api/prestadores/5 204 0.159 ms - 0","timestamp":"2023-07-25T02:09:12.286Z"}
{"level":"info","message":"conexion - Conexión establecida","timestamp":"2023-07-25T02:09:12.343Z"}
{"level":"info","message":"GET /api/prestadores/5 304 64.574 ms - -","timestamp":"2023-07-25T02:09:12.352Z"}
{"level":"info","message":"conexion - Conexión establecida","timestamp":"2023-07-25T02:09:12.461Z"}
{"level":"info","message":"GET /api/prestadores/5 304 45.734 ms - -","timestamp":"2023-07-25T02:09:12.472Z"}
{"level":"info","message":"conexion - Conexión establecida","timestamp":"2023-07-25T02:09:13.518Z"}
{"level":"info","message":"GET /api/prestadores/5 304 54.902 ms - -","timestamp":"2023-07-25T02:09:13.527Z"}
{"level":"info","message":"conexion - Conexión establecida","timestamp":"2023-07-25T02:09:14.030Z"}
{"level":"info","message":"GET /api/prestadores/5 304 60.975 ms - -","timestamp":"2023-07-25T02:09:14.038Z"}
{"level":"info","message":"conexion - Conexión establecida","timestamp":"2023-07-25T02:09:15.087Z"}
{"level":"info","message":"GET /api/prestadores/5 304 59.568 ms - -","timestamp":"2023-07-25T02:09:15.095Z"}
{"level":"info","message":"conexion - Conexión establecida","timestamp":"2023-07-25T02:09:15.955Z"}
{"level":"info","message":"GET /api/prestadores/5 304 54.083 ms - -","timestamp":"2023-07-25T02:09:15.965Z"}
{"level":"info","message":"conexion - Conexión establecida","timestamp":"2023-07-25T02:09:16.074Z"}
{"level":"info","message":"GET /api/prestadores/5 304 56.817 ms - -","timestamp":"2023-07-25T02:09:16.082Z"}
{"level":"info","message":"conexion - Conexión establecida","timestamp":"2023-07-25T02:09:16.389Z"}
{"level":"info","message":"GET /api/prestadores/5 304 52.285 ms - -","timestamp":"2023-07-25T02:09:16.396Z"}
{"level":"info","message":"OPTIONS /api/especialidades/5 204 0.155 ms - 0","timestamp":"2023-07-25T02:09:55.164Z"}
{"level":"info","message":"conexion - Conexión establecida","timestamp":"2023-07-25T02:09:55.191Z"}
{"level":"info","message":"GET /api/especialidades/5 304 29.038 ms - -","timestamp":"2023-07-25T02:09:55.194Z"}
{"level":"info","message":"OPTIONS /api/prestadores-especialidades/5/null/4 204 0.122 ms - 0","timestamp":"2023-07-25T02:10:05.391Z"}
{"level":"info","message":"conexion - Conexión establecida","timestamp":"2023-07-25T02:10:05.419Z"}
{"level":"info","message":"GET /api/prestadores-especialidades/5/null/4 200 34.630 ms - 282","timestamp":"2023-07-25T02:10:05.427Z"}
{"level":"info","message":"OPTIONS /api/horarios-profesionales/5/183/4 204 0.077 ms - 0","timestamp":"2023-07-25T02:10:10.853Z"}
{"level":"info","message":"conexion - Conexión establecida","timestamp":"2023-07-25T02:10:10.892Z"}
{"level":"info","message":"GET /api/horarios-profesionales/5/183/4 304 42.083 ms - -","timestamp":"2023-07-25T02:10:10.898Z"}
{"level":"info","message":"OPTIONS /api/listar_slides?id_sucursal=5 204 0.111 ms - 0","timestamp":"2023-07-25T02:19:54.977Z"}
{"level":"info","message":"OPTIONS /api/listar_textInf/5 204 0.096 ms - 0","timestamp":"2023-07-25T02:19:54.978Z"}
{"level":"info","message":"GET /api/listar_slides?id_sucursal=5 304 7.248 ms - -","timestamp":"2023-07-25T02:19:54.991Z"}
{"level":"info","message":"conexion - Conexión establecida","timestamp":"2023-07-25T02:19:55.062Z"}
{"level":"info","message":"GET /api/listar_textInf/5 304 86.887 ms - -","timestamp":"2023-07-25T02:19:55.070Z"}
{"level":"info","message":"OPTIONS /api/listar_slides?id_sucursal=5 204 0.156 ms - 0","timestamp":"2023-07-25T02:30:34.736Z"}
{"level":"info","message":"OPTIONS /api/listar_textInf/5 204 0.104 ms - 0","timestamp":"2023-07-25T02:30:34.738Z"}
{"level":"info","message":"GET /api/listar_slides?id_sucursal=5 304 8.443 ms - -","timestamp":"2023-07-25T02:30:34.750Z"}
{"level":"info","message":"conexion - Conexión establecida","timestamp":"2023-07-25T02:30:34.806Z"}
{"level":"info","message":"GET /api/listar_textInf/5 304 78.511 ms - -","timestamp":"2023-07-25T02:30:34.820Z"}
