{"level":"info","message":"conexion - Conexión establecida","timestamp":"2023-07-08T14:08:13.392Z"}
{"level":"info","message":"OPTIONS /api/listar_textInf/5 204 1.556 ms - 0","timestamp":"2023-07-08T14:11:09.857Z"}
{"level":"info","message":"OPTIONS /api/listar_slides?id_sucursal=5 204 0.268 ms - 0","timestamp":"2023-07-08T14:11:09.871Z"}
{"level":"info","message":"GET /api/listar_slides?id_sucursal=5 304 13.245 ms - -","timestamp":"2023-07-08T14:11:09.905Z"}
{"level":"info","message":"conexion - Conexión establecida","timestamp":"2023-07-08T14:11:09.947Z"}
{"level":"info","message":"GET /api/listar_textInf/5 304 90.794 ms - -","timestamp":"2023-07-08T14:11:09.968Z"}
{"level":"info","message":"OPTIONS /api/prestadores/5 204 0.149 ms - 0","timestamp":"2023-07-08T14:11:19.660Z"}
{"level":"info","message":"conexion - Conexión establecida","timestamp":"2023-07-08T14:11:21.136Z"}
{"level":"info","message":"GET /api/prestadores/5 304 2436.089 ms - -","timestamp":"2023-07-08T14:11:22.101Z"}
{"level":"info","message":"conexion - Conexión establecida","timestamp":"2023-07-08T14:17:13.366Z"}
{"level":"info","message":"GET /api//prestadores-especialidades/5/183/null 200 1420.031 ms - 146","timestamp":"2023-07-08T14:17:13.398Z"}
{"level":"info","message":"OPTIONS /api/prestadores/5 204 0.135 ms - 0","timestamp":"2023-07-08T14:19:37.910Z"}
{"level":"info","message":"conexion - Conexión establecida","timestamp":"2023-07-08T14:19:37.938Z"}
{"level":"info","message":"GET /api/prestadores/5 304 38.181 ms - -","timestamp":"2023-07-08T14:19:37.950Z"}
{"level":"info","message":"OPTIONS /api/listar_slides?id_sucursal=5 204 0.159 ms - 0","timestamp":"2023-07-08T14:24:24.398Z"}
{"level":"info","message":"OPTIONS /api/listar_textInf/5 204 0.138 ms - 0","timestamp":"2023-07-08T14:24:24.401Z"}
{"level":"info","message":"GET /api/listar_slides?id_sucursal=5 304 5.560 ms - -","timestamp":"2023-07-08T14:24:24.410Z"}
{"level":"info","message":"conexion - Conexión establecida","timestamp":"2023-07-08T14:24:24.469Z"}
{"level":"info","message":"GET /api/listar_textInf/5 304 72.832 ms - -","timestamp":"2023-07-08T14:24:24.475Z"}
{"level":"info","message":"OPTIONS /api/prestadores/5 204 0.179 ms - 0","timestamp":"2023-07-08T14:24:29.863Z"}
{"level":"info","message":"conexion - Conexión establecida","timestamp":"2023-07-08T14:24:29.899Z"}
{"level":"info","message":"GET /api/prestadores/5 304 47.612 ms - -","timestamp":"2023-07-08T14:24:29.912Z"}
{"level":"info","message":"OPTIONS /api/prestadores/5 204 0.185 ms - 0","timestamp":"2023-07-08T14:41:33.460Z"}
{"level":"info","message":"OPTIONS /api/especialidades/5 204 0.986 ms - 0","timestamp":"2023-07-08T14:41:33.464Z"}
{"level":"info","message":"conexion - Conexión establecida","timestamp":"2023-07-08T14:41:33.497Z"}
{"level":"info","message":"GET /api/especialidades/5 200 38.367 ms - 594","timestamp":"2023-07-08T14:41:33.505Z"}
{"level":"info","message":"conexion - Conexión establecida","timestamp":"2023-07-08T14:41:33.514Z"}
{"level":"info","message":"GET /api/prestadores/5 304 64.388 ms - -","timestamp":"2023-07-08T14:41:33.527Z"}
{"level":"info","message":"OPTIONS /api/listar_slides?id_sucursal=5 204 0.997 ms - 0","timestamp":"2023-07-08T15:10:46.454Z"}
{"level":"info","message":"OPTIONS /api/listar_textInf/5 204 0.193 ms - 0","timestamp":"2023-07-08T15:10:46.456Z"}
{"level":"info","message":"GET /api/listar_slides?id_sucursal=5 304 12.660 ms - -","timestamp":"2023-07-08T15:10:46.470Z"}
{"level":"info","message":"conexion - Conexión establecida","timestamp":"2023-07-08T15:10:46.504Z"}
{"level":"info","message":"GET /api/listar_textInf/5 304 52.197 ms - -","timestamp":"2023-07-08T15:10:46.518Z"}
{"level":"info","message":"GET /api/listar_slides?id_sucursal=5 304 6.579 ms - -","timestamp":"2023-07-08T15:10:48.391Z"}
{"level":"info","message":"conexion - Conexión establecida","timestamp":"2023-07-08T15:10:48.424Z"}
{"level":"info","message":"GET /api/listar_textInf/5 304 37.250 ms - -","timestamp":"2023-07-08T15:10:48.438Z"}
{"level":"info","message":"OPTIONS /api/prestadores/5 204 0.171 ms - 0","timestamp":"2023-07-08T15:10:55.988Z"}
{"level":"info","message":"conexion - Conexión establecida","timestamp":"2023-07-08T15:10:56.031Z"}
{"level":"info","message":"GET /api/prestadores/5 304 49.465 ms - -","timestamp":"2023-07-08T15:10:56.039Z"}
{"level":"info","message":"OPTIONS /api/especialidades/5 204 0.146 ms - 0","timestamp":"2023-07-08T15:10:59.925Z"}
{"level":"info","message":"conexion - Conexión establecida","timestamp":"2023-07-08T15:10:59.969Z"}
{"level":"info","message":"GET /api/especialidades/5 304 47.378 ms - -","timestamp":"2023-07-08T15:10:59.973Z"}
{"level":"info","message":"OPTIONS /api/prestadores/5 204 0.193 ms - 0","timestamp":"2023-07-08T15:11:03.824Z"}
{"level":"info","message":"conexion - Conexión establecida","timestamp":"2023-07-08T15:11:03.863Z"}
{"level":"info","message":"GET /api/prestadores/5 304 45.729 ms - -","timestamp":"2023-07-08T15:11:03.871Z"}
{"level":"info","message":"OPTIONS /api/especialidades/5 204 0.428 ms - 0","timestamp":"2023-07-08T15:11:07.807Z"}
{"level":"info","message":"conexion - Conexión establecida","timestamp":"2023-07-08T15:11:07.848Z"}
{"level":"info","message":"GET /api/especialidades/5 304 44.051 ms - -","timestamp":"2023-07-08T15:11:07.852Z"}
{"level":"info","message":"OPTIONS /api/prestadores/5 204 0.191 ms - 0","timestamp":"2023-07-08T15:11:14.506Z"}
{"level":"info","message":"conexion - Conexión establecida","timestamp":"2023-07-08T15:11:14.559Z"}
{"level":"info","message":"GET /api/prestadores/5 304 61.545 ms - -","timestamp":"2023-07-08T15:11:14.569Z"}
{"level":"info","message":"OPTIONS /api/prestadores/5 204 0.248 ms - 0","timestamp":"2023-07-08T15:11:41.720Z"}
{"level":"info","message":"conexion - Conexión establecida","timestamp":"2023-07-08T15:11:41.752Z"}
{"level":"info","message":"GET /api/prestadores/5 304 40.882 ms - -","timestamp":"2023-07-08T15:11:41.762Z"}
{"level":"info","message":"OPTIONS /api/especialidades/5 204 0.155 ms - 0","timestamp":"2023-07-08T15:11:45.183Z"}
{"level":"info","message":"conexion - Conexión establecida","timestamp":"2023-07-08T15:11:45.214Z"}
{"level":"info","message":"GET /api/especialidades/5 304 34.080 ms - -","timestamp":"2023-07-08T15:11:45.218Z"}
{"level":"info","message":"OPTIONS /api/especialidades/5 204 0.129 ms - 0","timestamp":"2023-07-08T15:36:14.590Z"}
{"level":"info","message":"conexion - Conexión establecida","timestamp":"2023-07-08T15:36:14.615Z"}
{"level":"info","message":"GET /api/especialidades/5 304 28.359 ms - -","timestamp":"2023-07-08T15:36:14.621Z"}
{"level":"info","message":"OPTIONS /api/prestadores/5 204 0.115 ms - 0","timestamp":"2023-07-08T15:36:20.141Z"}
{"level":"info","message":"conexion - Conexión establecida","timestamp":"2023-07-08T15:36:20.165Z"}
{"level":"info","message":"GET /api/prestadores/5 304 30.797 ms - -","timestamp":"2023-07-08T15:36:20.173Z"}
{"level":"info","message":"OPTIONS /api/prestadores/5 204 0.102 ms - 0","timestamp":"2023-07-08T15:36:35.385Z"}
{"level":"info","message":"conexion - Conexión establecida","timestamp":"2023-07-08T15:36:35.431Z"}
{"level":"info","message":"GET /api/prestadores/5 304 52.240 ms - -","timestamp":"2023-07-08T15:36:35.439Z"}
{"level":"info","message":"conexion - Conexión establecida","timestamp":"2023-07-08T15:37:35.450Z"}
{"level":"info","message":"GET /api/especialidades/5 200 27.342 ms - 594","timestamp":"2023-07-08T15:37:35.453Z"}
{"level":"info","message":"conexion - Conexión establecida","timestamp":"2023-07-08T15:37:39.664Z"}
{"level":"info","message":"GET /api/especialidades/5 200 40.613 ms - 594","timestamp":"2023-07-08T15:37:39.672Z"}
{"level":"info","message":"conexion - Conexión establecida","timestamp":"2023-07-08T15:37:47.539Z"}
{"level":"info","message":"GET /api/prestadores/5 200 69.401 ms - 1201","timestamp":"2023-07-08T15:37:47.546Z"}
{"level":"info","message":"GET /api/prestadores/prestadores-especialidades/5/184/4 404 1.728 ms - 189","timestamp":"2023-07-08T15:47:43.440Z"}
{"level":"info","message":"conexion - Conexión establecida","timestamp":"2023-07-08T15:47:56.577Z"}
{"level":"info","message":"GET /api/prestadores/5 200 66.086 ms - 1201","timestamp":"2023-07-08T15:47:56.590Z"}
{"level":"info","message":"conexion - Conexión establecida","timestamp":"2023-07-08T15:48:32.837Z"}
{"level":"info","message":"GET /api//prestadores-especialidades/5/183/null 200 30.748 ms - 146","timestamp":"2023-07-08T15:48:32.842Z"}
{"level":"info","message":"OPTIONS /api/listar_slides?id_sucursal=5 204 0.288 ms - 0","timestamp":"2023-07-08T16:57:47.073Z"}
{"level":"info","message":"OPTIONS /api/listar_textInf/5 204 0.111 ms - 0","timestamp":"2023-07-08T16:57:47.075Z"}
{"level":"info","message":"GET /api/listar_slides?id_sucursal=5 304 6.594 ms - -","timestamp":"2023-07-08T16:57:47.083Z"}
{"level":"info","message":"conexion - Conexión establecida","timestamp":"2023-07-08T16:57:47.135Z"}
{"level":"info","message":"GET /api/listar_textInf/5 304 57.156 ms - -","timestamp":"2023-07-08T16:57:47.142Z"}
{"level":"info","message":"OPTIONS /api/prestadores/5 204 0.143 ms - 0","timestamp":"2023-07-08T16:57:56.594Z"}
{"level":"info","message":"conexion - Conexión establecida","timestamp":"2023-07-08T16:57:56.645Z"}
{"level":"info","message":"GET /api/prestadores/5 304 57.553 ms - -","timestamp":"2023-07-08T16:57:56.653Z"}
{"level":"info","message":"OPTIONS /api/prestadores/5 204 0.137 ms - 0","timestamp":"2023-07-08T17:01:43.346Z"}
{"level":"info","message":"conexion - Conexión establecida","timestamp":"2023-07-08T17:01:43.377Z"}
{"level":"info","message":"GET /api/prestadores/5 304 37.067 ms - -","timestamp":"2023-07-08T17:01:43.385Z"}
{"level":"info","message":"OPTIONS /api/prestadores/5/4480/null 204 0.123 ms - 0","timestamp":"2023-07-08T17:01:46.691Z"}
{"level":"info","message":"GET /api/prestadores/5/4480/null 404 1.039 ms - 166","timestamp":"2023-07-08T17:01:46.699Z"}
{"level":"info","message":"conexion - Conexión establecida","timestamp":"2023-07-08T17:02:48.652Z"}
{"level":"info","message":"GET /api/prestadores-especialidades/5/183/null 200 92.632 ms - 146","timestamp":"2023-07-08T17:02:48.658Z"}
{"level":"info","message":"OPTIONS /api/prestadores/5 204 0.144 ms - 0","timestamp":"2023-07-08T17:04:28.405Z"}
{"level":"info","message":"conexion - Conexión establecida","timestamp":"2023-07-08T17:04:28.438Z"}
{"level":"info","message":"GET /api/prestadores/5 304 40.265 ms - -","timestamp":"2023-07-08T17:04:28.449Z"}
{"level":"info","message":"OPTIONS /api/prestadores-especialidades/5/183/null 204 0.114 ms - 0","timestamp":"2023-07-08T17:04:31.472Z"}
{"level":"info","message":"conexion - Conexión establecida","timestamp":"2023-07-08T17:04:31.512Z"}
{"level":"info","message":"GET /api/prestadores-especialidades/5/183/null 200 39.632 ms - 146","timestamp":"2023-07-08T17:04:31.518Z"}
{"level":"info","message":"OPTIONS /api/prestadores/5 204 0.124 ms - 0","timestamp":"2023-07-08T17:06:17.032Z"}
{"level":"info","message":"conexion - Conexión establecida","timestamp":"2023-07-08T17:06:17.069Z"}
{"level":"info","message":"GET /api/prestadores/5 304 44.902 ms - -","timestamp":"2023-07-08T17:06:17.080Z"}
{"level":"info","message":"OPTIONS /api/prestadores-especialidades/5/183/null 204 0.911 ms - 0","timestamp":"2023-07-08T17:06:20.101Z"}
{"level":"info","message":"conexion - Conexión establecida","timestamp":"2023-07-08T17:06:20.143Z"}
{"level":"info","message":"GET /api/prestadores-especialidades/5/183/null 304 42.896 ms - -","timestamp":"2023-07-08T17:06:20.149Z"}
{"level":"info","message":"OPTIONS /api/prestadores/5 204 0.138 ms - 0","timestamp":"2023-07-08T17:30:47.923Z"}
{"level":"info","message":"conexion - Conexión establecida","timestamp":"2023-07-08T17:30:47.954Z"}
{"level":"info","message":"GET /api/prestadores/5 304 41.381 ms - -","timestamp":"2023-07-08T17:30:47.967Z"}
{"level":"info","message":"OPTIONS /api/prestadores-especialidades/5/4480/null 204 0.107 ms - 0","timestamp":"2023-07-08T17:30:50.497Z"}
{"level":"info","message":"conexion - Conexión establecida","timestamp":"2023-07-08T17:30:50.541Z"}
{"level":"info","message":"GET /api/prestadores-especialidades/5/4480/null 200 46.661 ms - 130","timestamp":"2023-07-08T17:30:50.548Z"}
{"level":"info","message":"OPTIONS /api/prestadores/5 204 0.133 ms - 0","timestamp":"2023-07-08T17:31:41.012Z"}
{"level":"info","message":"conexion - Conexión establecida","timestamp":"2023-07-08T17:31:41.041Z"}
{"level":"info","message":"GET /api/prestadores/5 304 34.958 ms - -","timestamp":"2023-07-08T17:31:41.049Z"}
{"level":"info","message":"OPTIONS /api/prestadores-especialidades/5/4480/null 204 0.113 ms - 0","timestamp":"2023-07-08T17:31:43.253Z"}
{"level":"info","message":"conexion - Conexión establecida","timestamp":"2023-07-08T17:31:43.307Z"}
{"level":"info","message":"GET /api/prestadores-especialidades/5/4480/null 304 56.424 ms - -","timestamp":"2023-07-08T17:31:43.312Z"}
{"level":"info","message":"OPTIONS /api/prestadores/5 204 0.089 ms - 0","timestamp":"2023-07-08T17:32:22.681Z"}
{"level":"info","message":"conexion - Conexión establecida","timestamp":"2023-07-08T17:32:22.710Z"}
{"level":"info","message":"GET /api/prestadores/5 304 35.881 ms - -","timestamp":"2023-07-08T17:32:22.718Z"}
{"level":"info","message":"OPTIONS /api/prestadores-especialidades/5/4480/null 204 0.126 ms - 0","timestamp":"2023-07-08T17:32:25.000Z"}
{"level":"info","message":"conexion - Conexión establecida","timestamp":"2023-07-08T17:32:25.058Z"}
{"level":"info","message":"GET /api/prestadores-especialidades/5/4480/null 304 58.228 ms - -","timestamp":"2023-07-08T17:32:25.064Z"}
{"level":"info","message":"OPTIONS /api/listar_slides?id_sucursal=5 204 0.157 ms - 0","timestamp":"2023-07-08T17:45:53.808Z"}
{"level":"info","message":"OPTIONS /api/listar_textInf/5 204 0.108 ms - 0","timestamp":"2023-07-08T17:45:53.826Z"}
{"level":"info","message":"GET /api/listar_slides?id_sucursal=5 304 26.942 ms - -","timestamp":"2023-07-08T17:45:53.880Z"}
{"level":"info","message":"conexion - Conexión establecida","timestamp":"2023-07-08T17:45:53.920Z"}
{"level":"info","message":"GET /api/listar_textInf/5 304 85.239 ms - -","timestamp":"2023-07-08T17:45:53.929Z"}
{"level":"info","message":"GET /api/listar_slides?id_sucursal=5 304 2.361 ms - -","timestamp":"2023-07-08T17:45:56.099Z"}
{"level":"info","message":"conexion - Conexión establecida","timestamp":"2023-07-08T17:45:56.149Z"}
{"level":"info","message":"GET /api/listar_textInf/5 304 86.044 ms - -","timestamp":"2023-07-08T17:45:56.192Z"}
{"level":"info","message":"OPTIONS /api/prestadores/5 204 0.211 ms - 0","timestamp":"2023-07-08T17:46:03.074Z"}
{"level":"info","message":"conexion - Conexión establecida","timestamp":"2023-07-08T17:46:03.125Z"}
{"level":"info","message":"GET /api/prestadores/5 304 58.792 ms - -","timestamp":"2023-07-08T17:46:03.134Z"}
{"level":"info","message":"OPTIONS /api/prestadores-especialidades/5/4480/null 204 0.198 ms - 0","timestamp":"2023-07-08T17:46:05.544Z"}
{"level":"info","message":"conexion - Conexión establecida","timestamp":"2023-07-08T17:46:05.586Z"}
{"level":"info","message":"GET /api/prestadores-especialidades/5/4480/null 304 44.286 ms - -","timestamp":"2023-07-08T17:46:05.591Z"}
{"level":"info","message":"OPTIONS /api/especialidades/5 204 0.096 ms - 0","timestamp":"2023-07-08T17:46:10.135Z"}
{"level":"info","message":"conexion - Conexión establecida","timestamp":"2023-07-08T17:46:10.168Z"}
{"level":"info","message":"GET /api/especialidades/5 304 37.098 ms - -","timestamp":"2023-07-08T17:46:10.178Z"}
{"level":"info","message":"OPTIONS /api/prestadores/5 204 0.115 ms - 0","timestamp":"2023-07-08T17:46:28.629Z"}
{"level":"info","message":"OPTIONS /api/prestadores-especialidades/5/4480/null 204 0.146 ms - 0","timestamp":"2023-07-08T17:46:28.631Z"}
{"level":"info","message":"conexion - Conexión establecida","timestamp":"2023-07-08T17:46:28.665Z"}
{"level":"info","message":"GET /api/prestadores/5 304 42.947 ms - -","timestamp":"2023-07-08T17:46:28.676Z"}
{"level":"info","message":"conexion - Conexión establecida","timestamp":"2023-07-08T17:46:28.680Z"}
{"level":"info","message":"GET /api/prestadores-especialidades/5/4480/null 304 55.058 ms - -","timestamp":"2023-07-08T17:46:28.690Z"}
{"level":"info","message":"OPTIONS /api/prestadores-especialidades/5/945/null 204 0.113 ms - 0","timestamp":"2023-07-08T17:46:32.150Z"}
{"level":"info","message":"conexion - Conexión establecida","timestamp":"2023-07-08T17:46:32.185Z"}
{"level":"info","message":"GET /api/prestadores-especialidades/5/945/null 200 38.809 ms - 139","timestamp":"2023-07-08T17:46:32.191Z"}
{"level":"info","message":"OPTIONS /api/especialidades/5 204 0.144 ms - 0","timestamp":"2023-07-08T17:46:37.302Z"}
{"level":"info","message":"conexion - Conexión establecida","timestamp":"2023-07-08T17:46:37.336Z"}
{"level":"info","message":"GET /api/especialidades/5 304 37.823 ms - -","timestamp":"2023-07-08T17:46:37.342Z"}
{"level":"info","message":"OPTIONS /api/prestadores/5 204 0.119 ms - 0","timestamp":"2023-07-08T17:46:39.622Z"}
{"level":"info","message":"OPTIONS /api/prestadores-especialidades/5/945/null 204 0.108 ms - 0","timestamp":"2023-07-08T17:46:39.624Z"}
{"level":"info","message":"conexion - Conexión establecida","timestamp":"2023-07-08T17:46:39.681Z"}
{"level":"info","message":"conexion - Conexión establecida","timestamp":"2023-07-08T17:46:39.685Z"}
{"level":"info","message":"GET /api/prestadores-especialidades/5/945/null 304 60.302 ms - -","timestamp":"2023-07-08T17:46:39.687Z"}
{"level":"info","message":"GET /api/prestadores/5 304 69.244 ms - -","timestamp":"2023-07-08T17:46:39.700Z"}
{"level":"info","message":"OPTIONS /api/especialidades/5 204 0.127 ms - 0","timestamp":"2023-07-08T17:49:23.795Z"}
{"level":"info","message":"conexion - Conexión establecida","timestamp":"2023-07-08T17:49:23.830Z"}
{"level":"info","message":"GET /api/especialidades/5 304 36.886 ms - -","timestamp":"2023-07-08T17:49:23.834Z"}
{"level":"info","message":"OPTIONS /api/prestadores-especialidades/5/null/7 204 0.083 ms - 0","timestamp":"2023-07-08T17:49:26.197Z"}
{"level":"info","message":"conexion - Conexión establecida","timestamp":"2023-07-08T17:49:26.238Z"}
{"level":"info","message":"GET /api/prestadores-especialidades/5/null/7 200 44.650 ms - 132","timestamp":"2023-07-08T17:49:26.243Z"}
{"level":"info","message":"OPTIONS /api/prestadores-especialidades/5/null/4 204 0.151 ms - 0","timestamp":"2023-07-08T17:49:29.833Z"}
{"level":"info","message":"conexion - Conexión establecida","timestamp":"2023-07-08T17:49:29.866Z"}
{"level":"info","message":"GET /api/prestadores-especialidades/5/null/4 200 37.799 ms - 282","timestamp":"2023-07-08T17:49:29.872Z"}
{"level":"info","message":"OPTIONS /api/prestadores-especialidades/5/null/12 204 0.126 ms - 0","timestamp":"2023-07-08T17:49:32.559Z"}
{"level":"info","message":"conexion - Conexión establecida","timestamp":"2023-07-08T17:49:32.597Z"}
{"level":"info","message":"GET /api/prestadores-especialidades/5/null/12 200 43.007 ms - 713","timestamp":"2023-07-08T17:49:32.606Z"}
{"level":"info","message":"OPTIONS /api/prestadores/5 204 0.119 ms - 0","timestamp":"2023-07-08T17:49:41.131Z"}
{"level":"info","message":"conexion - Conexión establecida","timestamp":"2023-07-08T17:49:41.179Z"}
{"level":"info","message":"GET /api/prestadores/5 304 55.897 ms - -","timestamp":"2023-07-08T17:49:41.189Z"}
{"level":"info","message":"OPTIONS /api/prestadores/5 204 0.147 ms - 0","timestamp":"2023-07-08T17:52:08.866Z"}
{"level":"info","message":"conexion - Conexión establecida","timestamp":"2023-07-08T17:52:08.903Z"}
{"level":"info","message":"GET /api/prestadores/5 304 43.838 ms - -","timestamp":"2023-07-08T17:52:08.911Z"}
{"level":"info","message":"OPTIONS /api/prestadores-especialidades/5/4480/null 204 0.116 ms - 0","timestamp":"2023-07-08T17:52:11.310Z"}
{"level":"info","message":"conexion - Conexión establecida","timestamp":"2023-07-08T17:52:11.352Z"}
{"level":"info","message":"GET /api/prestadores-especialidades/5/4480/null 304 43.608 ms - -","timestamp":"2023-07-08T17:52:11.359Z"}
{"level":"info","message":"OPTIONS /api/especialidades/5 204 0.117 ms - 0","timestamp":"2023-07-08T17:52:17.080Z"}
{"level":"info","message":"conexion - Conexión establecida","timestamp":"2023-07-08T17:52:17.117Z"}
{"level":"info","message":"GET /api/especialidades/5 304 38.832 ms - -","timestamp":"2023-07-08T17:52:17.121Z"}
{"level":"info","message":"OPTIONS /api/prestadores-especialidades/5/null/7 204 0.125 ms - 0","timestamp":"2023-07-08T17:52:19.423Z"}
{"level":"info","message":"conexion - Conexión establecida","timestamp":"2023-07-08T17:52:19.459Z"}
{"level":"info","message":"GET /api/prestadores-especialidades/5/null/7 304 41.531 ms - -","timestamp":"2023-07-08T17:52:19.467Z"}
{"level":"info","message":"OPTIONS /api/prestadores/5 204 0.185 ms - 0","timestamp":"2023-07-08T17:52:22.382Z"}
{"level":"info","message":"conexion - Conexión establecida","timestamp":"2023-07-08T17:52:22.444Z"}
{"level":"info","message":"GET /api/prestadores/5 304 67.604 ms - -","timestamp":"2023-07-08T17:52:22.452Z"}
{"level":"info","message":"OPTIONS /api/prestadores-especialidades/5/4686/null 204 0.120 ms - 0","timestamp":"2023-07-08T17:52:26.587Z"}
{"level":"info","message":"conexion - Conexión establecida","timestamp":"2023-07-08T17:52:26.635Z"}
{"level":"info","message":"GET /api/prestadores-especialidades/5/4686/null 200 52.712 ms - 174","timestamp":"2023-07-08T17:52:26.642Z"}
{"level":"info","message":"OPTIONS /api/especialidades/5 204 0.147 ms - 0","timestamp":"2023-07-08T17:52:32.160Z"}
{"level":"info","message":"conexion - Conexión establecida","timestamp":"2023-07-08T17:52:32.217Z"}
{"level":"info","message":"GET /api/especialidades/5 304 57.137 ms - -","timestamp":"2023-07-08T17:52:32.220Z"}
{"level":"info","message":"OPTIONS /api/prestadores-especialidades/5/null/38 204 0.108 ms - 0","timestamp":"2023-07-08T17:52:34.321Z"}
{"level":"info","message":"conexion - Conexión establecida","timestamp":"2023-07-08T17:52:34.355Z"}
{"level":"info","message":"GET /api/prestadores-especialidades/5/null/38 200 36.746 ms - 130","timestamp":"2023-07-08T17:52:34.360Z"}
{"level":"info","message":"OPTIONS /api/prestadores/5 204 0.132 ms - 0","timestamp":"2023-07-08T17:55:55.539Z"}
{"level":"info","message":"conexion - Conexión establecida","timestamp":"2023-07-08T17:55:55.592Z"}
{"level":"info","message":"GET /api/prestadores/5 304 59.562 ms - -","timestamp":"2023-07-08T17:55:55.600Z"}
{"level":"info","message":"OPTIONS /api/prestadores-especialidades/5/4480/null 204 0.133 ms - 0","timestamp":"2023-07-08T17:55:58.271Z"}
{"level":"info","message":"conexion - Conexión establecida","timestamp":"2023-07-08T17:55:58.298Z"}
{"level":"info","message":"GET /api/prestadores-especialidades/5/4480/null 304 33.587 ms - -","timestamp":"2023-07-08T17:55:58.307Z"}
{"level":"info","message":"OPTIONS /api/prestadores/5 204 0.150 ms - 0","timestamp":"2023-07-08T17:57:19.599Z"}
{"level":"info","message":"conexion - Conexión establecida","timestamp":"2023-07-08T17:57:19.631Z"}
{"level":"info","message":"GET /api/prestadores/5 304 38.849 ms - -","timestamp":"2023-07-08T17:57:19.640Z"}
{"level":"info","message":"OPTIONS /api/especialidades/5 204 0.184 ms - 0","timestamp":"2023-07-08T17:57:22.301Z"}
{"level":"info","message":"conexion - Conexión establecida","timestamp":"2023-07-08T17:57:22.347Z"}
{"level":"info","message":"GET /api/especialidades/5 304 48.203 ms - -","timestamp":"2023-07-08T17:57:22.352Z"}
{"level":"info","message":"OPTIONS /api/prestadores-especialidades/5/null/13 204 0.120 ms - 0","timestamp":"2023-07-08T17:57:24.138Z"}
{"level":"info","message":"conexion - Conexión establecida","timestamp":"2023-07-08T17:57:24.174Z"}
{"level":"info","message":"GET /api/prestadores-especialidades/5/null/13 200 40.673 ms - 148","timestamp":"2023-07-08T17:57:24.181Z"}
{"level":"info","message":"OPTIONS /api/prestadores-especialidades/5/null/7 204 0.122 ms - 0","timestamp":"2023-07-08T17:58:10.822Z"}
{"level":"info","message":"conexion - Conexión establecida","timestamp":"2023-07-08T17:58:10.882Z"}
{"level":"info","message":"GET /api/prestadores-especialidades/5/null/7 304 61.224 ms - -","timestamp":"2023-07-08T17:58:10.894Z"}
{"level":"info","message":"OPTIONS /api/prestadores-especialidades/5/null/17 204 0.124 ms - 0","timestamp":"2023-07-08T17:58:13.969Z"}
{"level":"info","message":"conexion - Conexión establecida","timestamp":"2023-07-08T17:58:14.041Z"}
{"level":"info","message":"GET /api/prestadores-especialidades/5/null/17 200 77.500 ms - 156","timestamp":"2023-07-08T17:58:14.049Z"}
{"level":"info","message":"OPTIONS /api/prestadores-especialidades/5/null/55 204 0.125 ms - 0","timestamp":"2023-07-08T17:58:17.517Z"}
{"level":"info","message":"conexion - Conexión establecida","timestamp":"2023-07-08T17:58:17.547Z"}
{"level":"info","message":"GET /api/prestadores-especialidades/5/null/55 200 33.677 ms - 180","timestamp":"2023-07-08T17:58:17.553Z"}
{"level":"info","message":"OPTIONS /api/prestadores-especialidades/5/null/7 204 0.254 ms - 0","timestamp":"2023-07-08T17:58:20.840Z"}
{"level":"info","message":"conexion - Conexión establecida","timestamp":"2023-07-08T17:58:20.874Z"}
{"level":"info","message":"GET /api/prestadores-especialidades/5/null/7 304 35.324 ms - -","timestamp":"2023-07-08T17:58:20.880Z"}
{"level":"info","message":"OPTIONS /api/prestadores/5 204 0.108 ms - 0","timestamp":"2023-07-08T18:00:50.985Z"}
{"level":"info","message":"conexion - Conexión establecida","timestamp":"2023-07-08T18:00:51.029Z"}
{"level":"info","message":"GET /api/prestadores/5 304 51.057 ms - -","timestamp":"2023-07-08T18:00:51.038Z"}
{"level":"info","message":"OPTIONS /api/prestadores-especialidades/5/4480/null 204 0.146 ms - 0","timestamp":"2023-07-08T18:00:52.937Z"}
{"level":"info","message":"conexion - Conexión establecida","timestamp":"2023-07-08T18:00:52.982Z"}
{"level":"info","message":"GET /api/prestadores-especialidades/5/4480/null 304 45.479 ms - -","timestamp":"2023-07-08T18:00:52.992Z"}
{"level":"info","message":"OPTIONS /api/prestadores/5 204 0.124 ms - 0","timestamp":"2023-07-08T18:01:30.108Z"}
{"level":"info","message":"conexion - Conexión establecida","timestamp":"2023-07-08T18:01:30.155Z"}
{"level":"info","message":"GET /api/prestadores/5 304 53.412 ms - -","timestamp":"2023-07-08T18:01:30.163Z"}
{"level":"info","message":"OPTIONS /api/prestadores-especialidades/5/945/null 204 0.118 ms - 0","timestamp":"2023-07-08T18:01:31.963Z"}
{"level":"info","message":"conexion - Conexión establecida","timestamp":"2023-07-08T18:01:32.000Z"}
{"level":"info","message":"GET /api/prestadores-especialidades/5/945/null 304 43.411 ms - -","timestamp":"2023-07-08T18:01:32.013Z"}
{"level":"info","message":"OPTIONS /api/especialidades/5 204 0.110 ms - 0","timestamp":"2023-07-08T18:01:43.789Z"}
{"level":"info","message":"conexion - Conexión establecida","timestamp":"2023-07-08T18:01:43.847Z"}
{"level":"info","message":"GET /api/especialidades/5 304 60.655 ms - -","timestamp":"2023-07-08T18:01:43.851Z"}
{"level":"info","message":"OPTIONS /api/prestadores-especialidades/5/null/12 204 0.115 ms - 0","timestamp":"2023-07-08T18:01:45.604Z"}
{"level":"info","message":"conexion - Conexión establecida","timestamp":"2023-07-08T18:01:45.637Z"}
{"level":"info","message":"GET /api/prestadores-especialidades/5/null/12 304 40.758 ms - -","timestamp":"2023-07-08T18:01:45.647Z"}
{"level":"info","message":"OPTIONS /api/especialidades/5 204 0.246 ms - 0","timestamp":"2023-07-08T18:01:53.479Z"}
{"level":"info","message":"conexion - Conexión establecida","timestamp":"2023-07-08T18:01:53.522Z"}
{"level":"info","message":"GET /api/especialidades/5 304 45.870 ms - -","timestamp":"2023-07-08T18:01:53.526Z"}
{"level":"info","message":"OPTIONS /api/prestadores/5 204 0.180 ms - 0","timestamp":"2023-07-08T18:01:56.929Z"}
{"level":"info","message":"conexion - Conexión establecida","timestamp":"2023-07-08T18:01:56.959Z"}
{"level":"info","message":"GET /api/prestadores/5 304 36.530 ms - -","timestamp":"2023-07-08T18:01:56.968Z"}
{"level":"info","message":"OPTIONS /api/prestadores-especialidades/5/945/null 204 0.869 ms - 0","timestamp":"2023-07-08T18:01:58.940Z"}
{"level":"info","message":"conexion - Conexión establecida","timestamp":"2023-07-08T18:01:58.978Z"}
{"level":"info","message":"GET /api/prestadores-especialidades/5/945/null 304 38.594 ms - -","timestamp":"2023-07-08T18:01:58.983Z"}
{"level":"info","message":"OPTIONS /api/listar_slides?id_sucursal=5 204 0.069 ms - 0","timestamp":"2023-07-08T18:02:08.683Z"}
{"level":"info","message":"OPTIONS /api/listar_textInf/5 204 0.111 ms - 0","timestamp":"2023-07-08T18:02:08.684Z"}
{"level":"info","message":"GET /api/listar_slides?id_sucursal=5 304 4.605 ms - -","timestamp":"2023-07-08T18:02:08.691Z"}
{"level":"info","message":"conexion - Conexión establecida","timestamp":"2023-07-08T18:02:08.722Z"}
{"level":"info","message":"GET /api/listar_textInf/5 304 52.801 ms - -","timestamp":"2023-07-08T18:02:08.740Z"}
{"level":"info","message":"OPTIONS /api/especialidades/5 204 0.111 ms - 0","timestamp":"2023-07-08T18:02:16.002Z"}
{"level":"info","message":"conexion - Conexión establecida","timestamp":"2023-07-08T18:02:16.034Z"}
{"level":"info","message":"GET /api/especialidades/5 304 33.642 ms - -","timestamp":"2023-07-08T18:02:16.037Z"}
{"level":"info","message":"OPTIONS /api/prestadores-especialidades/5/null/13 204 0.118 ms - 0","timestamp":"2023-07-08T18:02:18.038Z"}
{"level":"info","message":"conexion - Conexión establecida","timestamp":"2023-07-08T18:02:18.085Z"}
{"level":"info","message":"GET /api/prestadores-especialidades/5/null/13 304 46.483 ms - -","timestamp":"2023-07-08T18:02:18.092Z"}
{"level":"info","message":"OPTIONS /api/prestadores-especialidades/5/null/7 204 0.108 ms - 0","timestamp":"2023-07-08T18:02:29.716Z"}
{"level":"info","message":"conexion - Conexión establecida","timestamp":"2023-07-08T18:02:29.761Z"}
{"level":"info","message":"GET /api/prestadores-especialidades/5/null/7 304 47.400 ms - -","timestamp":"2023-07-08T18:02:29.766Z"}
{"level":"info","message":"OPTIONS /api/prestadores/5 204 0.142 ms - 0","timestamp":"2023-07-08T18:02:34.939Z"}
{"level":"info","message":"conexion - Conexión establecida","timestamp":"2023-07-08T18:02:34.985Z"}
{"level":"info","message":"GET /api/prestadores/5 304 62.655 ms - -","timestamp":"2023-07-08T18:02:35.003Z"}
{"level":"info","message":"OPTIONS /api/prestadores-especialidades/5/2495/null 204 0.147 ms - 0","timestamp":"2023-07-08T20:20:58.566Z"}
{"level":"info","message":"conexion - Conexión establecida","timestamp":"2023-07-08T20:20:58.598Z"}
{"level":"info","message":"GET /api/prestadores-especialidades/5/2495/null 200 34.843 ms - 168","timestamp":"2023-07-08T20:20:58.603Z"}
{"level":"info","message":"OPTIONS /api/prestadores/5 204 0.129 ms - 0","timestamp":"2023-07-08T20:21:56.570Z"}
{"level":"info","message":"conexion - Conexión establecida","timestamp":"2023-07-08T20:21:56.600Z"}
{"level":"info","message":"GET /api/prestadores/5 304 36.741 ms - -","timestamp":"2023-07-08T20:21:56.608Z"}
{"level":"info","message":"OPTIONS /api/prestadores-especialidades/5/4480/null 204 0.128 ms - 0","timestamp":"2023-07-08T20:21:58.507Z"}
{"level":"info","message":"conexion - Conexión establecida","timestamp":"2023-07-08T20:21:58.537Z"}
{"level":"info","message":"GET /api/prestadores-especialidades/5/4480/null 304 34.348 ms - -","timestamp":"2023-07-08T20:21:58.543Z"}
{"level":"info","message":"OPTIONS /api/listar_slides?id_sucursal=5 204 0.169 ms - 0","timestamp":"2023-07-08T20:22:43.647Z"}
{"level":"info","message":"OPTIONS /api/listar_textInf/5 204 0.098 ms - 0","timestamp":"2023-07-08T20:22:43.649Z"}
{"level":"info","message":"GET /api/listar_slides?id_sucursal=5 304 6.563 ms - -","timestamp":"2023-07-08T20:22:43.658Z"}
{"level":"info","message":"conexion - Conexión establecida","timestamp":"2023-07-08T20:22:43.687Z"}
{"level":"info","message":"GET /api/listar_textInf/5 304 40.841 ms - -","timestamp":"2023-07-08T20:22:43.694Z"}
{"level":"info","message":"OPTIONS /api/listar_slides?id_sucursal=5 204 0.120 ms - 0","timestamp":"2023-07-08T20:23:54.837Z"}
{"level":"info","message":"OPTIONS /api/listar_textInf/5 204 0.088 ms - 0","timestamp":"2023-07-08T20:23:54.838Z"}
{"level":"info","message":"GET /api/listar_slides?id_sucursal=5 304 1.978 ms - -","timestamp":"2023-07-08T20:23:54.842Z"}
{"level":"info","message":"conexion - Conexión establecida","timestamp":"2023-07-08T20:23:54.869Z"}
{"level":"info","message":"GET /api/listar_textInf/5 304 35.616 ms - -","timestamp":"2023-07-08T20:23:54.877Z"}
{"level":"info","message":"OPTIONS /api/prestadores/5 204 0.136 ms - 0","timestamp":"2023-07-08T20:24:16.990Z"}
{"level":"info","message":"conexion - Conexión establecida","timestamp":"2023-07-08T20:24:17.037Z"}
{"level":"info","message":"GET /api/prestadores/5 304 59.017 ms - -","timestamp":"2023-07-08T20:24:17.050Z"}
{"level":"info","message":"OPTIONS /api/prestadores-especialidades/5/779/null 204 0.130 ms - 0","timestamp":"2023-07-08T20:24:20.239Z"}
{"level":"info","message":"conexion - Conexión establecida","timestamp":"2023-07-08T20:24:20.288Z"}
{"level":"info","message":"GET /api/prestadores-especialidades/5/779/null 200 50.728 ms - 156","timestamp":"2023-07-08T20:24:20.292Z"}
{"level":"info","message":"OPTIONS /api/listar_slides?id_sucursal=5 204 0.141 ms - 0","timestamp":"2023-07-08T20:38:12.636Z"}
{"level":"info","message":"OPTIONS /api/listar_textInf/5 204 0.110 ms - 0","timestamp":"2023-07-08T20:38:12.637Z"}
{"level":"info","message":"GET /api/listar_slides?id_sucursal=5 304 1.534 ms - -","timestamp":"2023-07-08T20:38:12.640Z"}
{"level":"info","message":"conexion - Conexión establecida","timestamp":"2023-07-08T20:38:12.668Z"}
{"level":"info","message":"GET /api/listar_textInf/5 304 34.743 ms - -","timestamp":"2023-07-08T20:38:12.674Z"}
{"level":"info","message":"conexion - Conexión establecida","timestamp":"2023-07-08T20:56:01.874Z"}
{"level":"info","message":"GET /api/horarios-profesionales/5/183/4 200 59.609 ms - 99","timestamp":"2023-07-08T20:56:01.881Z"}
